
a.elf:     file format elf32-avr

Sections:
Idx Name          Size      VMA       LMA       File off  Algn
  0 .data         00000000  00800100  000000be  00000152  2**0
                  CONTENTS, ALLOC, LOAD, DATA
  1 .text         000000be  00000000  00000000  00000094  2**1
                  CONTENTS, ALLOC, LOAD, READONLY, CODE
  2 .bss          000000fe  00800100  00800100  00000152  2**0
                  ALLOC
  3 .stab         000006cc  00000000  00000000  00000154  2**2
                  CONTENTS, READONLY, DEBUGGING
  4 .stabstr      00000054  00000000  00000000  00000820  2**0
                  CONTENTS, READONLY, DEBUGGING
  5 .comment      00000011  00000000  00000000  00000874  2**0
                  CONTENTS, READONLY

Disassembly of section .text:

00000000 <__vectors>:
   0:	0c 94 34 00 	jmp	0x68	; 0x68 <__ctors_end>
   4:	0c 94 46 00 	jmp	0x8c	; 0x8c <__bad_interrupt>
   8:	0c 94 46 00 	jmp	0x8c	; 0x8c <__bad_interrupt>
   c:	0c 94 46 00 	jmp	0x8c	; 0x8c <__bad_interrupt>
  10:	0c 94 46 00 	jmp	0x8c	; 0x8c <__bad_interrupt>
  14:	0c 94 46 00 	jmp	0x8c	; 0x8c <__bad_interrupt>
  18:	0c 94 46 00 	jmp	0x8c	; 0x8c <__bad_interrupt>
  1c:	0c 94 46 00 	jmp	0x8c	; 0x8c <__bad_interrupt>
  20:	0c 94 46 00 	jmp	0x8c	; 0x8c <__bad_interrupt>
  24:	0c 94 46 00 	jmp	0x8c	; 0x8c <__bad_interrupt>
  28:	0c 94 46 00 	jmp	0x8c	; 0x8c <__bad_interrupt>
  2c:	0c 94 46 00 	jmp	0x8c	; 0x8c <__bad_interrupt>
  30:	0c 94 46 00 	jmp	0x8c	; 0x8c <__bad_interrupt>
  34:	0c 94 46 00 	jmp	0x8c	; 0x8c <__bad_interrupt>
  38:	0c 94 46 00 	jmp	0x8c	; 0x8c <__bad_interrupt>
  3c:	0c 94 46 00 	jmp	0x8c	; 0x8c <__bad_interrupt>
  40:	0c 94 46 00 	jmp	0x8c	; 0x8c <__bad_interrupt>
  44:	0c 94 46 00 	jmp	0x8c	; 0x8c <__bad_interrupt>
  48:	0c 94 46 00 	jmp	0x8c	; 0x8c <__bad_interrupt>
  4c:	0c 94 46 00 	jmp	0x8c	; 0x8c <__bad_interrupt>
  50:	0c 94 46 00 	jmp	0x8c	; 0x8c <__bad_interrupt>
  54:	0c 94 46 00 	jmp	0x8c	; 0x8c <__bad_interrupt>
  58:	0c 94 46 00 	jmp	0x8c	; 0x8c <__bad_interrupt>
  5c:	0c 94 46 00 	jmp	0x8c	; 0x8c <__bad_interrupt>
  60:	0c 94 46 00 	jmp	0x8c	; 0x8c <__bad_interrupt>
  64:	0c 94 46 00 	jmp	0x8c	; 0x8c <__bad_interrupt>

00000068 <__ctors_end>:
  68:	11 24       	eor	r1, r1
  6a:	1f be       	out	0x3f, r1	; 63
  6c:	cf ef       	ldi	r28, 0xFF	; 255
  6e:	d8 e0       	ldi	r29, 0x08	; 8
  70:	de bf       	out	0x3e, r29	; 62
  72:	cd bf       	out	0x3d, r28	; 61

00000074 <__do_clear_bss>:
  74:	11 e0       	ldi	r17, 0x01	; 1
  76:	a0 e0       	ldi	r26, 0x00	; 0
  78:	b1 e0       	ldi	r27, 0x01	; 1
  7a:	01 c0       	rjmp	.+2      	; 0x7e <.do_clear_bss_start>

0000007c <.do_clear_bss_loop>:
  7c:	1d 92       	st	X+, r1

0000007e <.do_clear_bss_start>:
  7e:	ae 3f       	cpi	r26, 0xFE	; 254
  80:	b1 07       	cpc	r27, r17
  82:	e1 f7       	brne	.-8      	; 0x7c <.do_clear_bss_loop>
  84:	0e 94 48 00 	call	0x90	; 0x90 <main>
  88:	0c 94 5d 00 	jmp	0xba	; 0xba <_exit>

0000008c <__bad_interrupt>:
  8c:	0c 94 00 00 	jmp	0	; 0x0 <__vectors>

00000090 <main>:
  90:	e0 e0       	ldi	r30, 0x00	; 0
  92:	f1 e0       	ldi	r31, 0x01	; 1
  94:	80 e0       	ldi	r24, 0x00	; 0
  96:	90 e0       	ldi	r25, 0x00	; 0
  98:	81 93       	st	Z+, r24
  9a:	91 93       	st	Z+, r25
  9c:	80 96       	adiw	r24, 0x20	; 32
  9e:	81 15       	cp	r24, r1
  a0:	20 e1       	ldi	r18, 0x10	; 16
  a2:	92 07       	cpc	r25, r18
  a4:	c9 f7       	brne	.-14     	; 0x98 <main+0x8>
  a6:	8f ef       	ldi	r24, 0xFF	; 255
  a8:	94 e3       	ldi	r25, 0x34	; 52
  aa:	2c e0       	ldi	r18, 0x0C	; 12
  ac:	81 50       	subi	r24, 0x01	; 1
  ae:	90 40       	sbci	r25, 0x00	; 0
  b0:	20 40       	sbci	r18, 0x00	; 0
  b2:	e1 f7       	brne	.-8      	; 0xac <main+0x1c>
  b4:	00 c0       	rjmp	.+0      	; 0xb6 <main+0x26>
  b6:	00 00       	nop
  b8:	f6 cf       	rjmp	.-20     	; 0xa6 <main+0x16>

000000ba <_exit>:
  ba:	f8 94       	cli

000000bc <__stop_program>:
  bc:	ff cf       	rjmp	.-2      	; 0xbc <__stop_program>
