Removed Pin From Net: NetName=NetJ1_7 Pin=U1-1
Removed Pin From Net: NetName=NetJ1_7 Pin=U1-2
Removed Pin From Net: NetName=NetJ1_6 Pin=U1-8
Removed Pin From Net: NetName=NetJ1_6 Pin=U1-9
Change Component Library : Designator=J1 Old Library=GARY.IntLib New Library=Gary_Module.SchLib
Added Pin To Net: NetName=+12 Pin=J1-20
Added Pin To Net: NetName=-12 Pin=J1-21
Added Pin To Net: NetName=GND Pin=J1-22
Added Pin To Net: NetName=GND Pin=J1-23
Added Pin To Net: NetName=+5 Pin=J1-24
Added Pin To Net: NetName=+12 Pin=J1-25
Added Pin To Net: NetName=-12 Pin=J1-26
Added Pin To Net: NetName=NetJ1_3 Pin=J1-27
Added Pin To Net: NetName=GND Pin=J1-28
Added Pin To Net: NetName=NetJ1_5 Pin=J1-29
Added Pin To Net: NetName=NetJ1_6 Pin=J1-30
Added Pin To Net: NetName=NetJ1_7 Pin=J1-31
Added Pin To Net: NetName=NetJ1_8 Pin=J1-32
Added Pin To Net: NetName=NetJ1_9 Pin=J1-33
Added Pin To Net: NetName=NetJ1_10 Pin=J1-34
Added Pin To Net: NetName=NetJ1_11 Pin=J1-35
Added Pin To Net: NetName=NetD1_2 Pin=J1-36
Added Pin To Net: NetName=NetD2_2 Pin=J1-37
Added Pin To Net: NetName=NetD3_2 Pin=J1-38
Added Pin To Net: NetName=NetD4_2 Pin=J1-39
Added Pin To Net: NetName=NetD5_2 Pin=J1-40
Added Pin To Net: NetName=NetD6_2 Pin=J1-41
Added Pin To Net: NetName=NetD7_2 Pin=J1-42
Added Pin To Net: NetName=NetD8_2 Pin=J1-43
Added Pin To Net: NetName=+12 Pin=J1-44
Added Pin To Net: NetName=-12 Pin=J1-45
Added Pin To Net: NetName=GND Pin=J1-46
Added Pin To Net: NetName=GND Pin=J1-47
Added Pin To Net: NetName=NetJ1_6 Pin=U1-1
Added Pin To Net: NetName=NetJ1_6 Pin=U1-2
Added Pin To Net: NetName=NetJ1_7 Pin=U1-8
Added Pin To Net: NetName=NetJ1_7 Pin=U1-9
