Change Net Name : Old Net Name=CV_0_A New Net Name=NetD1_2
Change Net Name : Old Net Name=CV_0_B New Net Name=NetD2_2
Change Net Name : Old Net Name=CV_1_A New Net Name=NetD3_2
Change Net Name : Old Net Name=CV_1_B New Net Name=NetD4_2
Change Net Name : Old Net Name=CV_2_A New Net Name=NetD5_2
Change Net Name : Old Net Name=CV_2_B New Net Name=NetD6_2
Change Net Name : Old Net Name=CV_3_A New Net Name=NetD7_2
Change Net Name : Old Net Name=CV_3_B New Net Name=NetD8_2
Added Pin To Net: NetName=NetJ1_3 Pin=J1-3
Added Pin To Net: NetName=NetJ1_3 Pin=U11-2
Added Net: Name=NetJ1_3
Added Pin To Net: NetName=NetJ1_5 Pin=J1-5
Added Pin To Net: NetName=NetJ1_5 Pin=U2-1
Added Pin To Net: NetName=NetJ1_5 Pin=U2-2
Added Net: Name=NetJ1_5
Added Pin To Net: NetName=NetJ1_6 Pin=J1-6
Added Pin To Net: NetName=NetJ1_6 Pin=U1-8
Added Pin To Net: NetName=NetJ1_6 Pin=U1-9
Added Net: Name=NetJ1_6
Added Pin To Net: NetName=NetJ1_7 Pin=J1-7
Added Pin To Net: NetName=NetJ1_7 Pin=U1-1
Added Pin To Net: NetName=NetJ1_7 Pin=U1-2
Added Net: Name=NetJ1_7
Added Pin To Net: NetName=NetJ1_8 Pin=J1-8
Added Net: Name=NetJ1_8
Added Pin To Net: NetName=NetJ1_9 Pin=J1-9
Added Net: Name=NetJ1_9
Added Pin To Net: NetName=NetJ1_10 Pin=J1-10
Added Net: Name=NetJ1_10
Added Pin To Net: NetName=NetJ1_11 Pin=J1-11
Added Net: Name=NetJ1_11
