Added Component: Designator=C1(RAD-0.3)
Added Component: Designator=C1(RAD-0.3)
Added Component: Designator=C1(RAD-0.3)
Added Component: Designator=C1(RAD-0.3)
Added Component: Designator=C2(RAD-0.3)
Added Component: Designator=C2(RAD-0.3)
Added Component: Designator=C2(RAD-0.3)
Added Component: Designator=C2(RAD-0.3)
Added Component: Designator=C3(RAD-0.3)
Added Component: Designator=C3(RAD-0.3)
Added Component: Designator=C3(RAD-0.3)
Added Component: Designator=C3(RAD-0.3)
Added Component: Designator=C4(RAD-0.3)
Added Component: Designator=C4(RAD-0.3)
Added Component: Designator=C4(RAD-0.3)
Added Component: Designator=C4(RAD-0.3)
Added Component: Designator=C5(RAD-0.3)
Added Component: Designator=C5(RAD-0.3)
Added Component: Designator=C5(RAD-0.3)
Added Component: Designator=C5(RAD-0.3)
Added Component: Designator=C6(RAD-0.3)
Added Component: Designator=C6(RAD-0.3)
Added Component: Designator=C6(RAD-0.3)
Added Component: Designator=C6(RAD-0.3)
Added Component: Designator=C7(RAD-0.3)
Added Component: Designator=C7(RAD-0.3)
Added Component: Designator=C7(RAD-0.3)
Added Component: Designator=C7(RAD-0.3)
Added Component: Designator=C8(RAD-0.3)
Added Component: Designator=C8(RAD-0.3)
Added Component: Designator=C8(RAD-0.3)
Added Component: Designator=C8(RAD-0.3)
Added Component: Designator=C9(RAD-0.3)
Added Component: Designator=C9(RAD-0.3)
Added Component: Designator=C9(RAD-0.3)
Added Component: Designator=C9(RAD-0.3)
Added Component: Designator=C10(RAD-0.3)
Added Component: Designator=C10(RAD-0.3)
Added Component: Designator=C10(RAD-0.3)
Added Component: Designator=C10(RAD-0.3)
Added Component: Designator=C11(RAD-0.3)
Added Component: Designator=C12(RAD-0.3)
Added Component: Designator=D1(DIODE-0.4)
Added Component: Designator=D1(DIODE-0.4)
Added Component: Designator=D1(DIODE-0.4)
Added Component: Designator=D1(DIODE-0.4)
Added Component: Designator=D2(DIODE-0.4)
Added Component: Designator=D2(DIODE-0.4)
Added Component: Designator=D2(DIODE-0.4)
Added Component: Designator=D2(DIODE-0.4)
Added Component: Designator=D3(LED-5MM-GREEN)
Added Component: Designator=K1(JMPR2)
Added Component: Designator=K1(JMPR2)
Added Component: Designator=K1(JMPR2)
Added Component: Designator=K1(JMPR2)
Added Component: Designator=K2(JMPR2)
Added Component: Designator=K3(HEADER-2X3)
Added Component: Designator=R1(AXIAL-0.3)
Added Component: Designator=R1(AXIAL-0.3)
Added Component: Designator=R1(AXIAL-0.3)
Added Component: Designator=R1(AXIAL-0.3)
Added Component: Designator=R2(AXIAL-0.3)
Added Component: Designator=R2(AXIAL-0.3)
Added Component: Designator=R2(AXIAL-0.3)
Added Component: Designator=R2(AXIAL-0.3)
Added Component: Designator=R3(AXIAL-0.3)
Added Component: Designator=R3(AXIAL-0.3)
Added Component: Designator=R3(AXIAL-0.3)
Added Component: Designator=R3(AXIAL-0.3)
Added Component: Designator=R4(3362 TrimPot)
Added Component: Designator=R4(3362 TrimPot)
Added Component: Designator=R4(3362 TrimPot)
Added Component: Designator=R4(3362 TrimPot)
Added Component: Designator=R5(AXIAL-0.3)
Added Component: Designator=R5(AXIAL-0.3)
Added Component: Designator=R5(AXIAL-0.3)
Added Component: Designator=R5(AXIAL-0.3)
Added Component: Designator=R6(AXIAL-0.3)
Added Component: Designator=R6(AXIAL-0.3)
Added Component: Designator=R6(AXIAL-0.3)
Added Component: Designator=R6(AXIAL-0.3)
Added Component: Designator=R7(AXIAL-0.3)
Added Component: Designator=R7(AXIAL-0.3)
Added Component: Designator=R7(AXIAL-0.3)
Added Component: Designator=R7(AXIAL-0.3)
Added Component: Designator=R8(AXIAL-0.3)
Added Component: Designator=R8(AXIAL-0.3)
Added Component: Designator=R8(AXIAL-0.3)
Added Component: Designator=R8(AXIAL-0.3)
Added Component: Designator=R9(3362 TrimPot)
Added Component: Designator=R9(3362 TrimPot)
Added Component: Designator=R9(3362 TrimPot)
Added Component: Designator=R9(3362 TrimPot)
Added Component: Designator=R10(AXIAL-0.3)
Added Component: Designator=R11(AXIAL-0.3)
Added Component: Designator=S1(SPST-2)
Added Component: Designator=S1(SPST-2)
Added Component: Designator=S1(SPST-2)
Added Component: Designator=S1(SPST-2)
Added Component: Designator=S2(SPST-2)
Added Component: Designator=S2(SPST-2)
Added Component: Designator=S2(SPST-2)
Added Component: Designator=S2(SPST-2)
Added Component: Designator=U1(J14A)
Added Component: Designator=U1(J14A)
Added Component: Designator=U1(J14A)
Added Component: Designator=U1(J14A)
Added Component: Designator=U2(PDIP300-P14)
Added Component: Designator=U2(PDIP300-P14)
Added Component: Designator=U2(PDIP300-P14)
Added Component: Designator=U2(PDIP300-P14)
Added Component: Designator=U3(J14A)
Added Component: Designator=U4(J14A)
Added Pin To Net: NetName=+5 Pin=C7-2
Added Pin To Net: NetName=+5 Pin=C7-2
Added Pin To Net: NetName=+5 Pin=C7-2
Added Pin To Net: NetName=+5 Pin=C7-2
Added Pin To Net: NetName=+5 Pin=C8-2
Added Pin To Net: NetName=+5 Pin=C8-2
Added Pin To Net: NetName=+5 Pin=C8-2
Added Pin To Net: NetName=+5 Pin=C8-2
Added Pin To Net: NetName=+5 Pin=C9-2
Added Pin To Net: NetName=+5 Pin=C9-2
Added Pin To Net: NetName=+5 Pin=C9-2
Added Pin To Net: NetName=+5 Pin=C9-2
Added Pin To Net: NetName=+5 Pin=C10-2
Added Pin To Net: NetName=+5 Pin=C10-2
Added Pin To Net: NetName=+5 Pin=C10-2
Added Pin To Net: NetName=+5 Pin=C10-2
Added Pin To Net: NetName=+5 Pin=C11-2
Added Pin To Net: NetName=+5 Pin=C12-2
Added Pin To Net: NetName=+5 Pin=K3-2
Added Pin To Net: NetName=+5 Pin=R7-2
Added Pin To Net: NetName=+5 Pin=R7-2
Added Pin To Net: NetName=+5 Pin=R7-2
Added Pin To Net: NetName=+5 Pin=R7-2
Added Pin To Net: NetName=+5 Pin=R10-2
Added Pin To Net: NetName=+5 Pin=U2-1
Added Pin To Net: NetName=+5 Pin=U2-1
Added Pin To Net: NetName=+5 Pin=U2-1
Added Pin To Net: NetName=+5 Pin=U2-1
Added Pin To Net: NetName=+5 Pin=U2-11
Added Pin To Net: NetName=+5 Pin=U2-11
Added Pin To Net: NetName=+5 Pin=U2-11
Added Pin To Net: NetName=+5 Pin=U2-11
Added Pin To Net: NetName=+5 Pin=U2-13
Added Pin To Net: NetName=+5 Pin=U2-13
Added Pin To Net: NetName=+5 Pin=U2-13
Added Pin To Net: NetName=+5 Pin=U2-13
Added Net: Name=+5
Added Pin To Net: NetName=+12 Pin=C1-2
Added Pin To Net: NetName=+12 Pin=C1-2
Added Pin To Net: NetName=+12 Pin=C1-2
Added Pin To Net: NetName=+12 Pin=C1-2
Added Pin To Net: NetName=+12 Pin=C2-2
Added Pin To Net: NetName=+12 Pin=C2-2
Added Pin To Net: NetName=+12 Pin=C2-2
Added Pin To Net: NetName=+12 Pin=C2-2
Added Pin To Net: NetName=+12 Pin=U1-4
Added Pin To Net: NetName=+12 Pin=U1-4
Added Pin To Net: NetName=+12 Pin=U1-4
Added Pin To Net: NetName=+12 Pin=U1-4
Added Pin To Net: NetName=+12 Pin=U3-4
Added Pin To Net: NetName=+12 Pin=U4-4
Added Net: Name=+12
Added Pin To Net: NetName=-12 Pin=C3-2
Added Pin To Net: NetName=-12 Pin=C3-2
Added Pin To Net: NetName=-12 Pin=C3-2
Added Pin To Net: NetName=-12 Pin=C3-2
Added Pin To Net: NetName=-12 Pin=C4-2
Added Pin To Net: NetName=-12 Pin=C4-2
Added Pin To Net: NetName=-12 Pin=C4-2
Added Pin To Net: NetName=-12 Pin=C4-2
Added Pin To Net: NetName=-12 Pin=U1-11
Added Pin To Net: NetName=-12 Pin=U1-11
Added Pin To Net: NetName=-12 Pin=U1-11
Added Pin To Net: NetName=-12 Pin=U1-11
Added Pin To Net: NetName=-12 Pin=U3-11
Added Pin To Net: NetName=-12 Pin=U4-11
Added Net: Name=-12
Added Net: Name=C\S\
Added Pin To Net: NetName=CV_0_CS Pin=U2-3
Added Net: Name=CV_0_CS
Added Pin To Net: NetName=GATE_0 Pin=U4-3
Added Net: Name=GATE_0
Added Pin To Net: NetName=GATE_1 Pin=U4-10
Added Net: Name=GATE_1
Added Net: Name=GATE
Added Pin To Net: NetName=GND Pin=C1-1
Added Pin To Net: NetName=GND Pin=C1-1
Added Pin To Net: NetName=GND Pin=C1-1
Added Pin To Net: NetName=GND Pin=C1-1
Added Pin To Net: NetName=GND Pin=C2-1
Added Pin To Net: NetName=GND Pin=C2-1
Added Pin To Net: NetName=GND Pin=C2-1
Added Pin To Net: NetName=GND Pin=C2-1
Added Pin To Net: NetName=GND Pin=C3-1
Added Pin To Net: NetName=GND Pin=C3-1
Added Pin To Net: NetName=GND Pin=C3-1
Added Pin To Net: NetName=GND Pin=C3-1
Added Pin To Net: NetName=GND Pin=C4-1
Added Pin To Net: NetName=GND Pin=C4-1
Added Pin To Net: NetName=GND Pin=C4-1
Added Pin To Net: NetName=GND Pin=C4-1
Added Pin To Net: NetName=GND Pin=C5-1
Added Pin To Net: NetName=GND Pin=C5-1
Added Pin To Net: NetName=GND Pin=C5-1
Added Pin To Net: NetName=GND Pin=C5-1
Added Pin To Net: NetName=GND Pin=C6-1
Added Pin To Net: NetName=GND Pin=C6-1
Added Pin To Net: NetName=GND Pin=C6-1
Added Pin To Net: NetName=GND Pin=C6-1
Added Pin To Net: NetName=GND Pin=C7-1
Added Pin To Net: NetName=GND Pin=C7-1
Added Pin To Net: NetName=GND Pin=C7-1
Added Pin To Net: NetName=GND Pin=C7-1
Added Pin To Net: NetName=GND Pin=C8-1
Added Pin To Net: NetName=GND Pin=C8-1
Added Pin To Net: NetName=GND Pin=C8-1
Added Pin To Net: NetName=GND Pin=C8-1
Added Pin To Net: NetName=GND Pin=C9-1
Added Pin To Net: NetName=GND Pin=C9-1
Added Pin To Net: NetName=GND Pin=C9-1
Added Pin To Net: NetName=GND Pin=C9-1
Added Pin To Net: NetName=GND Pin=C10-1
Added Pin To Net: NetName=GND Pin=C10-1
Added Pin To Net: NetName=GND Pin=C10-1
Added Pin To Net: NetName=GND Pin=C10-1
Added Pin To Net: NetName=GND Pin=C11-1
Added Pin To Net: NetName=GND Pin=C12-1
Added Pin To Net: NetName=GND Pin=D1-1
Added Pin To Net: NetName=GND Pin=D1-1
Added Pin To Net: NetName=GND Pin=D1-1
Added Pin To Net: NetName=GND Pin=D1-1
Added Pin To Net: NetName=GND Pin=D2-1
Added Pin To Net: NetName=GND Pin=D2-1
Added Pin To Net: NetName=GND Pin=D2-1
Added Pin To Net: NetName=GND Pin=D2-1
Added Pin To Net: NetName=GND Pin=D3-K
Added Pin To Net: NetName=GND Pin=K1-1
Added Pin To Net: NetName=GND Pin=K1-1
Added Pin To Net: NetName=GND Pin=K1-1
Added Pin To Net: NetName=GND Pin=K1-1
Added Pin To Net: NetName=GND Pin=K2-1
Added Pin To Net: NetName=GND Pin=K3-6
Added Pin To Net: NetName=GND Pin=R1-2
Added Pin To Net: NetName=GND Pin=R1-2
Added Pin To Net: NetName=GND Pin=R1-2
Added Pin To Net: NetName=GND Pin=R1-2
Added Pin To Net: NetName=GND Pin=R5-2
Added Pin To Net: NetName=GND Pin=R5-2
Added Pin To Net: NetName=GND Pin=R5-2
Added Pin To Net: NetName=GND Pin=R5-2
Added Pin To Net: NetName=GND Pin=U2-8
Added Pin To Net: NetName=GND Pin=U2-8
Added Pin To Net: NetName=GND Pin=U2-8
Added Pin To Net: NetName=GND Pin=U2-8
Added Pin To Net: NetName=GND Pin=U2-12
Added Pin To Net: NetName=GND Pin=U2-12
Added Pin To Net: NetName=GND Pin=U2-12
Added Pin To Net: NetName=GND Pin=U2-12
Added Net: Name=GND
Added Pin To Net: NetName=GPIO_0 Pin=U3-5
Added Net: Name=GPIO_0
Added Pin To Net: NetName=GPIO_1 Pin=U3-12
Added Net: Name=GPIO_1
Added Pin To Net: NetName=GPIO_2 Pin=U4-5
Added Net: Name=GPIO_2
Added Pin To Net: NetName=GPIO_3 Pin=U4-12
Added Net: Name=GPIO_3
Added Pin To Net: NetName=MISO Pin=K3-1
Added Net: Name=MISO
Added Pin To Net: NetName=MOSI Pin=K3-4
Added Pin To Net: NetName=MOSI Pin=U2-5
Added Pin To Net: NetName=MOSI Pin=U2-5
Added Pin To Net: NetName=MOSI Pin=U2-5
Added Pin To Net: NetName=MOSI Pin=U2-5
Added Net: Name=MOSI
Added Pin To Net: NetName=NetC5_2 Pin=C5-2
Added Pin To Net: NetName=NetC5_2 Pin=R3-1
Added Pin To Net: NetName=NetC5_2 Pin=S1-2
Added Pin To Net: NetName=NetC5_2 Pin=U1-5
Added Net: Name=NetC5_2
Added Pin To Net: NetName=NetC6_2 Pin=C6-2
Added Pin To Net: NetName=NetC6_2 Pin=R8-1
Added Pin To Net: NetName=NetC6_2 Pin=S2-2
Added Pin To Net: NetName=NetC6_2 Pin=U1-10
Added Net: Name=NetC6_2
Added Pin To Net: NetName=NetD1_2 Pin=D1-2
Added Pin To Net: NetName=NetD1_2 Pin=R2-1
Added Pin To Net: NetName=NetD1_2 Pin=U1-7
Added Net: Name=NetD1_2
Added Pin To Net: NetName=NetD2_2 Pin=D2-2
Added Pin To Net: NetName=NetD2_2 Pin=R6-1
Added Pin To Net: NetName=NetD2_2 Pin=U1-8
Added Net: Name=NetD2_2
Added Pin To Net: NetName=NetD3_A Pin=D3-A
Added Pin To Net: NetName=NetD3_A Pin=R11-1
Added Net: Name=NetD3_A
Added Pin To Net: NetName=NetK1_2 Pin=K1-2
Added Pin To Net: NetName=NetK1_2 Pin=R7-1
Added Pin To Net: NetName=NetK1_2 Pin=U2-9
Added Net: Name=NetK1_2
Added Pin To Net: NetName=NetR1_1 Pin=R1-1
Added Pin To Net: NetName=NetR1_1 Pin=R2-2
Added Pin To Net: NetName=NetR1_1 Pin=U1-6
Added Net: Name=NetR1_1
Added Pin To Net: NetName=NetR3_2 Pin=R3-2
Added Pin To Net: NetName=NetR3_2 Pin=R4-1
Added Pin To Net: NetName=NetR3_2 Pin=R4-2
Added Net: Name=NetR3_2
Added Pin To Net: NetName=NetR4_0 Pin=R4-0
Added Pin To Net: NetName=NetR4_0 Pin=S1-1
Added Pin To Net: NetName=NetR4_0 Pin=U1-1
Added Pin To Net: NetName=NetR4_0 Pin=U1-2
Added Net: Name=NetR4_0
Added Pin To Net: NetName=NetR5_1 Pin=R5-1
Added Pin To Net: NetName=NetR5_1 Pin=R6-2
Added Pin To Net: NetName=NetR5_1 Pin=U1-9
Added Net: Name=NetR5_1
Added Pin To Net: NetName=NetR8_2 Pin=R8-2
Added Pin To Net: NetName=NetR8_2 Pin=R9-1
Added Pin To Net: NetName=NetR8_2 Pin=R9-2
Added Net: Name=NetR8_2
Added Pin To Net: NetName=NetR9_0 Pin=R9-0
Added Pin To Net: NetName=NetR9_0 Pin=S2-1
Added Pin To Net: NetName=NetR9_0 Pin=U1-13
Added Pin To Net: NetName=NetR9_0 Pin=U1-14
Added Net: Name=NetR9_0
Added Pin To Net: NetName=NetR11_2 Pin=R11-2
Added Net: Name=NetR11_2
Added Pin To Net: NetName=NetU1_3 Pin=U1-3
Added Pin To Net: NetName=NetU1_3 Pin=U2-14
Added Net: Name=NetU1_3
Added Pin To Net: NetName=NetU1_12 Pin=U1-12
Added Pin To Net: NetName=NetU1_12 Pin=U2-10
Added Net: Name=NetU1_12
Added Pin To Net: NetName=NetU3_1 Pin=U3-1
Added Pin To Net: NetName=NetU3_1 Pin=U3-2
Added Net: Name=NetU3_1
Added Pin To Net: NetName=NetU3_6 Pin=U3-6
Added Pin To Net: NetName=NetU3_6 Pin=U3-7
Added Net: Name=NetU3_6
Added Pin To Net: NetName=NetU3_8 Pin=U3-8
Added Pin To Net: NetName=NetU3_8 Pin=U3-9
Added Net: Name=NetU3_8
Added Pin To Net: NetName=NetU3_13 Pin=U3-13
Added Pin To Net: NetName=NetU3_13 Pin=U3-14
Added Net: Name=NetU3_13
Added Pin To Net: NetName=NetU4_1 Pin=U4-1
Added Pin To Net: NetName=NetU4_1 Pin=U4-2
Added Net: Name=NetU4_1
Added Pin To Net: NetName=NetU4_6 Pin=U4-6
Added Pin To Net: NetName=NetU4_6 Pin=U4-7
Added Net: Name=NetU4_6
Added Pin To Net: NetName=NetU4_8 Pin=U4-8
Added Pin To Net: NetName=NetU4_8 Pin=U4-9
Added Net: Name=NetU4_8
Added Pin To Net: NetName=NetU4_13 Pin=U4-13
Added Pin To Net: NetName=NetU4_13 Pin=U4-14
Added Net: Name=NetU4_13
Added Net: Name=NetU5_2
Added Pin To Net: NetName=PWM_0 Pin=U3-3
Added Net: Name=PWM_0
Added Pin To Net: NetName=PWM_1 Pin=U3-10
Added Net: Name=PWM_1
Added Pin To Net: NetName=RST Pin=K2-2
Added Pin To Net: NetName=RST Pin=K3-5
Added Pin To Net: NetName=RST Pin=R10-1
Added Net: Name=RST
Added Pin To Net: NetName=SCK Pin=K3-3
Added Pin To Net: NetName=SCK Pin=U2-4
Added Pin To Net: NetName=SCK Pin=U2-4
Added Pin To Net: NetName=SCK Pin=U2-4
Added Pin To Net: NetName=SCK Pin=U2-4
Added Net: Name=SCK
Added Class: Name=Current Buffer
Added Class: Name=Digital-Analog Converter_0
Added Class: Name=Digital-Analog Converter_1
Added Class: Name=Digital-Analog Converter_2
Added Class: Name=Digital-Analog Converter_3
Added Class: Name=S?
Added Class: Name=DAC
Added Room: Name=Current Buffer
Added Room: Name=Digital-Analog Converter_0
Added Room: Name=Digital-Analog Converter_1
Added Room: Name=Digital-Analog Converter_2
Added Room: Name=Digital-Analog Converter_3
Added Room: Name=S?
