Removed Pin From Net: NetName=NetD1_2 Pin=J1-12
Removed Pin From Net: NetName=NetD2_2 Pin=J1-13
Removed Pin From Net: NetName=NetD3_2 Pin=J1-14
Removed Pin From Net: NetName=NetD4_2 Pin=J1-15
Removed Pin From Net: NetName=NetD5_2 Pin=J1-16
Removed Pin From Net: NetName=NetD6_2 Pin=J1-17
Removed Pin From Net: NetName=+5 Pin=J1-24
Removed Pin From Net: NetName=+12 Pin=J1-25
Removed Pin From Net: NetName=-12 Pin=J1-26
Removed Pin From Net: NetName=NetJ1_3 Pin=J1-27
Removed Pin From Net: NetName=GND Pin=J1-28
Removed Pin From Net: NetName=NetJ1_5 Pin=J1-29
Removed Pin From Net: NetName=NetD1_2 Pin=J1-36
Removed Pin From Net: NetName=NetD2_2 Pin=J1-37
Removed Pin From Net: NetName=NetD3_2 Pin=J1-38
Removed Pin From Net: NetName=NetD4_2 Pin=J1-39
Removed Pin From Net: NetName=NetD5_2 Pin=J1-40
Removed Pin From Net: NetName=NetD6_2 Pin=J1-41
Removed Pin From Net: NetName=NetD7_2 Pin=J1-42
Removed Pin From Net: NetName=NetD8_2 Pin=J1-43
Removed Pin From Net: NetName=+12 Pin=J1-44
Removed Pin From Net: NetName=-12 Pin=J1-45
Removed Pin From Net: NetName=GND Pin=J1-46
Removed Pin From Net: NetName=GND Pin=J1-47
Change Component Footprint: Designator=J1 Old Footprint= New Footprint=MIDI-CV CONVERTER MODULE
Added Pin To Net: NetName=NetU1_1 Pin=U1-1
Added Pin To Net: NetName=NetU1_1 Pin=U1-2
Added Net: Name=NetU1_1
Added Pin To Net: NetName=NetU1_8 Pin=U1-8
Added Pin To Net: NetName=NetU1_8 Pin=U1-9
Added Net: Name=NetU1_8
