Change Component Physical Designator: Old Designator=C1 New Designator=C11
Change Component Physical Designator: Old Designator=C1 New Designator=C21
Change Component Physical Designator: Old Designator=C1 New Designator=C31
Change Component Physical Designator: Old Designator=C2 New Designator=C12
Change Component Physical Designator: Old Designator=C2 New Designator=C22
Change Component Physical Designator: Old Designator=C2 New Designator=C32
Change Component Physical Designator: Old Designator=C3 New Designator=C13
Change Component Physical Designator: Old Designator=C3 New Designator=C23
Change Component Physical Designator: Old Designator=C3 New Designator=C33
Change Component Physical Designator: Old Designator=C4 New Designator=C14
Change Component Physical Designator: Old Designator=C4 New Designator=C24
Change Component Physical Designator: Old Designator=C4 New Designator=C34
Change Component Physical Designator: Old Designator=C5 New Designator=C15
Change Component Physical Designator: Old Designator=C5 New Designator=C25
Change Component Physical Designator: Old Designator=C5 New Designator=C35
Change Component Physical Designator: Old Designator=C6 New Designator=C16
Change Component Physical Designator: Old Designator=C6 New Designator=C26
Change Component Physical Designator: Old Designator=C6 New Designator=C36
Change Component Physical Designator: Old Designator=C7 New Designator=C17
Change Component Physical Designator: Old Designator=C7 New Designator=C27
Change Component Physical Designator: Old Designator=C7 New Designator=C37
Change Component Physical Designator: Old Designator=C8 New Designator=C18
Change Component Physical Designator: Old Designator=C8 New Designator=C28
Change Component Physical Designator: Old Designator=C8 New Designator=C38
Change Component Physical Designator: Old Designator=C9 New Designator=C19
Change Component Physical Designator: Old Designator=C9 New Designator=C29
Change Component Physical Designator: Old Designator=C9 New Designator=C39
Change Component Physical Designator: Old Designator=C10 New Designator=C20
Change Component Physical Designator: Old Designator=C10 New Designator=C30
Change Component Physical Designator: Old Designator=C10 New Designator=C40
Change Component Physical Designator: Old Designator=C11 New Designator=C41
Change Component Physical Designator: Old Designator=C12 New Designator=C42
Change Component Physical Designator: Old Designator=D1 New Designator=D3
Change Component Physical Designator: Old Designator=D1 New Designator=D5
Change Component Physical Designator: Old Designator=D1 New Designator=D7
Change Component Physical Designator: Old Designator=D2 New Designator=D4
Change Component Physical Designator: Old Designator=D2 New Designator=D6
Change Component Physical Designator: Old Designator=D2 New Designator=D8
Change Component Physical Designator: Old Designator=D3 New Designator=D9
Change Component Physical Designator: Old Designator=K1 New Designator=K2
Change Component Physical Designator: Old Designator=K1 New Designator=K3
Change Component Physical Designator: Old Designator=K1 New Designator=K4
Change Component Physical Designator: Old Designator=K2 New Designator=K5
Change Component Physical Designator: Old Designator=K3 New Designator=K6
Change Component Physical Designator: Old Designator=R1 New Designator=R10
Change Component Physical Designator: Old Designator=R1 New Designator=R19
Change Component Physical Designator: Old Designator=R1 New Designator=R28
Change Component Physical Designator: Old Designator=R2 New Designator=R11
Change Component Physical Designator: Old Designator=R2 New Designator=R20
Change Component Physical Designator: Old Designator=R2 New Designator=R29
Change Component Physical Designator: Old Designator=R3 New Designator=R4
Change Component Physical Designator: Old Designator=R3 New Designator=R13
Change Component Physical Designator: Old Designator=R3 New Designator=R22
Change Component Physical Designator: Old Designator=R3 New Designator=R31
Change Component Physical Designator: Old Designator=R4 New Designator=R3
Change Component Physical Designator: Old Designator=R4 New Designator=R12
Change Component Physical Designator: Old Designator=R4 New Designator=R21
Change Component Physical Designator: Old Designator=R4 New Designator=R30
Change Component Physical Designator: Old Designator=R5 New Designator=R14
Change Component Physical Designator: Old Designator=R5 New Designator=R23
Change Component Physical Designator: Old Designator=R5 New Designator=R32
Change Component Physical Designator: Old Designator=R6 New Designator=R15
Change Component Physical Designator: Old Designator=R6 New Designator=R24
Change Component Physical Designator: Old Designator=R6 New Designator=R33
Change Component Physical Designator: Old Designator=R7 New Designator=R16
Change Component Physical Designator: Old Designator=R7 New Designator=R25
Change Component Physical Designator: Old Designator=R7 New Designator=R34
Change Component Physical Designator: Old Designator=R8 New Designator=R9
Change Component Physical Designator: Old Designator=R8 New Designator=R18
Change Component Physical Designator: Old Designator=R8 New Designator=R27
Change Component Physical Designator: Old Designator=R8 New Designator=R36
Change Component Physical Designator: Old Designator=R9 New Designator=R8
Change Component Physical Designator: Old Designator=R9 New Designator=R17
Change Component Physical Designator: Old Designator=R9 New Designator=R26
Change Component Physical Designator: Old Designator=R9 New Designator=R35
Change Component Physical Designator: Old Designator=R10 New Designator=R37
Change Component Physical Designator: Old Designator=R11 New Designator=R38
Change Component Physical Designator: Old Designator=S1 New Designator=S3
Change Component Physical Designator: Old Designator=S1 New Designator=S5
Change Component Physical Designator: Old Designator=S1 New Designator=S7
Change Component Physical Designator: Old Designator=S2 New Designator=S4
Change Component Physical Designator: Old Designator=S2 New Designator=S6
Change Component Physical Designator: Old Designator=S2 New Designator=S8
Change Component Physical Designator: Old Designator=U1 New Designator=U3
Change Component Physical Designator: Old Designator=U1 New Designator=U5
Change Component Physical Designator: Old Designator=U1 New Designator=U7
Change Component Physical Designator: Old Designator=U1 New Designator=U9
Change Component Physical Designator: Old Designator=U1 New Designator=U3
Change Component Physical Designator: Old Designator=U1 New Designator=U5
Change Component Physical Designator: Old Designator=U1 New Designator=U7
Change Component Physical Designator: Old Designator=U1 New Designator=U9
Change Component Physical Designator: Old Designator=U1 New Designator=U3
Change Component Physical Designator: Old Designator=U1 New Designator=U5
Change Component Physical Designator: Old Designator=U1 New Designator=U7
Change Component Physical Designator: Old Designator=U1 New Designator=U9
Change Component Physical Designator: Old Designator=U1 New Designator=U3
Change Component Physical Designator: Old Designator=U1 New Designator=U5
Change Component Physical Designator: Old Designator=U1 New Designator=U7
Change Component Physical Designator: Old Designator=U1 New Designator=U9
Change Component Physical Designator: Old Designator=U2 New Designator=U4
Change Component Physical Designator: Old Designator=U2 New Designator=U6
Change Component Physical Designator: Old Designator=U2 New Designator=U8
Change Component Physical Designator: Old Designator=U2 New Designator=U10
Change Component Physical Designator: Old Designator=U3 New Designator=U1
Change Component Physical Designator: Old Designator=U3 New Designator=U1
Change Component Physical Designator: Old Designator=U3 New Designator=U1
Change Component Physical Designator: Old Designator=U3 New Designator=U1
Change Component Physical Designator: Old Designator=U4 New Designator=U2
Change Component Physical Designator: Old Designator=U4 New Designator=U2
Change Component Physical Designator: Old Designator=U4 New Designator=U2
Change Component Physical Designator: Old Designator=U4 New Designator=U2
Change Component Physical Designator: Old Designator=U5 New Designator=U11
