Removed Member From Class: ClassName=Digital-Analog Converter_1 Member=C1
Removed Member From Class: ClassName=Digital-Analog Converter_2 Member=C1
Removed Member From Class: ClassName=Digital-Analog Converter_3 Member=C1
Removed Member From Class: ClassName=Digital-Analog Converter_1 Member=C2
Removed Member From Class: ClassName=Digital-Analog Converter_2 Member=C2
Removed Member From Class: ClassName=Digital-Analog Converter_3 Member=C2
Removed Member From Class: ClassName=Digital-Analog Converter_1 Member=C3
Removed Member From Class: ClassName=Digital-Analog Converter_2 Member=C3
Removed Member From Class: ClassName=Digital-Analog Converter_3 Member=C3
Removed Member From Class: ClassName=Digital-Analog Converter_1 Member=C4
Removed Member From Class: ClassName=Digital-Analog Converter_2 Member=C4
Removed Member From Class: ClassName=Digital-Analog Converter_3 Member=C4
Removed Member From Class: ClassName=Digital-Analog Converter_1 Member=C5
Removed Member From Class: ClassName=Digital-Analog Converter_2 Member=C5
Removed Member From Class: ClassName=Digital-Analog Converter_3 Member=C5
Removed Member From Class: ClassName=Digital-Analog Converter_1 Member=C6
Removed Member From Class: ClassName=Digital-Analog Converter_2 Member=C6
Removed Member From Class: ClassName=Digital-Analog Converter_3 Member=C6
Removed Member From Class: ClassName=Digital-Analog Converter_1 Member=C7
Removed Member From Class: ClassName=Digital-Analog Converter_2 Member=C7
Removed Member From Class: ClassName=Digital-Analog Converter_3 Member=C7
Removed Member From Class: ClassName=Digital-Analog Converter_1 Member=C8
Removed Member From Class: ClassName=Digital-Analog Converter_2 Member=C8
Removed Member From Class: ClassName=Digital-Analog Converter_3 Member=C8
Removed Member From Class: ClassName=Digital-Analog Converter_1 Member=C9
Removed Member From Class: ClassName=Digital-Analog Converter_2 Member=C9
Removed Member From Class: ClassName=Digital-Analog Converter_3 Member=C9
Removed Member From Class: ClassName=Digital-Analog Converter_1 Member=C10
Removed Member From Class: ClassName=Digital-Analog Converter_2 Member=C10
Removed Member From Class: ClassName=Digital-Analog Converter_3 Member=C10
Removed Member From Class: ClassName=Digital-Analog Converter_1 Member=D1
Removed Member From Class: ClassName=Digital-Analog Converter_2 Member=D1
Removed Member From Class: ClassName=Digital-Analog Converter_3 Member=D1
Removed Member From Class: ClassName=Digital-Analog Converter_1 Member=D2
Removed Member From Class: ClassName=Digital-Analog Converter_2 Member=D2
Removed Member From Class: ClassName=Digital-Analog Converter_3 Member=D2
Removed Member From Class: ClassName=Digital-Analog Converter_1 Member=K1
Removed Member From Class: ClassName=Digital-Analog Converter_2 Member=K1
Removed Member From Class: ClassName=Digital-Analog Converter_3 Member=K1
Removed Member From Class: ClassName=Digital-Analog Converter_1 Member=R1
Removed Member From Class: ClassName=Digital-Analog Converter_2 Member=R1
Removed Member From Class: ClassName=Digital-Analog Converter_3 Member=R1
Removed Member From Class: ClassName=Digital-Analog Converter_1 Member=R2
Removed Member From Class: ClassName=Digital-Analog Converter_2 Member=R2
Removed Member From Class: ClassName=Digital-Analog Converter_3 Member=R2
Removed Member From Class: ClassName=Digital-Analog Converter_1 Member=R3
Removed Member From Class: ClassName=Digital-Analog Converter_2 Member=R3
Removed Member From Class: ClassName=Digital-Analog Converter_3 Member=R3
Removed Member From Class: ClassName=Digital-Analog Converter_1 Member=R4
Removed Member From Class: ClassName=Digital-Analog Converter_2 Member=R4
Removed Member From Class: ClassName=Digital-Analog Converter_3 Member=R4
Removed Member From Class: ClassName=Digital-Analog Converter_1 Member=R5
Removed Member From Class: ClassName=Digital-Analog Converter_2 Member=R5
Removed Member From Class: ClassName=Digital-Analog Converter_3 Member=R5
Removed Member From Class: ClassName=Digital-Analog Converter_1 Member=R6
Removed Member From Class: ClassName=Digital-Analog Converter_2 Member=R6
Removed Member From Class: ClassName=Digital-Analog Converter_3 Member=R6
Removed Member From Class: ClassName=Digital-Analog Converter_1 Member=R7
Removed Member From Class: ClassName=Digital-Analog Converter_2 Member=R7
Removed Member From Class: ClassName=Digital-Analog Converter_3 Member=R7
Removed Member From Class: ClassName=Digital-Analog Converter_1 Member=R8
Removed Member From Class: ClassName=Digital-Analog Converter_2 Member=R8
Removed Member From Class: ClassName=Digital-Analog Converter_3 Member=R8
Removed Member From Class: ClassName=Digital-Analog Converter_1 Member=R9
Removed Member From Class: ClassName=Digital-Analog Converter_2 Member=R9
Removed Member From Class: ClassName=Digital-Analog Converter_3 Member=R9
Removed Member From Class: ClassName=Digital-Analog Converter_1 Member=S1
Removed Member From Class: ClassName=Digital-Analog Converter_2 Member=S1
Removed Member From Class: ClassName=Digital-Analog Converter_3 Member=S1
Removed Member From Class: ClassName=Digital-Analog Converter_1 Member=S2
Removed Member From Class: ClassName=Digital-Analog Converter_2 Member=S2
Removed Member From Class: ClassName=Digital-Analog Converter_3 Member=S2
Removed Member From Class: ClassName=Digital-Analog Converter_1 Member=U1
Removed Member From Class: ClassName=Digital-Analog Converter_2 Member=U1
Removed Member From Class: ClassName=Digital-Analog Converter_3 Member=U1
Removed Member From Class: ClassName=Digital-Analog Converter_1 Member=U2
Removed Member From Class: ClassName=Digital-Analog Converter_2 Member=U2
Removed Member From Class: ClassName=Digital-Analog Converter_3 Member=U2
Change Component Designator: OldDesignator=C1 NewDesignator=C11
Change Component Designator: OldDesignator=C1 NewDesignator=C21
Change Component Designator: OldDesignator=C1 NewDesignator=C31
Change Component Designator: OldDesignator=C2 NewDesignator=C12
Change Component Designator: OldDesignator=C2 NewDesignator=C22
Change Component Designator: OldDesignator=C2 NewDesignator=C32
Change Component Designator: OldDesignator=C3 NewDesignator=C13
Change Component Designator: OldDesignator=C3 NewDesignator=C23
Change Component Designator: OldDesignator=C3 NewDesignator=C33
Change Component Designator: OldDesignator=C4 NewDesignator=C14
Change Component Designator: OldDesignator=C4 NewDesignator=C24
Change Component Designator: OldDesignator=C4 NewDesignator=C34
Change Component Designator: OldDesignator=C5 NewDesignator=C15
Change Component Designator: OldDesignator=C5 NewDesignator=C25
Change Component Designator: OldDesignator=C5 NewDesignator=C35
Change Component Designator: OldDesignator=C6 NewDesignator=C16
Change Component Designator: OldDesignator=C6 NewDesignator=C26
Change Component Designator: OldDesignator=C6 NewDesignator=C36
Change Component Designator: OldDesignator=C7 NewDesignator=C17
Change Component Designator: OldDesignator=C7 NewDesignator=C27
Change Component Designator: OldDesignator=C7 NewDesignator=C37
Change Component Designator: OldDesignator=C8 NewDesignator=C18
Change Component Designator: OldDesignator=C8 NewDesignator=C28
Change Component Designator: OldDesignator=C8 NewDesignator=C38
Change Component Designator: OldDesignator=C9 NewDesignator=C19
Change Component Designator: OldDesignator=C9 NewDesignator=C29
Change Component Designator: OldDesignator=C9 NewDesignator=C39
Change Component Designator: OldDesignator=C10 NewDesignator=C20
Change Component Designator: OldDesignator=C10 NewDesignator=C30
Change Component Designator: OldDesignator=C10 NewDesignator=C40
Change Component Designator: OldDesignator=C11 NewDesignator=C41
Change Component Designator: OldDesignator=C12 NewDesignator=C42
Change Component Designator: OldDesignator=D1 NewDesignator=D3
Change Component Designator: OldDesignator=D1 NewDesignator=D5
Change Component Designator: OldDesignator=D1 NewDesignator=D7
Change Component Designator: OldDesignator=D2 NewDesignator=D4
Change Component Designator: OldDesignator=D2 NewDesignator=D6
Change Component Designator: OldDesignator=D2 NewDesignator=D8
Change Component Designator: OldDesignator=D3 NewDesignator=D9
Change Component Designator: OldDesignator=K1 NewDesignator=K2
Change Component Designator: OldDesignator=K1 NewDesignator=K3
Change Component Designator: OldDesignator=K1 NewDesignator=K4
Change Component Designator: OldDesignator=K2 NewDesignator=K5
Change Component Designator: OldDesignator=K3 NewDesignator=K6
Change Component Designator: OldDesignator=R1 NewDesignator=R10
Change Component Designator: OldDesignator=R1 NewDesignator=R19
Change Component Designator: OldDesignator=R1 NewDesignator=R28
Change Component Designator: OldDesignator=R2 NewDesignator=R11
Change Component Designator: OldDesignator=R2 NewDesignator=R20
Change Component Designator: OldDesignator=R2 NewDesignator=R29
Change Component Designator: OldDesignator=R3 NewDesignator=R4
Change Component Designator: OldDesignator=R3 NewDesignator=R13
Change Component Designator: OldDesignator=R3 NewDesignator=R22
Change Component Designator: OldDesignator=R3 NewDesignator=R31
Change Component Designator: OldDesignator=R4 NewDesignator=R3
Change Component Designator: OldDesignator=R4 NewDesignator=R12
Change Component Designator: OldDesignator=R4 NewDesignator=R21
Change Component Designator: OldDesignator=R4 NewDesignator=R30
Change Component Designator: OldDesignator=R5 NewDesignator=R14
Change Component Designator: OldDesignator=R5 NewDesignator=R23
Change Component Designator: OldDesignator=R5 NewDesignator=R32
Change Component Designator: OldDesignator=R6 NewDesignator=R15
Change Component Designator: OldDesignator=R6 NewDesignator=R24
Change Component Designator: OldDesignator=R6 NewDesignator=R33
Change Component Designator: OldDesignator=R7 NewDesignator=R16
Change Component Designator: OldDesignator=R7 NewDesignator=R25
Change Component Designator: OldDesignator=R7 NewDesignator=R34
Change Component Designator: OldDesignator=R8 NewDesignator=R9
Change Component Designator: OldDesignator=R8 NewDesignator=R18
Change Component Designator: OldDesignator=R8 NewDesignator=R27
Change Component Designator: OldDesignator=R8 NewDesignator=R36
Change Component Designator: OldDesignator=R9 NewDesignator=R8
Change Component Designator: OldDesignator=R9 NewDesignator=R17
Change Component Designator: OldDesignator=R9 NewDesignator=R26
Change Component Designator: OldDesignator=R9 NewDesignator=R35
Change Component Designator: OldDesignator=R10 NewDesignator=R37
Change Component Designator: OldDesignator=R11 NewDesignator=R38
Change Component Designator: OldDesignator=S1 NewDesignator=S3
Change Component Designator: OldDesignator=S1 NewDesignator=S5
Change Component Designator: OldDesignator=S1 NewDesignator=S7
Change Component Designator: OldDesignator=S2 NewDesignator=S4
Change Component Designator: OldDesignator=S2 NewDesignator=S6
Change Component Designator: OldDesignator=S2 NewDesignator=S8
Change Component Designator: OldDesignator=U1 NewDesignator=U3
Change Component Designator: OldDesignator=U1 NewDesignator=U5
Change Component Designator: OldDesignator=U1 NewDesignator=U7
Change Component Designator: OldDesignator=U1 NewDesignator=U9
Change Component Designator: OldDesignator=U2 NewDesignator=U4
Change Component Designator: OldDesignator=U2 NewDesignator=U6
Change Component Designator: OldDesignator=U2 NewDesignator=U8
Change Component Designator: OldDesignator=U2 NewDesignator=U10
Change Component Designator: OldDesignator=U3 NewDesignator=U1
Change Component Designator: OldDesignator=U4 NewDesignator=U2
Added Pin To Net: NetName=GND Pin=C1-1
Added Pin To Net: NetName=+12 Pin=C1-2
Added Pin To Net: NetName=GND Pin=C2-1
Added Pin To Net: NetName=+12 Pin=C2-2
Added Pin To Net: NetName=GND Pin=C3-1
Added Pin To Net: NetName=-12 Pin=C3-2
Added Pin To Net: NetName=GND Pin=C4-1
Added Pin To Net: NetName=-12 Pin=C4-2
Added Pin To Net: NetName=GND Pin=C5-1
Added Pin To Net: NetName=GND Pin=C6-1
Added Pin To Net: NetName=GND Pin=C7-1
Added Pin To Net: NetName=+5 Pin=C7-2
Added Pin To Net: NetName=GND Pin=C8-1
Added Pin To Net: NetName=+5 Pin=C8-2
Added Pin To Net: NetName=GND Pin=C9-1
Added Pin To Net: NetName=+5 Pin=C9-2
Added Pin To Net: NetName=GND Pin=C10-1
Added Pin To Net: NetName=+5 Pin=C10-2
Added Pin To Net: NetName=GND Pin=C11-1
Added Pin To Net: NetName=+12 Pin=C11-2
Added Pin To Net: NetName=GND Pin=C12-1
Added Pin To Net: NetName=+12 Pin=C12-2
Added Pin To Net: NetName=GND Pin=C13-1
Added Pin To Net: NetName=-12 Pin=C13-2
Added Pin To Net: NetName=GND Pin=C14-1
Added Pin To Net: NetName=-12 Pin=C14-2
Added Pin To Net: NetName=GND Pin=C15-1
Added Pin To Net: NetName=GND Pin=C16-1
Added Pin To Net: NetName=GND Pin=C17-1
Added Pin To Net: NetName=+5 Pin=C17-2
Added Pin To Net: NetName=GND Pin=C18-1
Added Pin To Net: NetName=+5 Pin=C18-2
Added Pin To Net: NetName=GND Pin=C19-1
Added Pin To Net: NetName=+5 Pin=C19-2
Added Pin To Net: NetName=GND Pin=C20-1
Added Pin To Net: NetName=+5 Pin=C20-2
Added Pin To Net: NetName=GND Pin=C21-1
Added Pin To Net: NetName=+12 Pin=C21-2
Added Pin To Net: NetName=GND Pin=C22-1
Added Pin To Net: NetName=+12 Pin=C22-2
Added Pin To Net: NetName=GND Pin=C23-1
Added Pin To Net: NetName=-12 Pin=C23-2
Added Pin To Net: NetName=GND Pin=C24-1
Added Pin To Net: NetName=-12 Pin=C24-2
Added Pin To Net: NetName=GND Pin=C25-1
Added Pin To Net: NetName=GND Pin=C26-1
Added Pin To Net: NetName=GND Pin=C27-1
Added Pin To Net: NetName=+5 Pin=C27-2
Added Pin To Net: NetName=GND Pin=C28-1
Added Pin To Net: NetName=+5 Pin=C28-2
Added Pin To Net: NetName=GND Pin=C29-1
Added Pin To Net: NetName=+5 Pin=C29-2
Added Pin To Net: NetName=GND Pin=C30-1
Added Pin To Net: NetName=+5 Pin=C30-2
Added Pin To Net: NetName=GND Pin=D1-1
Added Pin To Net: NetName=GND Pin=D2-1
Added Pin To Net: NetName=GND Pin=D3-1
Added Pin To Net: NetName=GND Pin=D4-1
Added Pin To Net: NetName=GND Pin=D5-1
Added Pin To Net: NetName=GND Pin=D6-1
Added Pin To Net: NetName=GND Pin=K1-1
Added Pin To Net: NetName=GND Pin=K2-1
Added Pin To Net: NetName=GND Pin=K3-1
Added Pin To Net: NetName=GND Pin=R1-2
Added Pin To Net: NetName=GND Pin=R5-2
Added Pin To Net: NetName=+5 Pin=R7-2
Added Pin To Net: NetName=GND Pin=R10-2
Added Pin To Net: NetName=GND Pin=R14-2
Added Pin To Net: NetName=+5 Pin=R16-2
Added Pin To Net: NetName=GND Pin=R19-2
Added Pin To Net: NetName=GND Pin=R23-2
Added Pin To Net: NetName=+5 Pin=R25-2
Added Pin To Net: NetName=+12 Pin=U3-4
Added Pin To Net: NetName=-12 Pin=U3-11
Added Pin To Net: NetName=+5 Pin=U4-1
Added Pin To Net: NetName=SCK Pin=U4-4
Added Pin To Net: NetName=MOSI Pin=U4-5
Added Pin To Net: NetName=GND Pin=U4-8
Added Pin To Net: NetName=+5 Pin=U4-11
Added Pin To Net: NetName=GND Pin=U4-12
Added Pin To Net: NetName=+5 Pin=U4-13
Added Pin To Net: NetName=+12 Pin=U5-4
Added Pin To Net: NetName=-12 Pin=U5-11
Added Pin To Net: NetName=+5 Pin=U6-1
Added Pin To Net: NetName=SCK Pin=U6-4
Added Pin To Net: NetName=MOSI Pin=U6-5
Added Pin To Net: NetName=GND Pin=U6-8
Added Pin To Net: NetName=+5 Pin=U6-11
Added Pin To Net: NetName=GND Pin=U6-12
Added Pin To Net: NetName=+5 Pin=U6-13
Added Pin To Net: NetName=+12 Pin=U7-4
Added Pin To Net: NetName=-12 Pin=U7-11
Added Pin To Net: NetName=+5 Pin=U8-1
Added Pin To Net: NetName=SCK Pin=U8-4
Added Pin To Net: NetName=MOSI Pin=U8-5
Added Pin To Net: NetName=GND Pin=U8-8
Added Pin To Net: NetName=+5 Pin=U8-11
Added Pin To Net: NetName=GND Pin=U8-12
Added Pin To Net: NetName=+5 Pin=U8-13
Change Net Name : Old Net Name=NetC5_2 New Net Name=NetC35_2
Change Net Name : Old Net Name=NetC6_2 New Net Name=NetC36_2
Change Net Name : Old Net Name=NetD1_2 New Net Name=NetD7_2
Change Net Name : Old Net Name=NetD2_2 New Net Name=NetD8_2
Change Net Name : Old Net Name=NetD3_A New Net Name=NetD9_A
Change Net Name : Old Net Name=NetK1_2 New Net Name=NetK4_2
Change Net Name : Old Net Name=NetR1_1 New Net Name=NetR28_1
Change Net Name : Old Net Name=NetR3_2 New Net Name=NetR30_1
Change Net Name : Old Net Name=NetR4_0 New Net Name=NetR30_0
Change Net Name : Old Net Name=NetR5_1 New Net Name=NetR32_1
Change Net Name : Old Net Name=NetR8_2 New Net Name=NetR35_1
Change Net Name : Old Net Name=NetR9_0 New Net Name=NetR35_0
Change Net Name : Old Net Name=NetU1_3 New Net Name=NetU9_3
Change Net Name : Old Net Name=NetU1_12 New Net Name=NetU9_12
Change Net Name : Old Net Name=NetU3_1 New Net Name=NetU1_1
Change Net Name : Old Net Name=NetU3_6 New Net Name=NetU1_6
Change Net Name : Old Net Name=NetU3_8 New Net Name=NetU1_8
Change Net Name : Old Net Name=NetU3_13 New Net Name=NetU1_13
Change Net Name : Old Net Name=NetU4_1 New Net Name=NetU2_1
Change Net Name : Old Net Name=NetU4_6 New Net Name=NetU2_6
Change Net Name : Old Net Name=NetU4_8 New Net Name=NetU2_8
Change Net Name : Old Net Name=NetU4_13 New Net Name=NetU2_13
Added Pin To Net: NetName=NetC5_2 Pin=C5-2
Added Pin To Net: NetName=NetC5_2 Pin=R4-1
Added Pin To Net: NetName=NetC5_2 Pin=S1-2
Added Pin To Net: NetName=NetC5_2 Pin=U3-5
Added Net: Name=NetC5_2
Added Pin To Net: NetName=NetC6_2 Pin=C6-2
Added Pin To Net: NetName=NetC6_2 Pin=R9-1
Added Pin To Net: NetName=NetC6_2 Pin=S2-2
Added Pin To Net: NetName=NetC6_2 Pin=U3-10
Added Net: Name=NetC6_2
Added Pin To Net: NetName=NetC15_2 Pin=C15-2
Added Pin To Net: NetName=NetC15_2 Pin=R13-1
Added Pin To Net: NetName=NetC15_2 Pin=S3-2
Added Pin To Net: NetName=NetC15_2 Pin=U5-5
Added Net: Name=NetC15_2
Added Pin To Net: NetName=NetC16_2 Pin=C16-2
Added Pin To Net: NetName=NetC16_2 Pin=R18-1
Added Pin To Net: NetName=NetC16_2 Pin=S4-2
Added Pin To Net: NetName=NetC16_2 Pin=U5-10
Added Net: Name=NetC16_2
Added Pin To Net: NetName=NetC25_2 Pin=C25-2
Added Pin To Net: NetName=NetC25_2 Pin=R22-1
Added Pin To Net: NetName=NetC25_2 Pin=S5-2
Added Pin To Net: NetName=NetC25_2 Pin=U7-5
Added Net: Name=NetC25_2
Added Pin To Net: NetName=NetC26_2 Pin=C26-2
Added Pin To Net: NetName=NetC26_2 Pin=R27-1
Added Pin To Net: NetName=NetC26_2 Pin=S6-2
Added Pin To Net: NetName=NetC26_2 Pin=U7-10
Added Net: Name=NetC26_2
Added Pin To Net: NetName=NetD1_2 Pin=D1-2
Added Pin To Net: NetName=NetD1_2 Pin=R2-1
Added Pin To Net: NetName=NetD1_2 Pin=U3-7
Added Net: Name=NetD1_2
Added Pin To Net: NetName=NetD2_2 Pin=D2-2
Added Pin To Net: NetName=NetD2_2 Pin=R6-1
Added Pin To Net: NetName=NetD2_2 Pin=U3-8
Added Net: Name=NetD2_2
Added Pin To Net: NetName=NetD3_2 Pin=D3-2
Added Pin To Net: NetName=NetD3_2 Pin=R11-1
Added Pin To Net: NetName=NetD3_2 Pin=U5-7
Added Net: Name=NetD3_2
Added Pin To Net: NetName=NetD4_2 Pin=D4-2
Added Pin To Net: NetName=NetD4_2 Pin=R15-1
Added Pin To Net: NetName=NetD4_2 Pin=U5-8
Added Net: Name=NetD4_2
Added Pin To Net: NetName=NetD5_2 Pin=D5-2
Added Pin To Net: NetName=NetD5_2 Pin=R20-1
Added Pin To Net: NetName=NetD5_2 Pin=U7-7
Added Net: Name=NetD5_2
Added Pin To Net: NetName=NetD6_2 Pin=D6-2
Added Pin To Net: NetName=NetD6_2 Pin=R24-1
Added Pin To Net: NetName=NetD6_2 Pin=U7-8
Added Net: Name=NetD6_2
Added Pin To Net: NetName=NetK1_2 Pin=K1-2
Added Pin To Net: NetName=NetK1_2 Pin=R7-1
Added Pin To Net: NetName=NetK1_2 Pin=U4-9
Added Net: Name=NetK1_2
Added Pin To Net: NetName=NetK2_2 Pin=K2-2
Added Pin To Net: NetName=NetK2_2 Pin=R16-1
Added Pin To Net: NetName=NetK2_2 Pin=U6-9
Added Net: Name=NetK2_2
Added Pin To Net: NetName=NetK3_2 Pin=K3-2
Added Pin To Net: NetName=NetK3_2 Pin=R25-1
Added Pin To Net: NetName=NetK3_2 Pin=U8-9
Added Net: Name=NetK3_2
Added Pin To Net: NetName=NetR1_1 Pin=R1-1
Added Pin To Net: NetName=NetR1_1 Pin=R2-2
Added Pin To Net: NetName=NetR1_1 Pin=U3-6
Added Net: Name=NetR1_1
Added Pin To Net: NetName=NetR3_0 Pin=R3-0
Added Pin To Net: NetName=NetR3_0 Pin=S1-1
Added Pin To Net: NetName=NetR3_0 Pin=U3-1
Added Pin To Net: NetName=NetR3_0 Pin=U3-2
Added Net: Name=NetR3_0
Added Pin To Net: NetName=NetR3_1 Pin=R3-1
Added Pin To Net: NetName=NetR3_1 Pin=R3-2
Added Pin To Net: NetName=NetR3_1 Pin=R4-2
Added Net: Name=NetR3_1
Added Pin To Net: NetName=NetR5_1 Pin=R5-1
Added Pin To Net: NetName=NetR5_1 Pin=R6-2
Added Pin To Net: NetName=NetR5_1 Pin=U3-9
Added Net: Name=NetR5_1
Added Pin To Net: NetName=NetR8_0 Pin=R8-0
Added Pin To Net: NetName=NetR8_0 Pin=S2-1
Added Pin To Net: NetName=NetR8_0 Pin=U3-13
Added Pin To Net: NetName=NetR8_0 Pin=U3-14
Added Net: Name=NetR8_0
Added Pin To Net: NetName=NetR8_1 Pin=R8-1
Added Pin To Net: NetName=NetR8_1 Pin=R8-2
Added Pin To Net: NetName=NetR8_1 Pin=R9-2
Added Net: Name=NetR8_1
Added Pin To Net: NetName=NetR10_1 Pin=R10-1
Added Pin To Net: NetName=NetR10_1 Pin=R11-2
Added Pin To Net: NetName=NetR10_1 Pin=U5-6
Added Net: Name=NetR10_1
Added Pin To Net: NetName=NetR12_0 Pin=R12-0
Added Pin To Net: NetName=NetR12_0 Pin=S3-1
Added Pin To Net: NetName=NetR12_0 Pin=U5-1
Added Pin To Net: NetName=NetR12_0 Pin=U5-2
Added Net: Name=NetR12_0
Added Pin To Net: NetName=NetR12_1 Pin=R12-1
Added Pin To Net: NetName=NetR12_1 Pin=R12-2
Added Pin To Net: NetName=NetR12_1 Pin=R13-2
Added Net: Name=NetR12_1
Added Pin To Net: NetName=NetR14_1 Pin=R14-1
Added Pin To Net: NetName=NetR14_1 Pin=R15-2
Added Pin To Net: NetName=NetR14_1 Pin=U5-9
Added Net: Name=NetR14_1
Added Pin To Net: NetName=NetR17_0 Pin=R17-0
Added Pin To Net: NetName=NetR17_0 Pin=S4-1
Added Pin To Net: NetName=NetR17_0 Pin=U5-13
Added Pin To Net: NetName=NetR17_0 Pin=U5-14
Added Net: Name=NetR17_0
Added Pin To Net: NetName=NetR17_1 Pin=R17-1
Added Pin To Net: NetName=NetR17_1 Pin=R17-2
Added Pin To Net: NetName=NetR17_1 Pin=R18-2
Added Net: Name=NetR17_1
Added Pin To Net: NetName=NetR19_1 Pin=R19-1
Added Pin To Net: NetName=NetR19_1 Pin=R20-2
Added Pin To Net: NetName=NetR19_1 Pin=U7-6
Added Net: Name=NetR19_1
Added Pin To Net: NetName=NetR21_0 Pin=R21-0
Added Pin To Net: NetName=NetR21_0 Pin=S5-1
Added Pin To Net: NetName=NetR21_0 Pin=U7-1
Added Pin To Net: NetName=NetR21_0 Pin=U7-2
Added Net: Name=NetR21_0
Added Pin To Net: NetName=NetR21_1 Pin=R21-1
Added Pin To Net: NetName=NetR21_1 Pin=R21-2
Added Pin To Net: NetName=NetR21_1 Pin=R22-2
Added Net: Name=NetR21_1
Added Pin To Net: NetName=NetR23_1 Pin=R23-1
Added Pin To Net: NetName=NetR23_1 Pin=R24-2
Added Pin To Net: NetName=NetR23_1 Pin=U7-9
Added Net: Name=NetR23_1
Added Pin To Net: NetName=NetR26_0 Pin=R26-0
Added Pin To Net: NetName=NetR26_0 Pin=S6-1
Added Pin To Net: NetName=NetR26_0 Pin=U7-13
Added Pin To Net: NetName=NetR26_0 Pin=U7-14
Added Net: Name=NetR26_0
Added Pin To Net: NetName=NetR26_1 Pin=R26-1
Added Pin To Net: NetName=NetR26_1 Pin=R26-2
Added Pin To Net: NetName=NetR26_1 Pin=R27-2
Added Net: Name=NetR26_1
Added Pin To Net: NetName=NetR38_2 Pin=R38-2
Added Net: Name=NetR38_2
Added Pin To Net: NetName=NetU3_3 Pin=U3-3
Added Pin To Net: NetName=NetU3_3 Pin=U4-14
Added Net: Name=NetU3_3
Added Pin To Net: NetName=NetU3_12 Pin=U3-12
Added Pin To Net: NetName=NetU3_12 Pin=U4-10
Added Net: Name=NetU3_12
Added Pin To Net: NetName=NetU5_3 Pin=U5-3
Added Pin To Net: NetName=NetU5_3 Pin=U6-14
Added Net: Name=NetU5_3
Added Pin To Net: NetName=NetU5_12 Pin=U5-12
Added Pin To Net: NetName=NetU5_12 Pin=U6-10
Added Net: Name=NetU5_12
Added Pin To Net: NetName=NetU7_3 Pin=U7-3
Added Pin To Net: NetName=NetU7_3 Pin=U8-14
Added Net: Name=NetU7_3
Added Pin To Net: NetName=NetU7_12 Pin=U7-12
Added Pin To Net: NetName=NetU7_12 Pin=U8-10
Added Net: Name=NetU7_12
Added Net: Name=NetU11_2
Added Member To Class: ClassName=Digital-Analog Converter_1 Member=Component C11 (C1) Cap
Added Member To Class: ClassName=Digital-Analog Converter_1 Member=Component C12 (C2) Cap
Added Member To Class: ClassName=Digital-Analog Converter_1 Member=Component C13 (C3) Cap
Added Member To Class: ClassName=Digital-Analog Converter_1 Member=Component C14 (C4) Cap
Added Member To Class: ClassName=Digital-Analog Converter_1 Member=Component C15 (C5) Cap
Added Member To Class: ClassName=Digital-Analog Converter_1 Member=Component C16 (C6) Cap
Added Member To Class: ClassName=Digital-Analog Converter_1 Member=Component C17 (C7) Cap
Added Member To Class: ClassName=Digital-Analog Converter_1 Member=Component C18 (C8) Cap
Added Member To Class: ClassName=Digital-Analog Converter_1 Member=Component C19 (C9) Cap
Added Member To Class: ClassName=Digital-Analog Converter_1 Member=Component C20 (C10) Cap
Added Member To Class: ClassName=Digital-Analog Converter_2 Member=Component C21 (C1) Cap
Added Member To Class: ClassName=Digital-Analog Converter_2 Member=Component C22 (C2) Cap
Added Member To Class: ClassName=Digital-Analog Converter_2 Member=Component C23 (C3) Cap
Added Member To Class: ClassName=Digital-Analog Converter_2 Member=Component C24 (C4) Cap
Added Member To Class: ClassName=Digital-Analog Converter_2 Member=Component C25 (C5) Cap
Added Member To Class: ClassName=Digital-Analog Converter_2 Member=Component C26 (C6) Cap
Added Member To Class: ClassName=Digital-Analog Converter_2 Member=Component C27 (C7) Cap
Added Member To Class: ClassName=Digital-Analog Converter_2 Member=Component C28 (C8) Cap
Added Member To Class: ClassName=Digital-Analog Converter_2 Member=Component C29 (C9) Cap
Added Member To Class: ClassName=Digital-Analog Converter_2 Member=Component C30 (C10) Cap
Added Member To Class: ClassName=Digital-Analog Converter_3 Member=Component C31 (C1) Cap
Added Member To Class: ClassName=Digital-Analog Converter_3 Member=Component C32 (C2) Cap
Added Member To Class: ClassName=Digital-Analog Converter_3 Member=Component C33 (C3) Cap
Added Member To Class: ClassName=Digital-Analog Converter_3 Member=Component C34 (C4) Cap
Added Member To Class: ClassName=Digital-Analog Converter_3 Member=Component C35 (C5) Cap
Added Member To Class: ClassName=Digital-Analog Converter_3 Member=Component C36 (C6) Cap
Added Member To Class: ClassName=Digital-Analog Converter_3 Member=Component C37 (C7) Cap
Added Member To Class: ClassName=Digital-Analog Converter_3 Member=Component C38 (C8) Cap
Added Member To Class: ClassName=Digital-Analog Converter_3 Member=Component C39 (C9) Cap
Added Member To Class: ClassName=Digital-Analog Converter_3 Member=Component C40 (C10) Cap
Added Member To Class: ClassName=Digital-Analog Converter_1 Member=Component D3 (D1) D Zener
Added Member To Class: ClassName=Digital-Analog Converter_1 Member=Component D4 (D2) D Zener
Added Member To Class: ClassName=Digital-Analog Converter_2 Member=Component D5 (D1) D Zener
Added Member To Class: ClassName=Digital-Analog Converter_2 Member=Component D6 (D2) D Zener
Added Member To Class: ClassName=Digital-Analog Converter_3 Member=Component D7 (D1) D Zener
Added Member To Class: ClassName=Digital-Analog Converter_3 Member=Component D8 (D2) D Zener
Added Member To Class: ClassName=Digital-Analog Converter_1 Member=Component K2 (K1) MIDI RESET
Added Member To Class: ClassName=Digital-Analog Converter_2 Member=Component K3 (K1) MIDI RESET
Added Member To Class: ClassName=Digital-Analog Converter_3 Member=Component K4 (K1) MIDI RESET
Added Member To Class: ClassName=Digital-Analog Converter_1 Member=Component R10 (R1) 
Added Member To Class: ClassName=Digital-Analog Converter_1 Member=Component R11 (R2) 
Added Member To Class: ClassName=Digital-Analog Converter_1 Member=Component R12 (R4) GLIDE_TIME_0
Added Member To Class: ClassName=Digital-Analog Converter_1 Member=Component R13 (R3) 
Added Member To Class: ClassName=Digital-Analog Converter_1 Member=Component R14 (R5) 
Added Member To Class: ClassName=Digital-Analog Converter_1 Member=Component R15 (R6) 
Added Member To Class: ClassName=Digital-Analog Converter_1 Member=Component R16 (R7) 
Added Member To Class: ClassName=Digital-Analog Converter_1 Member=Component R17 (R9) GLIDE_TIME_1
Added Member To Class: ClassName=Digital-Analog Converter_1 Member=Component R18 (R8) 
Added Member To Class: ClassName=Digital-Analog Converter_2 Member=Component R19 (R1) 
Added Member To Class: ClassName=Digital-Analog Converter_2 Member=Component R20 (R2) 
Added Member To Class: ClassName=Digital-Analog Converter_2 Member=Component R21 (R4) GLIDE_TIME_0
Added Member To Class: ClassName=Digital-Analog Converter_2 Member=Component R22 (R3) 
Added Member To Class: ClassName=Digital-Analog Converter_2 Member=Component R23 (R5) 
Added Member To Class: ClassName=Digital-Analog Converter_2 Member=Component R24 (R6) 
Added Member To Class: ClassName=Digital-Analog Converter_2 Member=Component R25 (R7) 
Added Member To Class: ClassName=Digital-Analog Converter_2 Member=Component R26 (R9) GLIDE_TIME_1
Added Member To Class: ClassName=Digital-Analog Converter_2 Member=Component R27 (R8) 
Added Member To Class: ClassName=Digital-Analog Converter_3 Member=Component R28 (R1) 
Added Member To Class: ClassName=Digital-Analog Converter_3 Member=Component R29 (R2) 
Added Member To Class: ClassName=Digital-Analog Converter_3 Member=Component R30 (R4) GLIDE_TIME_0
Added Member To Class: ClassName=Digital-Analog Converter_3 Member=Component R31 (R3) 
Added Member To Class: ClassName=Digital-Analog Converter_3 Member=Component R32 (R5) 
Added Member To Class: ClassName=Digital-Analog Converter_3 Member=Component R33 (R6) 
Added Member To Class: ClassName=Digital-Analog Converter_3 Member=Component R34 (R7) 
Added Member To Class: ClassName=Digital-Analog Converter_3 Member=Component R35 (R9) GLIDE_TIME_1
Added Member To Class: ClassName=Digital-Analog Converter_3 Member=Component R36 (R8) 
Added Member To Class: ClassName=Digital-Analog Converter_1 Member=Component S3 (S1) GLIDE_0
Added Member To Class: ClassName=Digital-Analog Converter_1 Member=Component S4 (S2) GLIDE_1
Added Member To Class: ClassName=Digital-Analog Converter_2 Member=Component S5 (S1) GLIDE_0
Added Member To Class: ClassName=Digital-Analog Converter_2 Member=Component S6 (S2) GLIDE_1
Added Member To Class: ClassName=Digital-Analog Converter_3 Member=Component S7 (S1) GLIDE_0
Added Member To Class: ClassName=Digital-Analog Converter_3 Member=Component S8 (S2) GLIDE_1
Added Member To Class: ClassName=Digital-Analog Converter_1 Member=Component U5 (U1A) LM148J
Added Member To Class: ClassName=Digital-Analog Converter_1 Member=Component U6 (U2) MCP4922-E/P
Added Member To Class: ClassName=Digital-Analog Converter_2 Member=Component U7 (U1A) LM148J
Added Member To Class: ClassName=Digital-Analog Converter_2 Member=Component U8 (U2) MCP4922-E/P
Added Member To Class: ClassName=Digital-Analog Converter_3 Member=Component U9 (U1A) LM148J
Added Member To Class: ClassName=Digital-Analog Converter_3 Member=Component U10 (U2) MCP4922-E/P
