Removed Pin From Net: NetName=RST Pin=R3-1
Removed Pin From Net: NetName=+5 Pin=R3-2
Removed Pin From Net: NetName=GND Pin=R4-1
Removed Pin From Net: NetName=MONO/POLY Pin=R4-2
Removed Pin From Net: NetName=GND Pin=R8-1
Removed Pin From Net: NetName=LIN/EXPO Pin=R8-2
Removed Member From Class: ClassName=S? Member=D1_Digital-Analog Converter_1
Removed Member From Class: ClassName=S? Member=K1_Digital-Analog Converter_3
Removed Member From Class: ClassName=S? Member=R3
Removed Member From Class: ClassName=S? Member=R4
Removed Member From Class: ClassName=S? Member=R8
Removed Member From Class: ClassName=Current Buffer Member=U1_Digital-Analog Converter_0
Change Component Designator: OldDesignator=C1_Digital-Analog Converter_0 NewDesignator=C1
Change Component Designator: OldDesignator=C1_Digital-Analog Converter_1 NewDesignator=C9
Change Component Designator: OldDesignator=C1_Digital-Analog Converter_2 NewDesignator=C17
Change Component Designator: OldDesignator=C1_Digital-Analog Converter_3 NewDesignator=C25
Change Component Designator: OldDesignator=C2_Digital-Analog Converter_0 NewDesignator=C2
Change Component Designator: OldDesignator=C2_Digital-Analog Converter_1 NewDesignator=C10
Change Component Designator: OldDesignator=C2_Digital-Analog Converter_2 NewDesignator=C18
Change Component Designator: OldDesignator=C2_Digital-Analog Converter_3 NewDesignator=C26
Change Component Designator: OldDesignator=C3_Digital-Analog Converter_0 NewDesignator=C3
Change Component Designator: OldDesignator=C3_Digital-Analog Converter_1 NewDesignator=C11
Change Component Designator: OldDesignator=C3_Digital-Analog Converter_2 NewDesignator=C19
Change Component Designator: OldDesignator=C3_Digital-Analog Converter_3 NewDesignator=C27
Change Component Designator: OldDesignator=C4_Digital-Analog Converter_0 NewDesignator=C4
Change Component Designator: OldDesignator=C4_Digital-Analog Converter_1 NewDesignator=C12
Change Component Designator: OldDesignator=C4_Digital-Analog Converter_2 NewDesignator=C20
Change Component Designator: OldDesignator=C4_Digital-Analog Converter_3 NewDesignator=C28
Change Component Designator: OldDesignator=C7_Digital-Analog Converter_0 NewDesignator=C5
Change Component Designator: OldDesignator=C7_Digital-Analog Converter_1 NewDesignator=C13
Change Component Designator: OldDesignator=C7_Digital-Analog Converter_2 NewDesignator=C21
Change Component Designator: OldDesignator=C7_Digital-Analog Converter_3 NewDesignator=C29
Change Component Designator: OldDesignator=C8_Digital-Analog Converter_0 NewDesignator=C6
Change Component Designator: OldDesignator=C8_Digital-Analog Converter_1 NewDesignator=C14
Change Component Designator: OldDesignator=C8_Digital-Analog Converter_2 NewDesignator=C22
Change Component Designator: OldDesignator=C8_Digital-Analog Converter_3 NewDesignator=C30
Change Component Designator: OldDesignator=C9_Digital-Analog Converter_0 NewDesignator=C7
Change Component Designator: OldDesignator=C9_Digital-Analog Converter_1 NewDesignator=C15
Change Component Designator: OldDesignator=C9_Digital-Analog Converter_2 NewDesignator=C23
Change Component Designator: OldDesignator=C9_Digital-Analog Converter_3 NewDesignator=C31
Change Component Designator: OldDesignator=C10_Digital-Analog Converter_0 NewDesignator=C8
Change Component Designator: OldDesignator=C10_Digital-Analog Converter_1 NewDesignator=C16
Change Component Designator: OldDesignator=C10_Digital-Analog Converter_2 NewDesignator=C24
Change Component Designator: OldDesignator=C10_Digital-Analog Converter_3 NewDesignator=C32
Change Component Designator: OldDesignator=C11 NewDesignator=C33
Change Component Designator: OldDesignator=C12 NewDesignator=C34
Change Component Designator: OldDesignator=D1_Digital-Analog Converter_0 NewDesignator=D1
Change Component Designator: OldDesignator=D1_Digital-Analog Converter_1 NewDesignator=D3
Change Component Designator: OldDesignator=D1_Digital-Analog Converter_2 NewDesignator=D5
Change Component Designator: OldDesignator=D1_Digital-Analog Converter_3 NewDesignator=D7
Change Component Designator: OldDesignator=D2_Digital-Analog Converter_0 NewDesignator=D2
Change Component Designator: OldDesignator=D2_Digital-Analog Converter_1 NewDesignator=D4
Change Component Designator: OldDesignator=D2_Digital-Analog Converter_2 NewDesignator=D6
Change Component Designator: OldDesignator=D2_Digital-Analog Converter_3 NewDesignator=D8
Change Component Designator: OldDesignator=D3 NewDesignator=D9
Change Component Designator: OldDesignator=K1_Digital-Analog Converter_0 NewDesignator=K1
Change Component Designator: OldDesignator=K1_Digital-Analog Converter_1 NewDesignator=K2
Change Component Designator: OldDesignator=K1_Digital-Analog Converter_2 NewDesignator=K3
Change Component Designator: OldDesignator=K1_Digital-Analog Converter_3 NewDesignator=K4
Change Component Designator: OldDesignator=K2 NewDesignator=K7
Change Component Designator: OldDesignator=K3 NewDesignator=K5
Change Component Designator: OldDesignator=K4 NewDesignator=K6
Change Component Designator: OldDesignator=K5 NewDesignator=K8
Change Component Designator: OldDesignator=R1_Digital-Analog Converter_0 NewDesignator=R1
Change Component Designator: OldDesignator=R1_Digital-Analog Converter_1 NewDesignator=R6
Change Component Designator: OldDesignator=R1_Digital-Analog Converter_2 NewDesignator=R11
Change Component Designator: OldDesignator=R1_Digital-Analog Converter_3 NewDesignator=R16
Change Component Designator: OldDesignator=R2_Digital-Analog Converter_0 NewDesignator=R2
Change Component Designator: OldDesignator=R2_Digital-Analog Converter_1 NewDesignator=R7
Change Component Designator: OldDesignator=R2_Digital-Analog Converter_2 NewDesignator=R12
Change Component Designator: OldDesignator=R2_Digital-Analog Converter_3 NewDesignator=R17
Change Component Designator: OldDesignator=R5_Digital-Analog Converter_0 NewDesignator=R3
Change Component Designator: OldDesignator=R5_Digital-Analog Converter_1 NewDesignator=R8
Change Component Designator: OldDesignator=R5_Digital-Analog Converter_2 NewDesignator=R13
Change Component Designator: OldDesignator=R5_Digital-Analog Converter_3 NewDesignator=R18
Change Component Designator: OldDesignator=R6_Digital-Analog Converter_0 NewDesignator=R4
Change Component Designator: OldDesignator=R6_Digital-Analog Converter_1 NewDesignator=R9
Change Component Designator: OldDesignator=R6_Digital-Analog Converter_2 NewDesignator=R14
Change Component Designator: OldDesignator=R6_Digital-Analog Converter_3 NewDesignator=R19
Change Component Designator: OldDesignator=R7_Digital-Analog Converter_0 NewDesignator=R5
Change Component Designator: OldDesignator=R7_Digital-Analog Converter_1 NewDesignator=R10
Change Component Designator: OldDesignator=R7_Digital-Analog Converter_2 NewDesignator=R15
Change Component Designator: OldDesignator=R7_Digital-Analog Converter_3 NewDesignator=R20
Change Component Designator: OldDesignator=R11 NewDesignator=R21
Change Component Designator: OldDesignator=U1_Digital-Analog Converter_0 NewDesignator=U3
Change Component Designator: OldDesignator=U1_Digital-Analog Converter_1 NewDesignator=U5
Change Component Designator: OldDesignator=U1_Digital-Analog Converter_2 NewDesignator=U7
Change Component Designator: OldDesignator=U1_Digital-Analog Converter_3 NewDesignator=U9
Change Component Designator: OldDesignator=U2_Digital-Analog Converter_0 NewDesignator=U4
Change Component Designator: OldDesignator=U2_Digital-Analog Converter_1 NewDesignator=U6
Change Component Designator: OldDesignator=U2_Digital-Analog Converter_2 NewDesignator=U8
Change Component Designator: OldDesignator=U2_Digital-Analog Converter_3 NewDesignator=U10
Change Component Designator: OldDesignator=U3 NewDesignator=U1
Change Component Designator: OldDesignator=U4 NewDesignator=U2
Change Component Designator: OldDesignator=U5 NewDesignator=U11
Added Component: Designator=R22(AXIAL-0.3)
Added Component: Designator=R23(AXIAL-0.3)
Added Component: Designator=R24(AXIAL-0.3)
Added Pin To Net: NetName=RST Pin=R22-1
Added Pin To Net: NetName=+5 Pin=R22-2
Added Pin To Net: NetName=GND Pin=R23-1
Added Pin To Net: NetName=MONO/POLY Pin=R23-2
Added Pin To Net: NetName=GND Pin=R24-1
Added Pin To Net: NetName=LIN/EXPO Pin=R24-2
Change Net Name : Old Net Name=NetD3_A New Net Name=NetD9_A
Change Net Name : Old Net Name=NetK1_Digital-Analog Converter_0_2 New Net Name=NetK1_2
Change Net Name : Old Net Name=NetK1_Digital-Analog Converter_1_2 New Net Name=NetK2_2
Change Net Name : Old Net Name=NetK1_Digital-Analog Converter_2_2 New Net Name=NetK3_2
Change Net Name : Old Net Name=NetK1_Digital-Analog Converter_3_2 New Net Name=NetK4_2
Change Net Name : Old Net Name=NetR1_Digital-Analog Converter_0_1 New Net Name=NetR1_1
Change Net Name : Old Net Name=NetR1_Digital-Analog Converter_1_1 New Net Name=NetR6_1
Change Net Name : Old Net Name=NetR1_Digital-Analog Converter_2_1 New Net Name=NetR11_1
Change Net Name : Old Net Name=NetR1_Digital-Analog Converter_3_1 New Net Name=NetR16_1
Change Net Name : Old Net Name=NetR5_Digital-Analog Converter_0_1 New Net Name=NetR3_1
Change Net Name : Old Net Name=NetR5_Digital-Analog Converter_1_1 New Net Name=NetR8_1
Change Net Name : Old Net Name=NetR5_Digital-Analog Converter_2_1 New Net Name=NetR13_1
Change Net Name : Old Net Name=NetR5_Digital-Analog Converter_3_1 New Net Name=NetR18_1
Change Net Name : Old Net Name=NetR11_2 New Net Name=NetR21_2
Change Net Name : Old Net Name=NetU1_Digital-Analog Converter_0_1 New Net Name=NetU3_1
Change Net Name : Old Net Name=NetU1_Digital-Analog Converter_0_3 New Net Name=NetU3_3
Change Net Name : Old Net Name=NetU1_Digital-Analog Converter_0_10 New Net Name=NetU3_10
Change Net Name : Old Net Name=NetU1_Digital-Analog Converter_0_12 New Net Name=NetU3_12
Change Net Name : Old Net Name=NetU1_Digital-Analog Converter_1_1 New Net Name=NetU5_1
Change Net Name : Old Net Name=NetU1_Digital-Analog Converter_1_3 New Net Name=NetU5_3
Change Net Name : Old Net Name=NetU1_Digital-Analog Converter_1_10 New Net Name=NetU5_10
Change Net Name : Old Net Name=NetU1_Digital-Analog Converter_1_12 New Net Name=NetU5_12
Change Net Name : Old Net Name=NetU1_Digital-Analog Converter_2_1 New Net Name=NetU7_1
Change Net Name : Old Net Name=NetU1_Digital-Analog Converter_2_3 New Net Name=NetU7_3
Change Net Name : Old Net Name=NetU1_Digital-Analog Converter_2_10 New Net Name=NetU7_10
Change Net Name : Old Net Name=NetU1_Digital-Analog Converter_2_12 New Net Name=NetU7_12
Change Net Name : Old Net Name=NetU1_Digital-Analog Converter_3_1 New Net Name=NetU9_1
Change Net Name : Old Net Name=NetU1_Digital-Analog Converter_3_3 New Net Name=NetU9_3
Change Net Name : Old Net Name=NetU1_Digital-Analog Converter_3_10 New Net Name=NetU9_10
Change Net Name : Old Net Name=NetU1_Digital-Analog Converter_3_12 New Net Name=NetU9_12
Change Net Name : Old Net Name=NetU3_1 New Net Name=NetU1_1
Change Net Name : Old Net Name=NetU3_6 New Net Name=NetU1_6
Change Net Name : Old Net Name=NetU3_8 New Net Name=NetU1_8
Change Net Name : Old Net Name=NetU3_13 New Net Name=NetU1_13
Change Net Name : Old Net Name=NetU4_6 New Net Name=NetU2_6
Change Net Name : Old Net Name=NetU4_13 New Net Name=NetU2_13
Change Net Name : Old Net Name=NetU5_2 New Net Name=NetU11_2
Added Member To Class: ClassName=S? Member=Component D9 (D3) GREEN
Added Member To Class: ClassName=S? Member=Component K6 (K4) RESET
Added Member To Class: ClassName=S? Member=Component K8 (K5) RESET
Added Member To Class: ClassName=S? Member=Component R22 (R3) 
Added Member To Class: ClassName=S? Member=Component R23 (R4) 
Added Member To Class: ClassName=S? Member=Component R24 (R8) 
Added Member To Class: ClassName=Current Buffer Member=Component U1 (U3A) LM148J
