Removed Member From Class: ClassName=Digital-Analog Converter_1 Member=C34
Removed Member From Class: ClassName=Digital-Analog Converter_2 Member=K5
Removed Member From Class: ClassName=Digital-Analog Converter_3 Member=K6
Removed Member From Class: ClassName=Digital-Analog Converter_1 Member=K7
Removed Member From Class: ClassName=Digital-Analog Converter_2 Member=R21
Removed Member From Class: ClassName=Digital-Analog Converter_0 Member=R22
Removed Member From Class: ClassName=Digital-Analog Converter_0 Member=R23
Removed Member From Class: ClassName=Digital-Analog Converter_1 Member=R24
Removed Member From Class: ClassName=Digital-Analog Converter_0 Member=U1
Removed Member From Class: ClassName=Digital-Analog Converter_0 Member=U2
Removed Member From Class: ClassName=Digital-Analog Converter_1 Member=U11
Change Component Footprint: Designator=C1 Old Footprint=CAPR5-4X5 New Footprint=CAP 5X11
Change Component Footprint: Designator=C2 Old Footprint=CAPR5-4X5 New Footprint=CAP 5X11
Change Component Footprint: Designator=C3 Old Footprint=CAPR5-4X5 New Footprint=CAP 5X11
Change Component Footprint: Designator=C4 Old Footprint=CAPR5-4X5 New Footprint=CAP 5X11
Change Component Footprint: Designator=C5 Old Footprint=CAPR5-4X5 New Footprint=CAP 5X11
Change Component Footprint: Designator=C6 Old Footprint=CAPR5-4X5 New Footprint=CAP 5X11
Change Component Footprint: Designator=C7 Old Footprint=CAPR5-4X5 New Footprint=CAP 5X11
Change Component Footprint: Designator=C8 Old Footprint=CAPR5-4X5 New Footprint=CAP 5X11
Change Component Footprint: Designator=C9 Old Footprint=CAPR5-4X5 New Footprint=CAP 5X11
Change Component Footprint: Designator=C10 Old Footprint=CAPR5-4X5 New Footprint=CAP 5X11
Change Component Footprint: Designator=C11 Old Footprint=CAPR5-4X5 New Footprint=CAP 5X11
Change Component Footprint: Designator=C12 Old Footprint=CAPR5-4X5 New Footprint=CAP 5X11
Change Component Footprint: Designator=C13 Old Footprint=CAPR5-4X5 New Footprint=CAP 5X11
Change Component Footprint: Designator=C14 Old Footprint=CAPR5-4X5 New Footprint=CAP 5X11
Change Component Footprint: Designator=C15 Old Footprint=CAPR5-4X5 New Footprint=CAP 5X11
Change Component Footprint: Designator=C16 Old Footprint=CAPR5-4X5 New Footprint=CAP 5X11
Change Component Footprint: Designator=C17 Old Footprint=CAPR5-4X5 New Footprint=CAP 5X11
Change Component Footprint: Designator=C18 Old Footprint=CAPR5-4X5 New Footprint=CAP 5X11
Change Component Footprint: Designator=C19 Old Footprint=CAPR5-4X5 New Footprint=CAP 5X11
Change Component Footprint: Designator=C20 Old Footprint=CAPR5-4X5 New Footprint=CAP 5X11
Change Component Footprint: Designator=C21 Old Footprint=CAPR5-4X5 New Footprint=CAP 5X11
Change Component Footprint: Designator=C22 Old Footprint=CAPR5-4X5 New Footprint=CAP 5X11
Change Component Footprint: Designator=C23 Old Footprint=CAPR5-4X5 New Footprint=CAP 5X11
Change Component Footprint: Designator=C24 Old Footprint=CAPR5-4X5 New Footprint=CAP 5X11
Change Component Footprint: Designator=C25 Old Footprint=CAPR5-4X5 New Footprint=CAP 5X11
Change Component Footprint: Designator=C26 Old Footprint=CAPR5-4X5 New Footprint=CAP 5X11
Change Component Footprint: Designator=C27 Old Footprint=CAPR5-4X5 New Footprint=CAP 5X11
Change Component Footprint: Designator=C28 Old Footprint=CAPR5-4X5 New Footprint=CAP 5X11
Change Component Footprint: Designator=C29 Old Footprint=CAPR5-4X5 New Footprint=CAP 5X11
Change Component Footprint: Designator=C30 Old Footprint=CAPR5-4X5 New Footprint=CAP 5X11
Change Component Footprint: Designator=C31 Old Footprint=CAPR5-4X5 New Footprint=CAP 5X11
Change Component Footprint: Designator=C32 Old Footprint=CAPR5-4X5 New Footprint=CAP 5X11
Change Component Footprint: Designator=C33 Old Footprint=CAPR5-4X5 New Footprint=CAP 5X11
Change Component Footprint: Designator=C34 Old Footprint=CAPR5-4X5 New Footprint=CAP 5X11
Added Member To Class: ClassName=Digital-Analog Converter_1 Member=Component C12 (C4) Cap
Added Member To Class: ClassName=Digital-Analog Converter_1 Member=Component K2 (K1) MIDI RESET
Added Member To Class: ClassName=Digital-Analog Converter_2 Member=Component K3 (K1) MIDI RESET
Added Member To Class: ClassName=Digital-Analog Converter_3 Member=Component K4 (K1) MIDI RESET
Added Member To Class: ClassName=Digital-Analog Converter_0 Member=Component R3 (R5) 
Added Member To Class: ClassName=Digital-Analog Converter_0 Member=Component R4 (R6) 
Added Member To Class: ClassName=Digital-Analog Converter_1 Member=Component R8 (R5) 
Added Member To Class: ClassName=Digital-Analog Converter_2 Member=Component R11 (R1) 
Added Member To Class: ClassName=Digital-Analog Converter_0 Member=Component U3 (U1A) LM148J
Added Member To Class: ClassName=Digital-Analog Converter_0 Member=Component U4 (U2) MCP4922-E/P
Added Member To Class: ClassName=Digital-Analog Converter_1 Member=Component U5 (U1A) LM148J
