Change Component Physical Designator: Old Designator=C1_Digital-Analog Converter_0 New Designator=C1
Change Component Physical Designator: Old Designator=C1_Digital-Analog Converter_1 New Designator=C9
Change Component Physical Designator: Old Designator=C1_Digital-Analog Converter_2 New Designator=C17
Change Component Physical Designator: Old Designator=C1_Digital-Analog Converter_3 New Designator=C25
Change Component Physical Designator: Old Designator=C2_Digital-Analog Converter_0 New Designator=C2
Change Component Physical Designator: Old Designator=C2_Digital-Analog Converter_1 New Designator=C10
Change Component Physical Designator: Old Designator=C2_Digital-Analog Converter_2 New Designator=C18
Change Component Physical Designator: Old Designator=C2_Digital-Analog Converter_3 New Designator=C26
Change Component Physical Designator: Old Designator=C3_Digital-Analog Converter_0 New Designator=C3
Change Component Physical Designator: Old Designator=C3_Digital-Analog Converter_1 New Designator=C11
Change Component Physical Designator: Old Designator=C3_Digital-Analog Converter_2 New Designator=C19
Change Component Physical Designator: Old Designator=C3_Digital-Analog Converter_3 New Designator=C27
Change Component Physical Designator: Old Designator=C4_Digital-Analog Converter_0 New Designator=C4
Change Component Physical Designator: Old Designator=C4_Digital-Analog Converter_1 New Designator=C12
Change Component Physical Designator: Old Designator=C4_Digital-Analog Converter_2 New Designator=C20
Change Component Physical Designator: Old Designator=C4_Digital-Analog Converter_3 New Designator=C28
Change Component Physical Designator: Old Designator=C7_Digital-Analog Converter_0 New Designator=C5
Change Component Physical Designator: Old Designator=C7_Digital-Analog Converter_1 New Designator=C13
Change Component Physical Designator: Old Designator=C7_Digital-Analog Converter_2 New Designator=C21
Change Component Physical Designator: Old Designator=C7_Digital-Analog Converter_3 New Designator=C29
Change Component Physical Designator: Old Designator=C8_Digital-Analog Converter_0 New Designator=C6
Change Component Physical Designator: Old Designator=C8_Digital-Analog Converter_1 New Designator=C14
Change Component Physical Designator: Old Designator=C8_Digital-Analog Converter_2 New Designator=C22
Change Component Physical Designator: Old Designator=C8_Digital-Analog Converter_3 New Designator=C30
Change Component Physical Designator: Old Designator=C9_Digital-Analog Converter_0 New Designator=C7
Change Component Physical Designator: Old Designator=C9_Digital-Analog Converter_1 New Designator=C15
Change Component Physical Designator: Old Designator=C9_Digital-Analog Converter_2 New Designator=C23
Change Component Physical Designator: Old Designator=C9_Digital-Analog Converter_3 New Designator=C31
Change Component Physical Designator: Old Designator=C10_Digital-Analog Converter_0 New Designator=C8
Change Component Physical Designator: Old Designator=C10_Digital-Analog Converter_1 New Designator=C16
Change Component Physical Designator: Old Designator=C10_Digital-Analog Converter_2 New Designator=C24
Change Component Physical Designator: Old Designator=C10_Digital-Analog Converter_3 New Designator=C32
Change Component Physical Designator: Old Designator=C11 New Designator=C33
Change Component Physical Designator: Old Designator=C12 New Designator=C34
Change Component Physical Designator: Old Designator=D1_Digital-Analog Converter_0 New Designator=D1
Change Component Physical Designator: Old Designator=D1_Digital-Analog Converter_1 New Designator=D3
Change Component Physical Designator: Old Designator=D1_Digital-Analog Converter_2 New Designator=D5
Change Component Physical Designator: Old Designator=D1_Digital-Analog Converter_3 New Designator=D7
Change Component Physical Designator: Old Designator=D2_Digital-Analog Converter_0 New Designator=D2
Change Component Physical Designator: Old Designator=D2_Digital-Analog Converter_1 New Designator=D4
Change Component Physical Designator: Old Designator=D2_Digital-Analog Converter_2 New Designator=D6
Change Component Physical Designator: Old Designator=D2_Digital-Analog Converter_3 New Designator=D8
Change Component Physical Designator: Old Designator=D3 New Designator=D9
Change Component Physical Designator: Old Designator=K1_Digital-Analog Converter_0 New Designator=K1
Change Component Physical Designator: Old Designator=K1_Digital-Analog Converter_1 New Designator=K2
Change Component Physical Designator: Old Designator=K1_Digital-Analog Converter_2 New Designator=K3
Change Component Physical Designator: Old Designator=K1_Digital-Analog Converter_3 New Designator=K4
Change Component Physical Designator: Old Designator=K2 New Designator=K7
Change Component Physical Designator: Old Designator=K3 New Designator=K5
Change Component Physical Designator: Old Designator=K4 New Designator=K6
Change Component Physical Designator: Old Designator=K5 New Designator=K8
Change Component Physical Designator: Old Designator=R1_Digital-Analog Converter_0 New Designator=R1
Change Component Physical Designator: Old Designator=R1_Digital-Analog Converter_1 New Designator=R6
Change Component Physical Designator: Old Designator=R1_Digital-Analog Converter_2 New Designator=R11
Change Component Physical Designator: Old Designator=R1_Digital-Analog Converter_3 New Designator=R16
Change Component Physical Designator: Old Designator=R2_Digital-Analog Converter_0 New Designator=R2
Change Component Physical Designator: Old Designator=R2_Digital-Analog Converter_1 New Designator=R7
Change Component Physical Designator: Old Designator=R2_Digital-Analog Converter_2 New Designator=R12
Change Component Physical Designator: Old Designator=R2_Digital-Analog Converter_3 New Designator=R17
Change Component Physical Designator: Old Designator=R3 New Designator=R22
Change Component Physical Designator: Old Designator=R4 New Designator=R23
Change Component Physical Designator: Old Designator=R5_Digital-Analog Converter_0 New Designator=R3
Change Component Physical Designator: Old Designator=R5_Digital-Analog Converter_1 New Designator=R8
Change Component Physical Designator: Old Designator=R5_Digital-Analog Converter_2 New Designator=R13
Change Component Physical Designator: Old Designator=R5_Digital-Analog Converter_3 New Designator=R18
Change Component Physical Designator: Old Designator=R6_Digital-Analog Converter_0 New Designator=R4
Change Component Physical Designator: Old Designator=R6_Digital-Analog Converter_1 New Designator=R9
Change Component Physical Designator: Old Designator=R6_Digital-Analog Converter_2 New Designator=R14
Change Component Physical Designator: Old Designator=R6_Digital-Analog Converter_3 New Designator=R19
Change Component Physical Designator: Old Designator=R7_Digital-Analog Converter_0 New Designator=R5
Change Component Physical Designator: Old Designator=R7_Digital-Analog Converter_1 New Designator=R10
Change Component Physical Designator: Old Designator=R7_Digital-Analog Converter_2 New Designator=R15
Change Component Physical Designator: Old Designator=R7_Digital-Analog Converter_3 New Designator=R20
Change Component Physical Designator: Old Designator=R8 New Designator=R24
Change Component Physical Designator: Old Designator=R11 New Designator=R21
Change Component Physical Designator: Old Designator=U1_Digital-Analog Converter_0 New Designator=U3
Change Component Physical Designator: Old Designator=U1_Digital-Analog Converter_0 New Designator=U3
Change Component Physical Designator: Old Designator=U1_Digital-Analog Converter_0 New Designator=U3
Change Component Physical Designator: Old Designator=U1_Digital-Analog Converter_0 New Designator=U3
Change Component Physical Designator: Old Designator=U1_Digital-Analog Converter_1 New Designator=U5
Change Component Physical Designator: Old Designator=U1_Digital-Analog Converter_1 New Designator=U5
Change Component Physical Designator: Old Designator=U1_Digital-Analog Converter_1 New Designator=U5
Change Component Physical Designator: Old Designator=U1_Digital-Analog Converter_1 New Designator=U5
Change Component Physical Designator: Old Designator=U1_Digital-Analog Converter_2 New Designator=U7
Change Component Physical Designator: Old Designator=U1_Digital-Analog Converter_2 New Designator=U7
Change Component Physical Designator: Old Designator=U1_Digital-Analog Converter_2 New Designator=U7
Change Component Physical Designator: Old Designator=U1_Digital-Analog Converter_2 New Designator=U7
Change Component Physical Designator: Old Designator=U1_Digital-Analog Converter_3 New Designator=U9
Change Component Physical Designator: Old Designator=U1_Digital-Analog Converter_3 New Designator=U9
Change Component Physical Designator: Old Designator=U1_Digital-Analog Converter_3 New Designator=U9
Change Component Physical Designator: Old Designator=U1_Digital-Analog Converter_3 New Designator=U9
Change Component Physical Designator: Old Designator=U2_Digital-Analog Converter_0 New Designator=U4
Change Component Physical Designator: Old Designator=U2_Digital-Analog Converter_1 New Designator=U6
Change Component Physical Designator: Old Designator=U2_Digital-Analog Converter_2 New Designator=U8
Change Component Physical Designator: Old Designator=U2_Digital-Analog Converter_3 New Designator=U10
Change Component Physical Designator: Old Designator=U3 New Designator=U1
Change Component Physical Designator: Old Designator=U3 New Designator=U1
Change Component Physical Designator: Old Designator=U3 New Designator=U1
Change Component Physical Designator: Old Designator=U3 New Designator=U1
Change Component Physical Designator: Old Designator=U4 New Designator=U2
Change Component Physical Designator: Old Designator=U4 New Designator=U2
Change Component Physical Designator: Old Designator=U4 New Designator=U2
Change Component Physical Designator: Old Designator=U5 New Designator=U11
