Removed Pin From Net: NetName=VCC Pin=C?-2
Removed Pin From Net: NetName=NetJ?_5 Pin=J?-5
Removed Pin From Net: NetName=CTRL_8A_U_GARY_Backplane_ModuleSlot1 Pin=J?_U_GARY_Backplane_ModuleSlot1-0
Removed Pin From Net: NetName=CTRL_8B_U_GARY_Backplane_ModuleSlot1 Pin=J?_U_GARY_Backplane_ModuleSlot1-1
Removed Pin From Net: NetName=CTRL_8C_U_GARY_Backplane_ModuleSlot1 Pin=J?_U_GARY_Backplane_ModuleSlot1-2
Removed Pin From Net: NetName=CTRL_8A_U_GARY_Backplane_ModuleSlot2 Pin=J?_U_GARY_Backplane_ModuleSlot2-0
Removed Pin From Net: NetName=CTRL_8B_U_GARY_Backplane_ModuleSlot2 Pin=J?_U_GARY_Backplane_ModuleSlot2-1
Removed Pin From Net: NetName=CTRL_8C_U_GARY_Backplane_ModuleSlot2 Pin=J?_U_GARY_Backplane_ModuleSlot2-2
Removed Pin From Net: NetName=CTRL_8A_U_GARY_Backplane_ModuleSlot3 Pin=J?_U_GARY_Backplane_ModuleSlot3-0
Removed Pin From Net: NetName=CTRL_8B_U_GARY_Backplane_ModuleSlot3 Pin=J?_U_GARY_Backplane_ModuleSlot3-1
Removed Pin From Net: NetName=CTRL_8C_U_GARY_Backplane_ModuleSlot3 Pin=J?_U_GARY_Backplane_ModuleSlot3-2
Removed Pin From Net: NetName=NetR?_1 Pin=R?-1
Removed Pin From Net: NetName=VCC Pin=R?-2
Removed Pin From Net: NetName=NetU?_1 Pin=U?-1
Removed Pin From Net: NetName=VCC Pin=U?-3
Removed Pin From Net: NetName=NetU?_1 Pin=U?-4
Removed Pin From Net: NetName=NetC?_2 Pin=U?-5
Removed Pin From Net: NetName=MIDI_IN Pin=U?-6
Removed Pin From Net: NetName=NetR?_2 Pin=U?-7
Removed Pin From Net: NetName=NetU?_3 Pin=U?-8
Change Component Designator: OldDesignator=C? NewDesignator=C1
Change Component Designator: OldDesignator=C? NewDesignator=C2
Change Component Designator: OldDesignator=C? NewDesignator=C3
Change Component Designator: OldDesignator=C? NewDesignator=C4
Change Component Designator: OldDesignator=D? NewDesignator=D1
Change Component Designator: OldDesignator=R? NewDesignator=R1
Change Component Designator: OldDesignator=U? NewDesignator=U1
Added Pin To Net: NetName=VCC Pin=C3-2
Added Pin To Net: NetName=VCC Pin=C4-2
Added Pin To Net: NetName=GND Pin=C?-1
Added Pin To Net: NetName=GND Pin=C?-1
Added Pin To Net: NetName=GND Pin=C?-1
Added Pin To Net: NetName=GND Pin=C?-1
Added Pin To Net: NetName=GND Pin=C?-1
Added Pin To Net: NetName=GND Pin=C?-1
Added Pin To Net: NetName=GND Pin=C?-1
Added Pin To Net: NetName=GND Pin=C?-1
Added Pin To Net: NetName=GND Pin=C?-1
Added Pin To Net: NetName=GND Pin=C?-1
Added Pin To Net: NetName=+5V Pin=C?-2
Added Pin To Net: NetName=+5V Pin=C?-2
Added Pin To Net: NetName=+5V Pin=C?-2
Added Pin To Net: NetName=+5V Pin=C?-2
Added Pin To Net: NetName=+5V Pin=C?-2
Added Pin To Net: NetName=+5V Pin=C?-2
Added Pin To Net: NetName=+12V Pin=C?-2
Added Pin To Net: NetName=+12V Pin=C?-2
Added Pin To Net: NetName=-12V Pin=C?-2
Added Pin To Net: NetName=-12V Pin=C?-2
Added Pin To Net: NetName=NetC?_2 Pin=C?-2
Added Pin To Net: NetName=NetD?_1 Pin=J?-5
Added Pin To Net: NetName=NetJ?_5 Pin=J?-5
Added Pin To Net: NetName=CTRL_1A_U_GARY_Backplane_ModuleSlot1 Pin=J?_U_GARY_Backplane_ModuleSlot1-0
Added Pin To Net: NetName=CTRL_1A_U_GARY_Backplane_ModuleSlot1 Pin=J?_U_GARY_Backplane_ModuleSlot1-0
Added Pin To Net: NetName=CTRL_2A_U_GARY_Backplane_ModuleSlot1 Pin=J?_U_GARY_Backplane_ModuleSlot1-0
Added Pin To Net: NetName=CTRL_3A_U_GARY_Backplane_ModuleSlot1 Pin=J?_U_GARY_Backplane_ModuleSlot1-0
Added Pin To Net: NetName=CTRL_4A_U_GARY_Backplane_ModuleSlot1 Pin=J?_U_GARY_Backplane_ModuleSlot1-0
Added Pin To Net: NetName=CTRL_5A_U_GARY_Backplane_ModuleSlot1 Pin=J?_U_GARY_Backplane_ModuleSlot1-0
Added Pin To Net: NetName=CTRL_6A_U_GARY_Backplane_ModuleSlot1 Pin=J?_U_GARY_Backplane_ModuleSlot1-0
Added Pin To Net: NetName=CTRL_7A_U_GARY_Backplane_ModuleSlot1 Pin=J?_U_GARY_Backplane_ModuleSlot1-0
Added Pin To Net: NetName=CTRL_8A_U_GARY_Backplane_ModuleSlot1 Pin=J?_U_GARY_Backplane_ModuleSlot1-0
Added Pin To Net: NetName=CTRL_1B_U_GARY_Backplane_ModuleSlot1 Pin=J?_U_GARY_Backplane_ModuleSlot1-1
Added Pin To Net: NetName=CTRL_1B_U_GARY_Backplane_ModuleSlot1 Pin=J?_U_GARY_Backplane_ModuleSlot1-1
Added Pin To Net: NetName=CTRL_2B_U_GARY_Backplane_ModuleSlot1 Pin=J?_U_GARY_Backplane_ModuleSlot1-1
Added Pin To Net: NetName=CTRL_3B_U_GARY_Backplane_ModuleSlot1 Pin=J?_U_GARY_Backplane_ModuleSlot1-1
Added Pin To Net: NetName=CTRL_4B_U_GARY_Backplane_ModuleSlot1 Pin=J?_U_GARY_Backplane_ModuleSlot1-1
Added Pin To Net: NetName=CTRL_5B_U_GARY_Backplane_ModuleSlot1 Pin=J?_U_GARY_Backplane_ModuleSlot1-1
Added Pin To Net: NetName=CTRL_6B_U_GARY_Backplane_ModuleSlot1 Pin=J?_U_GARY_Backplane_ModuleSlot1-1
Added Pin To Net: NetName=CTRL_7B_U_GARY_Backplane_ModuleSlot1 Pin=J?_U_GARY_Backplane_ModuleSlot1-1
Added Pin To Net: NetName=CTRL_8B_U_GARY_Backplane_ModuleSlot1 Pin=J?_U_GARY_Backplane_ModuleSlot1-1
Added Pin To Net: NetName=CTRL_1C_U_GARY_Backplane_ModuleSlot1 Pin=J?_U_GARY_Backplane_ModuleSlot1-2
Added Pin To Net: NetName=CTRL_1C_U_GARY_Backplane_ModuleSlot1 Pin=J?_U_GARY_Backplane_ModuleSlot1-2
Added Pin To Net: NetName=CTRL_2C_U_GARY_Backplane_ModuleSlot1 Pin=J?_U_GARY_Backplane_ModuleSlot1-2
Added Pin To Net: NetName=CTRL_3C_U_GARY_Backplane_ModuleSlot1 Pin=J?_U_GARY_Backplane_ModuleSlot1-2
Added Pin To Net: NetName=CTRL_4C_U_GARY_Backplane_ModuleSlot1 Pin=J?_U_GARY_Backplane_ModuleSlot1-2
Added Pin To Net: NetName=CTRL_5C_U_GARY_Backplane_ModuleSlot1 Pin=J?_U_GARY_Backplane_ModuleSlot1-2
Added Pin To Net: NetName=CTRL_6C_U_GARY_Backplane_ModuleSlot1 Pin=J?_U_GARY_Backplane_ModuleSlot1-2
Added Pin To Net: NetName=CTRL_7C_U_GARY_Backplane_ModuleSlot1 Pin=J?_U_GARY_Backplane_ModuleSlot1-2
Added Pin To Net: NetName=CTRL_8C_U_GARY_Backplane_ModuleSlot1 Pin=J?_U_GARY_Backplane_ModuleSlot1-2
Added Pin To Net: NetName=CTRL_1A_U_GARY_Backplane_ModuleSlot2 Pin=J?_U_GARY_Backplane_ModuleSlot2-0
Added Pin To Net: NetName=CTRL_1A_U_GARY_Backplane_ModuleSlot2 Pin=J?_U_GARY_Backplane_ModuleSlot2-0
Added Pin To Net: NetName=CTRL_2A_U_GARY_Backplane_ModuleSlot2 Pin=J?_U_GARY_Backplane_ModuleSlot2-0
Added Pin To Net: NetName=CTRL_3A_U_GARY_Backplane_ModuleSlot2 Pin=J?_U_GARY_Backplane_ModuleSlot2-0
Added Pin To Net: NetName=CTRL_4A_U_GARY_Backplane_ModuleSlot2 Pin=J?_U_GARY_Backplane_ModuleSlot2-0
Added Pin To Net: NetName=CTRL_5A_U_GARY_Backplane_ModuleSlot2 Pin=J?_U_GARY_Backplane_ModuleSlot2-0
Added Pin To Net: NetName=CTRL_6A_U_GARY_Backplane_ModuleSlot2 Pin=J?_U_GARY_Backplane_ModuleSlot2-0
Added Pin To Net: NetName=CTRL_7A_U_GARY_Backplane_ModuleSlot2 Pin=J?_U_GARY_Backplane_ModuleSlot2-0
Added Pin To Net: NetName=CTRL_8A_U_GARY_Backplane_ModuleSlot2 Pin=J?_U_GARY_Backplane_ModuleSlot2-0
Added Pin To Net: NetName=CTRL_1B_U_GARY_Backplane_ModuleSlot2 Pin=J?_U_GARY_Backplane_ModuleSlot2-1
Added Pin To Net: NetName=CTRL_1B_U_GARY_Backplane_ModuleSlot2 Pin=J?_U_GARY_Backplane_ModuleSlot2-1
Added Pin To Net: NetName=CTRL_2B_U_GARY_Backplane_ModuleSlot2 Pin=J?_U_GARY_Backplane_ModuleSlot2-1
Added Pin To Net: NetName=CTRL_3B_U_GARY_Backplane_ModuleSlot2 Pin=J?_U_GARY_Backplane_ModuleSlot2-1
Added Pin To Net: NetName=CTRL_4B_U_GARY_Backplane_ModuleSlot2 Pin=J?_U_GARY_Backplane_ModuleSlot2-1
Added Pin To Net: NetName=CTRL_5B_U_GARY_Backplane_ModuleSlot2 Pin=J?_U_GARY_Backplane_ModuleSlot2-1
Added Pin To Net: NetName=CTRL_6B_U_GARY_Backplane_ModuleSlot2 Pin=J?_U_GARY_Backplane_ModuleSlot2-1
Added Pin To Net: NetName=CTRL_7B_U_GARY_Backplane_ModuleSlot2 Pin=J?_U_GARY_Backplane_ModuleSlot2-1
Added Pin To Net: NetName=CTRL_8B_U_GARY_Backplane_ModuleSlot2 Pin=J?_U_GARY_Backplane_ModuleSlot2-1
Added Pin To Net: NetName=CTRL_1C_U_GARY_Backplane_ModuleSlot2 Pin=J?_U_GARY_Backplane_ModuleSlot2-2
Added Pin To Net: NetName=CTRL_1C_U_GARY_Backplane_ModuleSlot2 Pin=J?_U_GARY_Backplane_ModuleSlot2-2
Added Pin To Net: NetName=CTRL_2C_U_GARY_Backplane_ModuleSlot2 Pin=J?_U_GARY_Backplane_ModuleSlot2-2
Added Pin To Net: NetName=CTRL_3C_U_GARY_Backplane_ModuleSlot2 Pin=J?_U_GARY_Backplane_ModuleSlot2-2
Added Pin To Net: NetName=CTRL_4C_U_GARY_Backplane_ModuleSlot2 Pin=J?_U_GARY_Backplane_ModuleSlot2-2
Added Pin To Net: NetName=CTRL_5C_U_GARY_Backplane_ModuleSlot2 Pin=J?_U_GARY_Backplane_ModuleSlot2-2
Added Pin To Net: NetName=CTRL_6C_U_GARY_Backplane_ModuleSlot2 Pin=J?_U_GARY_Backplane_ModuleSlot2-2
Added Pin To Net: NetName=CTRL_7C_U_GARY_Backplane_ModuleSlot2 Pin=J?_U_GARY_Backplane_ModuleSlot2-2
Added Pin To Net: NetName=CTRL_8C_U_GARY_Backplane_ModuleSlot2 Pin=J?_U_GARY_Backplane_ModuleSlot2-2
Added Pin To Net: NetName=CTRL_1A_U_GARY_Backplane_ModuleSlot3 Pin=J?_U_GARY_Backplane_ModuleSlot3-0
Added Pin To Net: NetName=CTRL_1A_U_GARY_Backplane_ModuleSlot3 Pin=J?_U_GARY_Backplane_ModuleSlot3-0
Added Pin To Net: NetName=CTRL_2A_U_GARY_Backplane_ModuleSlot3 Pin=J?_U_GARY_Backplane_ModuleSlot3-0
Added Pin To Net: NetName=CTRL_3A_U_GARY_Backplane_ModuleSlot3 Pin=J?_U_GARY_Backplane_ModuleSlot3-0
Added Pin To Net: NetName=CTRL_4A_U_GARY_Backplane_ModuleSlot3 Pin=J?_U_GARY_Backplane_ModuleSlot3-0
Added Pin To Net: NetName=CTRL_5A_U_GARY_Backplane_ModuleSlot3 Pin=J?_U_GARY_Backplane_ModuleSlot3-0
Added Pin To Net: NetName=CTRL_6A_U_GARY_Backplane_ModuleSlot3 Pin=J?_U_GARY_Backplane_ModuleSlot3-0
Added Pin To Net: NetName=CTRL_7A_U_GARY_Backplane_ModuleSlot3 Pin=J?_U_GARY_Backplane_ModuleSlot3-0
Added Pin To Net: NetName=CTRL_8A_U_GARY_Backplane_ModuleSlot3 Pin=J?_U_GARY_Backplane_ModuleSlot3-0
Added Pin To Net: NetName=CTRL_1B_U_GARY_Backplane_ModuleSlot3 Pin=J?_U_GARY_Backplane_ModuleSlot3-1
Added Pin To Net: NetName=CTRL_1B_U_GARY_Backplane_ModuleSlot3 Pin=J?_U_GARY_Backplane_ModuleSlot3-1
Added Pin To Net: NetName=CTRL_2B_U_GARY_Backplane_ModuleSlot3 Pin=J?_U_GARY_Backplane_ModuleSlot3-1
Added Pin To Net: NetName=CTRL_3B_U_GARY_Backplane_ModuleSlot3 Pin=J?_U_GARY_Backplane_ModuleSlot3-1
Added Pin To Net: NetName=CTRL_4B_U_GARY_Backplane_ModuleSlot3 Pin=J?_U_GARY_Backplane_ModuleSlot3-1
Added Pin To Net: NetName=CTRL_5B_U_GARY_Backplane_ModuleSlot3 Pin=J?_U_GARY_Backplane_ModuleSlot3-1
Added Pin To Net: NetName=CTRL_6B_U_GARY_Backplane_ModuleSlot3 Pin=J?_U_GARY_Backplane_ModuleSlot3-1
Added Pin To Net: NetName=CTRL_7B_U_GARY_Backplane_ModuleSlot3 Pin=J?_U_GARY_Backplane_ModuleSlot3-1
Added Pin To Net: NetName=CTRL_8B_U_GARY_Backplane_ModuleSlot3 Pin=J?_U_GARY_Backplane_ModuleSlot3-1
Added Pin To Net: NetName=CTRL_1C_U_GARY_Backplane_ModuleSlot3 Pin=J?_U_GARY_Backplane_ModuleSlot3-2
Added Pin To Net: NetName=CTRL_1C_U_GARY_Backplane_ModuleSlot3 Pin=J?_U_GARY_Backplane_ModuleSlot3-2
Added Pin To Net: NetName=CTRL_2C_U_GARY_Backplane_ModuleSlot3 Pin=J?_U_GARY_Backplane_ModuleSlot3-2
Added Pin To Net: NetName=CTRL_3C_U_GARY_Backplane_ModuleSlot3 Pin=J?_U_GARY_Backplane_ModuleSlot3-2
Added Pin To Net: NetName=CTRL_4C_U_GARY_Backplane_ModuleSlot3 Pin=J?_U_GARY_Backplane_ModuleSlot3-2
Added Pin To Net: NetName=CTRL_5C_U_GARY_Backplane_ModuleSlot3 Pin=J?_U_GARY_Backplane_ModuleSlot3-2
Added Pin To Net: NetName=CTRL_6C_U_GARY_Backplane_ModuleSlot3 Pin=J?_U_GARY_Backplane_ModuleSlot3-2
Added Pin To Net: NetName=CTRL_7C_U_GARY_Backplane_ModuleSlot3 Pin=J?_U_GARY_Backplane_ModuleSlot3-2
Added Pin To Net: NetName=CTRL_8C_U_GARY_Backplane_ModuleSlot3 Pin=J?_U_GARY_Backplane_ModuleSlot3-2
Added Pin To Net: NetName=VCC Pin=R1-2
Added Pin To Net: NetName=CV1_OUT Pin=R?-1
Added Pin To Net: NetName=MIDI_IN Pin=R?-1
Added Pin To Net: NetName=NetC?_2 Pin=R?-1
Added Pin To Net: NetName=NetD?_2 Pin=R?-1
Added Pin To Net: NetName=NetR?_1 Pin=R?-1
Added Pin To Net: NetName=GND Pin=R?-2
Added Pin To Net: NetName=NetJ?_4 Pin=R?-2
Added Pin To Net: NetName=NetJ?_5 Pin=R?-2
Added Pin To Net: NetName=NetR?_2 Pin=R?-2
Added Pin To Net: NetName=NetR?_2 Pin=R?-2
Added Pin To Net: NetName=NetR?_1 Pin=S?-1
Added Pin To Net: NetName=VCC Pin=U1-3
Added Pin To Net: NetName=MIDI Pin=U4-2
Added Pin To Net: NetName=+5V Pin=U?-1
Added Pin To Net: NetName=NetR?_1 Pin=U?-1
Added Pin To Net: NetName=NetU?_1 Pin=U?-1
Added Pin To Net: NetName=CV_1_CS Pin=U?-2
Added Pin To Net: NetName=NetD?_2 Pin=U?-2
Added Pin To Net: NetName=NetD?_1 Pin=U?-3
Added Pin To Net: NetName=NetU?_3 Pin=U?-3
Added Pin To Net: NetName=SCK Pin=U?-3
Added Pin To Net: NetName=-12V Pin=U?-4
Added Pin To Net: NetName=-12V Pin=U?-4
Added Pin To Net: NetName=MOSI Pin=U?-4
Added Pin To Net: NetName=NetU?_1 Pin=U?-4
Added Pin To Net: NetName=GND Pin=U?-5
Added Pin To Net: NetName=NetC?_2 Pin=U?-5
Added Pin To Net: NetName=+5V Pin=U?-6
Added Pin To Net: NetName=MIDI_IN Pin=U?-6
Added Pin To Net: NetName=+5V Pin=U?-7
Added Pin To Net: NetName=CV1_OUT Pin=U?-7
Added Pin To Net: NetName=+12V Pin=U?-8
Added Pin To Net: NetName=+12V Pin=U?-8
Added Pin To Net: NetName=NetU?_3 Pin=U?-8
Added Pin To Net: NetName=NetD1_A Pin=D1-A
Added Pin To Net: NetName=NetD1_A Pin=R1-1
Added Net: Name=NetD1_A
Added Member To Class: ClassName=Designator Member=Component C1 Cap
Added Member To Class: ClassName=Designator Member=Component C2 Cap
Added Member To Class: ClassName=Designator Member=Component C3 Cap
