Change Net Name : Old Net Name=AUDIO_IN_ModuleSlot_01 New Net Name=AUDIO_IN_ModuleSlot_0
Change Net Name : Old Net Name=AUDIO_IN_ModuleSlot_05 New Net Name=AUDIO_IN_OSCILLATOR_0
Change Net Name : Old Net Name=AUDIO_IN_ModuleSlot_12 New Net Name=AUDIO_IN_ModuleSlot_1
Change Net Name : Old Net Name=AUDIO_IN_ModuleSlot_16 New Net Name=AUDIO_IN_OSCILLATOR_1
Change Net Name : Old Net Name=AUDIO_IN_ModuleSlot_23 New Net Name=AUDIO_IN_ModuleSlot_2
Change Net Name : Old Net Name=AUDIO_IN_ModuleSlot_27 New Net Name=AUDIO_IN_OSCILLATOR_2
Change Net Name : Old Net Name=AUDIO_IN_ModuleSlot_34 New Net Name=AUDIO_IN_ModuleSlot_3
Change Net Name : Old Net Name=AUDIO_IN_ModuleSlot_38 New Net Name=AUDIO_IN_OSCILLATOR_3
Change Net Name : Old Net Name=AUDIO_OUT_ModuleSlot_05 New Net Name=AUDIO_OUT_OSCILLATOR_0
Change Net Name : Old Net Name=AUDIO_OUT_ModuleSlot_16 New Net Name=AUDIO_OUT_OSCILLATOR_1
Change Net Name : Old Net Name=AUDIO_OUT_ModuleSlot_27 New Net Name=AUDIO_OUT_OSCILLATOR_2
Change Net Name : Old Net Name=AUDIO_OUT_ModuleSlot_34 New Net Name=AUDIO_OUT_ModuleSlot_3
Change Net Name : Old Net Name=AUDIO_OUT_ModuleSlot_38 New Net Name=AUDIO_OUT_OSCILLATOR_3
Change Net Name : Old Net Name=CTRL_1A_ModuleSlot_01 New Net Name=CTRL_1A_ModuleSlot_0
Change Net Name : Old Net Name=CTRL_1A_ModuleSlot_05 New Net Name=CTRL_1A_OSCILLATOR_0
Change Net Name : Old Net Name=CTRL_1A_ModuleSlot_12 New Net Name=CTRL_1A_ModuleSlot_1
Change Net Name : Old Net Name=CTRL_1A_ModuleSlot_16 New Net Name=CTRL_1A_OSCILLATOR_1
Change Net Name : Old Net Name=CTRL_1A_ModuleSlot_23 New Net Name=CTRL_1A_ModuleSlot_2
Change Net Name : Old Net Name=CTRL_1A_ModuleSlot_27 New Net Name=CTRL_1A_OSCILLATOR_2
Change Net Name : Old Net Name=CTRL_1A_ModuleSlot_34 New Net Name=CTRL_1A_ModuleSlot_3
Change Net Name : Old Net Name=CTRL_1A_ModuleSlot_38 New Net Name=CTRL_1A_OSCILLATOR_3
Change Net Name : Old Net Name=CTRL_1B_ModuleSlot_01 New Net Name=CTRL_1B_ModuleSlot_0
Change Net Name : Old Net Name=CTRL_1B_ModuleSlot_05 New Net Name=CTRL_1B_OSCILLATOR_0
Change Net Name : Old Net Name=CTRL_1B_ModuleSlot_12 New Net Name=CTRL_1B_ModuleSlot_1
Change Net Name : Old Net Name=CTRL_1B_ModuleSlot_16 New Net Name=CTRL_1B_OSCILLATOR_1
Change Net Name : Old Net Name=CTRL_1B_ModuleSlot_23 New Net Name=CTRL_1B_ModuleSlot_2
Change Net Name : Old Net Name=CTRL_1B_ModuleSlot_27 New Net Name=CTRL_1B_OSCILLATOR_2
Change Net Name : Old Net Name=CTRL_1B_ModuleSlot_34 New Net Name=CTRL_1B_ModuleSlot_3
Change Net Name : Old Net Name=CTRL_1B_ModuleSlot_38 New Net Name=CTRL_1B_OSCILLATOR_3
Change Net Name : Old Net Name=CTRL_1C_ModuleSlot_01 New Net Name=CTRL_1C_ModuleSlot_0
Change Net Name : Old Net Name=CTRL_1C_ModuleSlot_05 New Net Name=CTRL_1C_OSCILLATOR_0
Change Net Name : Old Net Name=CTRL_1C_ModuleSlot_12 New Net Name=CTRL_1C_ModuleSlot_1
Change Net Name : Old Net Name=CTRL_1C_ModuleSlot_16 New Net Name=CTRL_1C_OSCILLATOR_1
Change Net Name : Old Net Name=CTRL_1C_ModuleSlot_23 New Net Name=CTRL_1C_ModuleSlot_2
Change Net Name : Old Net Name=CTRL_1C_ModuleSlot_27 New Net Name=CTRL_1C_OSCILLATOR_2
Change Net Name : Old Net Name=CTRL_1C_ModuleSlot_34 New Net Name=CTRL_1C_ModuleSlot_3
Change Net Name : Old Net Name=CTRL_1C_ModuleSlot_38 New Net Name=CTRL_1C_OSCILLATOR_3
Change Net Name : Old Net Name=CTRL_2A_ModuleSlot_01 New Net Name=CTRL_2A_ModuleSlot_0
Change Net Name : Old Net Name=CTRL_2A_ModuleSlot_05 New Net Name=CTRL_2A_OSCILLATOR_0
Change Net Name : Old Net Name=CTRL_2A_ModuleSlot_12 New Net Name=CTRL_2A_ModuleSlot_1
Change Net Name : Old Net Name=CTRL_2A_ModuleSlot_16 New Net Name=CTRL_2A_OSCILLATOR_1
Change Net Name : Old Net Name=CTRL_2A_ModuleSlot_23 New Net Name=CTRL_2A_ModuleSlot_2
Change Net Name : Old Net Name=CTRL_2A_ModuleSlot_27 New Net Name=CTRL_2A_OSCILLATOR_2
Change Net Name : Old Net Name=CTRL_2A_ModuleSlot_34 New Net Name=CTRL_2A_ModuleSlot_3
Change Net Name : Old Net Name=CTRL_2A_ModuleSlot_38 New Net Name=CTRL_2A_OSCILLATOR_3
Change Net Name : Old Net Name=CTRL_2B_ModuleSlot_01 New Net Name=CTRL_2B_ModuleSlot_0
Change Net Name : Old Net Name=CTRL_2B_ModuleSlot_05 New Net Name=CTRL_2B_OSCILLATOR_0
Change Net Name : Old Net Name=CTRL_2B_ModuleSlot_12 New Net Name=CTRL_2B_ModuleSlot_1
Change Net Name : Old Net Name=CTRL_2B_ModuleSlot_16 New Net Name=CTRL_2B_OSCILLATOR_1
Change Net Name : Old Net Name=CTRL_2B_ModuleSlot_23 New Net Name=CTRL_2B_ModuleSlot_2
Change Net Name : Old Net Name=CTRL_2B_ModuleSlot_27 New Net Name=CTRL_2B_OSCILLATOR_2
Change Net Name : Old Net Name=CTRL_2B_ModuleSlot_34 New Net Name=CTRL_2B_ModuleSlot_3
Change Net Name : Old Net Name=CTRL_2B_ModuleSlot_38 New Net Name=CTRL_2B_OSCILLATOR_3
Change Net Name : Old Net Name=CTRL_2C_ModuleSlot_01 New Net Name=CTRL_2C_ModuleSlot_0
Change Net Name : Old Net Name=CTRL_2C_ModuleSlot_05 New Net Name=CTRL_2C_OSCILLATOR_0
Change Net Name : Old Net Name=CTRL_2C_ModuleSlot_12 New Net Name=CTRL_2C_ModuleSlot_1
Change Net Name : Old Net Name=CTRL_2C_ModuleSlot_16 New Net Name=CTRL_2C_OSCILLATOR_1
Change Net Name : Old Net Name=CTRL_2C_ModuleSlot_23 New Net Name=CTRL_2C_ModuleSlot_2
Change Net Name : Old Net Name=CTRL_2C_ModuleSlot_27 New Net Name=CTRL_2C_OSCILLATOR_2
Change Net Name : Old Net Name=CTRL_2C_ModuleSlot_34 New Net Name=CTRL_2C_ModuleSlot_3
Change Net Name : Old Net Name=CTRL_2C_ModuleSlot_38 New Net Name=CTRL_2C_OSCILLATOR_3
Change Net Name : Old Net Name=CTRL_3A_ModuleSlot_01 New Net Name=CTRL_3A_ModuleSlot_0
Change Net Name : Old Net Name=CTRL_3A_ModuleSlot_05 New Net Name=CTRL_3A_OSCILLATOR_0
Change Net Name : Old Net Name=CTRL_3A_ModuleSlot_12 New Net Name=CTRL_3A_ModuleSlot_1
Change Net Name : Old Net Name=CTRL_3A_ModuleSlot_16 New Net Name=CTRL_3A_OSCILLATOR_1
Change Net Name : Old Net Name=CTRL_3A_ModuleSlot_23 New Net Name=CTRL_3A_ModuleSlot_2
Change Net Name : Old Net Name=CTRL_3A_ModuleSlot_27 New Net Name=CTRL_3A_OSCILLATOR_2
Change Net Name : Old Net Name=CTRL_3A_ModuleSlot_34 New Net Name=CTRL_3A_ModuleSlot_3
Change Net Name : Old Net Name=CTRL_3A_ModuleSlot_38 New Net Name=CTRL_3A_OSCILLATOR_3
Change Net Name : Old Net Name=CTRL_3B_ModuleSlot_01 New Net Name=CTRL_3B_ModuleSlot_0
Change Net Name : Old Net Name=CTRL_3B_ModuleSlot_05 New Net Name=CTRL_3B_OSCILLATOR_0
Change Net Name : Old Net Name=CTRL_3B_ModuleSlot_12 New Net Name=CTRL_3B_ModuleSlot_1
Change Net Name : Old Net Name=CTRL_3B_ModuleSlot_16 New Net Name=CTRL_3B_OSCILLATOR_1
Change Net Name : Old Net Name=CTRL_3B_ModuleSlot_23 New Net Name=CTRL_3B_ModuleSlot_2
Change Net Name : Old Net Name=CTRL_3B_ModuleSlot_27 New Net Name=CTRL_3B_OSCILLATOR_2
Change Net Name : Old Net Name=CTRL_3B_ModuleSlot_34 New Net Name=CTRL_3B_ModuleSlot_3
Change Net Name : Old Net Name=CTRL_3B_ModuleSlot_38 New Net Name=CTRL_3B_OSCILLATOR_3
Change Net Name : Old Net Name=CTRL_3C_ModuleSlot_01 New Net Name=CTRL_3C_ModuleSlot_0
Change Net Name : Old Net Name=CTRL_3C_ModuleSlot_05 New Net Name=CTRL_3C_OSCILLATOR_0
Change Net Name : Old Net Name=CTRL_3C_ModuleSlot_12 New Net Name=CTRL_3C_ModuleSlot_1
Change Net Name : Old Net Name=CTRL_3C_ModuleSlot_16 New Net Name=CTRL_3C_OSCILLATOR_1
Change Net Name : Old Net Name=CTRL_3C_ModuleSlot_23 New Net Name=CTRL_3C_ModuleSlot_2
Change Net Name : Old Net Name=CTRL_3C_ModuleSlot_27 New Net Name=CTRL_3C_OSCILLATOR_2
Change Net Name : Old Net Name=CTRL_3C_ModuleSlot_34 New Net Name=CTRL_3C_ModuleSlot_3
Change Net Name : Old Net Name=CTRL_3C_ModuleSlot_38 New Net Name=CTRL_3C_OSCILLATOR_3
Change Net Name : Old Net Name=CTRL_4A_ModuleSlot_01 New Net Name=CTRL_4A_ModuleSlot_0
Change Net Name : Old Net Name=CTRL_4A_ModuleSlot_05 New Net Name=CTRL_4A_OSCILLATOR_0
Change Net Name : Old Net Name=CTRL_4A_ModuleSlot_12 New Net Name=CTRL_4A_ModuleSlot_1
Change Net Name : Old Net Name=CTRL_4A_ModuleSlot_16 New Net Name=CTRL_4A_OSCILLATOR_1
Change Net Name : Old Net Name=CTRL_4A_ModuleSlot_23 New Net Name=CTRL_4A_ModuleSlot_2
Change Net Name : Old Net Name=CTRL_4A_ModuleSlot_27 New Net Name=CTRL_4A_OSCILLATOR_2
Change Net Name : Old Net Name=CTRL_4A_ModuleSlot_34 New Net Name=CTRL_4A_ModuleSlot_3
Change Net Name : Old Net Name=CTRL_4A_ModuleSlot_38 New Net Name=CTRL_4A_OSCILLATOR_3
Change Net Name : Old Net Name=CTRL_4B_ModuleSlot_01 New Net Name=CTRL_4B_ModuleSlot_0
Change Net Name : Old Net Name=CTRL_4B_ModuleSlot_05 New Net Name=CTRL_4B_OSCILLATOR_0
Change Net Name : Old Net Name=CTRL_4B_ModuleSlot_12 New Net Name=CTRL_4B_ModuleSlot_1
Change Net Name : Old Net Name=CTRL_4B_ModuleSlot_16 New Net Name=CTRL_4B_OSCILLATOR_1
Change Net Name : Old Net Name=CTRL_4B_ModuleSlot_23 New Net Name=CTRL_4B_ModuleSlot_2
Change Net Name : Old Net Name=CTRL_4B_ModuleSlot_27 New Net Name=CTRL_4B_OSCILLATOR_2
Change Net Name : Old Net Name=CTRL_4B_ModuleSlot_34 New Net Name=CTRL_4B_ModuleSlot_3
Change Net Name : Old Net Name=CTRL_4B_ModuleSlot_38 New Net Name=CTRL_4B_OSCILLATOR_3
Change Net Name : Old Net Name=CTRL_4C_ModuleSlot_01 New Net Name=CTRL_4C_ModuleSlot_0
Change Net Name : Old Net Name=CTRL_4C_ModuleSlot_05 New Net Name=CTRL_4C_OSCILLATOR_0
Change Net Name : Old Net Name=CTRL_4C_ModuleSlot_12 New Net Name=CTRL_4C_ModuleSlot_1
Change Net Name : Old Net Name=CTRL_4C_ModuleSlot_16 New Net Name=CTRL_4C_OSCILLATOR_1
Change Net Name : Old Net Name=CTRL_4C_ModuleSlot_23 New Net Name=CTRL_4C_ModuleSlot_2
Change Net Name : Old Net Name=CTRL_4C_ModuleSlot_27 New Net Name=CTRL_4C_OSCILLATOR_2
Change Net Name : Old Net Name=CTRL_4C_ModuleSlot_34 New Net Name=CTRL_4C_ModuleSlot_3
Change Net Name : Old Net Name=CTRL_4C_ModuleSlot_38 New Net Name=CTRL_4C_OSCILLATOR_3
Change Net Name : Old Net Name=CTRL_5A_ModuleSlot_01 New Net Name=CTRL_5A_ModuleSlot_0
Change Net Name : Old Net Name=CTRL_5A_ModuleSlot_05 New Net Name=CTRL_5A_OSCILLATOR_0
Change Net Name : Old Net Name=CTRL_5A_ModuleSlot_12 New Net Name=CTRL_5A_ModuleSlot_1
Change Net Name : Old Net Name=CTRL_5A_ModuleSlot_16 New Net Name=CTRL_5A_OSCILLATOR_1
Change Net Name : Old Net Name=CTRL_5A_ModuleSlot_23 New Net Name=CTRL_5A_ModuleSlot_2
Change Net Name : Old Net Name=CTRL_5A_ModuleSlot_27 New Net Name=CTRL_5A_OSCILLATOR_2
Change Net Name : Old Net Name=CTRL_5A_ModuleSlot_34 New Net Name=CTRL_5A_ModuleSlot_3
Change Net Name : Old Net Name=CTRL_5A_ModuleSlot_38 New Net Name=CTRL_5A_OSCILLATOR_3
Change Net Name : Old Net Name=CTRL_5B_ModuleSlot_01 New Net Name=CTRL_5B_ModuleSlot_0
Change Net Name : Old Net Name=CTRL_5B_ModuleSlot_05 New Net Name=CTRL_5B_OSCILLATOR_0
Change Net Name : Old Net Name=CTRL_5B_ModuleSlot_12 New Net Name=CTRL_5B_ModuleSlot_1
Change Net Name : Old Net Name=CTRL_5B_ModuleSlot_16 New Net Name=CTRL_5B_OSCILLATOR_1
Change Net Name : Old Net Name=CTRL_5B_ModuleSlot_23 New Net Name=CTRL_5B_ModuleSlot_2
Change Net Name : Old Net Name=CTRL_5B_ModuleSlot_27 New Net Name=CTRL_5B_OSCILLATOR_2
Change Net Name : Old Net Name=CTRL_5B_ModuleSlot_34 New Net Name=CTRL_5B_ModuleSlot_3
Change Net Name : Old Net Name=CTRL_5B_ModuleSlot_38 New Net Name=CTRL_5B_OSCILLATOR_3
Change Net Name : Old Net Name=CTRL_5C_ModuleSlot_01 New Net Name=CTRL_5C_ModuleSlot_0
Change Net Name : Old Net Name=CTRL_5C_ModuleSlot_05 New Net Name=CTRL_5C_OSCILLATOR_0
Change Net Name : Old Net Name=CTRL_5C_ModuleSlot_12 New Net Name=CTRL_5C_ModuleSlot_1
Change Net Name : Old Net Name=CTRL_5C_ModuleSlot_16 New Net Name=CTRL_5C_OSCILLATOR_1
Change Net Name : Old Net Name=CTRL_5C_ModuleSlot_23 New Net Name=CTRL_5C_ModuleSlot_2
Change Net Name : Old Net Name=CTRL_5C_ModuleSlot_27 New Net Name=CTRL_5C_OSCILLATOR_2
Change Net Name : Old Net Name=CTRL_5C_ModuleSlot_34 New Net Name=CTRL_5C_ModuleSlot_3
Change Net Name : Old Net Name=CTRL_5C_ModuleSlot_38 New Net Name=CTRL_5C_OSCILLATOR_3
Change Net Name : Old Net Name=CTRL_6A_ModuleSlot_01 New Net Name=CTRL_6A_ModuleSlot_0
Change Net Name : Old Net Name=CTRL_6A_ModuleSlot_05 New Net Name=CTRL_6A_OSCILLATOR_0
Change Net Name : Old Net Name=CTRL_6A_ModuleSlot_12 New Net Name=CTRL_6A_ModuleSlot_1
Change Net Name : Old Net Name=CTRL_6A_ModuleSlot_16 New Net Name=CTRL_6A_OSCILLATOR_1
Change Net Name : Old Net Name=CTRL_6A_ModuleSlot_23 New Net Name=CTRL_6A_ModuleSlot_2
Change Net Name : Old Net Name=CTRL_6A_ModuleSlot_27 New Net Name=CTRL_6A_OSCILLATOR_2
Change Net Name : Old Net Name=CTRL_6A_ModuleSlot_34 New Net Name=CTRL_6A_ModuleSlot_3
Change Net Name : Old Net Name=CTRL_6A_ModuleSlot_38 New Net Name=CTRL_6A_OSCILLATOR_3
Change Net Name : Old Net Name=CTRL_6B_ModuleSlot_01 New Net Name=CTRL_6B_ModuleSlot_0
Change Net Name : Old Net Name=CTRL_6B_ModuleSlot_05 New Net Name=CTRL_6B_OSCILLATOR_0
Change Net Name : Old Net Name=CTRL_6B_ModuleSlot_12 New Net Name=CTRL_6B_ModuleSlot_1
Change Net Name : Old Net Name=CTRL_6B_ModuleSlot_16 New Net Name=CTRL_6B_OSCILLATOR_1
Change Net Name : Old Net Name=CTRL_6B_ModuleSlot_23 New Net Name=CTRL_6B_ModuleSlot_2
Change Net Name : Old Net Name=CTRL_6B_ModuleSlot_27 New Net Name=CTRL_6B_OSCILLATOR_2
Change Net Name : Old Net Name=CTRL_6B_ModuleSlot_34 New Net Name=CTRL_6B_ModuleSlot_3
Change Net Name : Old Net Name=CTRL_6B_ModuleSlot_38 New Net Name=CTRL_6B_OSCILLATOR_3
Change Net Name : Old Net Name=CTRL_6C_ModuleSlot_01 New Net Name=CTRL_6C_ModuleSlot_0
Change Net Name : Old Net Name=CTRL_6C_ModuleSlot_05 New Net Name=CTRL_6C_OSCILLATOR_0
Change Net Name : Old Net Name=CTRL_6C_ModuleSlot_12 New Net Name=CTRL_6C_ModuleSlot_1
Change Net Name : Old Net Name=CTRL_6C_ModuleSlot_16 New Net Name=CTRL_6C_OSCILLATOR_1
Change Net Name : Old Net Name=CTRL_6C_ModuleSlot_23 New Net Name=CTRL_6C_ModuleSlot_2
Change Net Name : Old Net Name=CTRL_6C_ModuleSlot_27 New Net Name=CTRL_6C_OSCILLATOR_2
Change Net Name : Old Net Name=CTRL_6C_ModuleSlot_34 New Net Name=CTRL_6C_ModuleSlot_3
Change Net Name : Old Net Name=CTRL_6C_ModuleSlot_38 New Net Name=CTRL_6C_OSCILLATOR_3
Change Net Name : Old Net Name=CTRL_7A_ModuleSlot_01 New Net Name=CTRL_7A_ModuleSlot_0
Change Net Name : Old Net Name=CTRL_7A_ModuleSlot_05 New Net Name=CTRL_7A_OSCILLATOR_0
Change Net Name : Old Net Name=CTRL_7A_ModuleSlot_12 New Net Name=CTRL_7A_ModuleSlot_1
Change Net Name : Old Net Name=CTRL_7A_ModuleSlot_16 New Net Name=CTRL_7A_OSCILLATOR_1
Change Net Name : Old Net Name=CTRL_7A_ModuleSlot_23 New Net Name=CTRL_7A_ModuleSlot_2
Change Net Name : Old Net Name=CTRL_7A_ModuleSlot_27 New Net Name=CTRL_7A_OSCILLATOR_2
Change Net Name : Old Net Name=CTRL_7A_ModuleSlot_34 New Net Name=CTRL_7A_ModuleSlot_3
Change Net Name : Old Net Name=CTRL_7A_ModuleSlot_38 New Net Name=CTRL_7A_OSCILLATOR_3
Change Net Name : Old Net Name=CTRL_7B_ModuleSlot_01 New Net Name=CTRL_7B_ModuleSlot_0
Change Net Name : Old Net Name=CTRL_7B_ModuleSlot_05 New Net Name=CTRL_7B_OSCILLATOR_0
Change Net Name : Old Net Name=CTRL_7B_ModuleSlot_12 New Net Name=CTRL_7B_ModuleSlot_1
Change Net Name : Old Net Name=CTRL_7B_ModuleSlot_16 New Net Name=CTRL_7B_OSCILLATOR_1
Change Net Name : Old Net Name=CTRL_7B_ModuleSlot_23 New Net Name=CTRL_7B_ModuleSlot_2
Change Net Name : Old Net Name=CTRL_7B_ModuleSlot_27 New Net Name=CTRL_7B_OSCILLATOR_2
Change Net Name : Old Net Name=CTRL_7B_ModuleSlot_34 New Net Name=CTRL_7B_ModuleSlot_3
Change Net Name : Old Net Name=CTRL_7B_ModuleSlot_38 New Net Name=CTRL_7B_OSCILLATOR_3
Change Net Name : Old Net Name=CTRL_7C_ModuleSlot_01 New Net Name=CTRL_7C_ModuleSlot_0
Change Net Name : Old Net Name=CTRL_7C_ModuleSlot_05 New Net Name=CTRL_7C_OSCILLATOR_0
Change Net Name : Old Net Name=CTRL_7C_ModuleSlot_12 New Net Name=CTRL_7C_ModuleSlot_1
Change Net Name : Old Net Name=CTRL_7C_ModuleSlot_16 New Net Name=CTRL_7C_OSCILLATOR_1
Change Net Name : Old Net Name=CTRL_7C_ModuleSlot_23 New Net Name=CTRL_7C_ModuleSlot_2
Change Net Name : Old Net Name=CTRL_7C_ModuleSlot_27 New Net Name=CTRL_7C_OSCILLATOR_2
Change Net Name : Old Net Name=CTRL_7C_ModuleSlot_34 New Net Name=CTRL_7C_ModuleSlot_3
Change Net Name : Old Net Name=CTRL_7C_ModuleSlot_38 New Net Name=CTRL_7C_OSCILLATOR_3
Change Net Name : Old Net Name=CTRL_8A_ModuleSlot_01 New Net Name=CTRL_8A_ModuleSlot_0
Change Net Name : Old Net Name=CTRL_8A_ModuleSlot_05 New Net Name=CTRL_8A_OSCILLATOR_0
Change Net Name : Old Net Name=CTRL_8A_ModuleSlot_12 New Net Name=CTRL_8A_ModuleSlot_1
Change Net Name : Old Net Name=CTRL_8A_ModuleSlot_16 New Net Name=CTRL_8A_OSCILLATOR_1
Change Net Name : Old Net Name=CTRL_8A_ModuleSlot_23 New Net Name=CTRL_8A_ModuleSlot_2
Change Net Name : Old Net Name=CTRL_8A_ModuleSlot_27 New Net Name=CTRL_8A_OSCILLATOR_2
Change Net Name : Old Net Name=CTRL_8A_ModuleSlot_34 New Net Name=CTRL_8A_ModuleSlot_3
Change Net Name : Old Net Name=CTRL_8A_ModuleSlot_38 New Net Name=CTRL_8A_OSCILLATOR_3
Change Net Name : Old Net Name=CTRL_8B_ModuleSlot_01 New Net Name=CTRL_8B_ModuleSlot_0
Change Net Name : Old Net Name=CTRL_8B_ModuleSlot_05 New Net Name=CTRL_8B_OSCILLATOR_0
Change Net Name : Old Net Name=CTRL_8B_ModuleSlot_12 New Net Name=CTRL_8B_ModuleSlot_1
Change Net Name : Old Net Name=CTRL_8B_ModuleSlot_16 New Net Name=CTRL_8B_OSCILLATOR_1
Change Net Name : Old Net Name=CTRL_8B_ModuleSlot_23 New Net Name=CTRL_8B_ModuleSlot_2
Change Net Name : Old Net Name=CTRL_8B_ModuleSlot_27 New Net Name=CTRL_8B_OSCILLATOR_2
Change Net Name : Old Net Name=CTRL_8B_ModuleSlot_34 New Net Name=CTRL_8B_ModuleSlot_3
Change Net Name : Old Net Name=CTRL_8B_ModuleSlot_38 New Net Name=CTRL_8B_OSCILLATOR_3
Change Net Name : Old Net Name=CTRL_8C_ModuleSlot_01 New Net Name=CTRL_8C_ModuleSlot_0
Change Net Name : Old Net Name=CTRL_8C_ModuleSlot_05 New Net Name=CTRL_8C_OSCILLATOR_0
Change Net Name : Old Net Name=CTRL_8C_ModuleSlot_12 New Net Name=CTRL_8C_ModuleSlot_1
Change Net Name : Old Net Name=CTRL_8C_ModuleSlot_16 New Net Name=CTRL_8C_OSCILLATOR_1
Change Net Name : Old Net Name=CTRL_8C_ModuleSlot_23 New Net Name=CTRL_8C_ModuleSlot_2
Change Net Name : Old Net Name=CTRL_8C_ModuleSlot_27 New Net Name=CTRL_8C_OSCILLATOR_2
Change Net Name : Old Net Name=CTRL_8C_ModuleSlot_34 New Net Name=CTRL_8C_ModuleSlot_3
Change Net Name : Old Net Name=CTRL_8C_ModuleSlot_38 New Net Name=CTRL_8C_OSCILLATOR_3
Change Net Name : Old Net Name=CV_0_ModuleSlot_01 New Net Name=CV_0_ModuleSlot_0
Change Net Name : Old Net Name=CV_1_ModuleSlot_01 New Net Name=CV_1_ModuleSlot_0
Change Net Name : Old Net Name=CV_2_ModuleSlot_01 New Net Name=CV_2_ModuleSlot_0
Change Net Name : Old Net Name=CV_3_ModuleSlot_01 New Net Name=CV_3_ModuleSlot_0
Change Net Name : Old Net Name=CV_4_ModuleSlot_01 New Net Name=CV_4_ModuleSlot_0
Change Net Name : Old Net Name=CV_5_ModuleSlot_01 New Net Name=CV_5_ModuleSlot_0
Change Net Name : Old Net Name=CV_6_ModuleSlot_01 New Net Name=CV_6_ModuleSlot_0
Change Net Name : Old Net Name=CV_7_ModuleSlot_01 New Net Name=CV_7_ModuleSlot_0
Change Net Name : Old Net Name=CV_PRIMARY_ModuleSlot_01 New Net Name=CV_PRIMARY_ModuleSlot_0
Change Net Name : Old Net Name=CV_PRIMARY_ModuleSlot_12 New Net Name=CV_PRIMARY_ModuleSlot_1
Change Net Name : Old Net Name=CV_PRIMARY_ModuleSlot_23 New Net Name=CV_PRIMARY_ModuleSlot_2
Change Net Name : Old Net Name=CV_PRIMARY_ModuleSlot_34 New Net Name=CV_PRIMARY_ModuleSlot_3
Change Net Name : Old Net Name=GPIO_0_ModuleSlot_01 New Net Name=GPIO_0_ModuleSlot_0
Change Net Name : Old Net Name=GPIO_1_ModuleSlot_01 New Net Name=GPIO_1_ModuleSlot_0
Change Net Name : Old Net Name=GPIO_2_ModuleSlot_01 New Net Name=GPIO_2_ModuleSlot_0
Change Net Name : Old Net Name=GPIO_3_ModuleSlot_01 New Net Name=GPIO_3_ModuleSlot_0
Change Net Name : Old Net Name=LFO_ModuleSlot_01 New Net Name=LFO_ModuleSlot_0
Change Net Name : Old Net Name=LFO_ModuleSlot_05 New Net Name=LFO_OSCILLATOR_0
Change Net Name : Old Net Name=LFO_ModuleSlot_12 New Net Name=LFO_ModuleSlot_1
Change Net Name : Old Net Name=LFO_ModuleSlot_23 New Net Name=LFO_ModuleSlot_2
Change Net Name : Old Net Name=LFO_ModuleSlot_34 New Net Name=LFO_ModuleSlot_3
Change Net Name : Old Net Name=MIDI_IN_ModuleSlot_01 New Net Name=MIDI_IN_ModuleSlot_0
Change Net Name : Old Net Name=MIDI_IN_USE_ModuleSlot_01 New Net Name=MIDI_IN_USE_ModuleSlot_0
Change Net Name : Old Net Name=MIDI_OUT_ModuleSlot_01 New Net Name=MIDI_OUT_ModuleSlot_0
Change Net Name : Old Net Name=PWM_0_ModuleSlot_01 New Net Name=PWM_0_ModuleSlot_0
Change Net Name : Old Net Name=PWM_1_ModuleSlot_01 New Net Name=PWM_1_ModuleSlot_0
Change Class Name : Old Net Name=ModuleSlot_01 New Net Name=ModuleSlot_0
Change Class Name : Old Net Name=ModuleSlot_05 New Net Name=OSCILLATOR_0
Change Class Name : Old Net Name=ModuleSlot_12 New Net Name=ModuleSlot_1
Change Class Name : Old Net Name=ModuleSlot_16 New Net Name=OSCILLATOR_1
Change Class Name : Old Net Name=ModuleSlot_23 New Net Name=ModuleSlot_2
Change Class Name : Old Net Name=ModuleSlot_27 New Net Name=OSCILLATOR_2
Change Class Name : Old Net Name=ModuleSlot_34 New Net Name=ModuleSlot_3
Change Class Name : Old Net Name=ModuleSlot_38 New Net Name=OSCILLATOR_3
Change Room Name: Old Name=ModuleSlot_05 New Name=ModuleSlot_1
Change Room Scope: Old Scope=InComponentClass('ModuleSlot_05') New Scope=InComponentClass('ModuleSlot_1')
Change Room Name: Old Name=ModuleSlot_12 New Name=ModuleSlot_2
Change Room Scope: Old Scope=InComponentClass('ModuleSlot_12') New Scope=InComponentClass('ModuleSlot_2')
Added Room: Name=ModuleSlot_0
Added Room: Name=ModuleSlot_3
Added Room: Name=OSCILLATOR_0
Added Room: Name=OSCILLATOR_1
Added Room: Name=OSCILLATOR_2
Added Room: Name=OSCILLATOR_3
