Added Component: Designator=C1(RAD-0.3)
Added Component: Designator=C1(RAD-0.3)
Added Component: Designator=C2(RAD-0.3)
Added Component: Designator=C2(RAD-0.3)
Added Component: Designator=C3(RAD-0.3)
Added Component: Designator=C3(RAD-0.3)
Added Component: Designator=C4(RAD-0.3)
Added Component: Designator=C4(RAD-0.3)
Added Component: Designator=C5(RAD-0.3)
Added Component: Designator=C5(RAD-0.3)
Added Component: Designator=C5(RAD-0.3)
Added Component: Designator=C5(RAD-0.3)
Added Component: Designator=C6(RAD-0.3)
Added Component: Designator=C6(RAD-0.3)
Added Component: Designator=C6(RAD-0.3)
Added Component: Designator=C6(RAD-0.3)
Added Component: Designator=C7(RAD-0.3)
Added Component: Designator=C7(RAD-0.3)
Added Component: Designator=C7(RAD-0.3)
Added Component: Designator=C7(RAD-0.3)
Added Component: Designator=C8(RAD-0.3)
Added Component: Designator=C8(RAD-0.3)
Added Component: Designator=C8(RAD-0.3)
Added Component: Designator=C8(RAD-0.3)
Added Component: Designator=C9(RAD-0.3)
Added Component: Designator=C9(CAPR5-4X5)
Added Component: Designator=C9(CAPR5-4X5)
Added Component: Designator=C9(CAPR5-4X5)
Added Component: Designator=C10(RAD-0.3)
Added Component: Designator=C10(CAPR5-4X5)
Added Component: Designator=C10(CAPR5-4X5)
Added Component: Designator=C10(CAPR5-4X5)
Added Component: Designator=C11(RAD-0.3)
Added Component: Designator=C11(CAPR5-4X5)
Added Component: Designator=C11(CAPR5-4X5)
Added Component: Designator=C11(CAPR5-4X5)
Added Component: Designator=C12(RAD-0.3)
Added Component: Designator=C12(CAPR5-4X5)
Added Component: Designator=C12(CAPR5-4X5)
Added Component: Designator=C12(CAPR5-4X5)
Added Component: Designator=C13(RAD-0.3)
Added Component: Designator=C14(RAD-0.3)
Added Component: Designator=C15(RAD-0.3)
Added Component: Designator=C16(RAD-0.3)
Added Component: Designator=D1(LED-5MM-RED)
Added Component: Designator=D1(LED-5MM-GREEN)
Added Component: Designator=D2(DO-35)
Added Component: Designator=D2(DO-35)
Added Component: Designator=D2(DO-35)
Added Component: Designator=D2(DO-35)
Added Component: Designator=D3(DO-35)
Added Component: Designator=D3(DO-35)
Added Component: Designator=D3(DO-35)
Added Component: Designator=J1(SDS-50J)
Added Component: Designator=J1(CTRL_INPUT)
Added Component: Designator=J1(CTRL_INPUT)
Added Component: Designator=J1(CTRL_INPUT)
Added Component: Designator=J2(SDS-50J)
Added Component: Designator=J2(CTRL_INPUT)
Added Component: Designator=J2(CTRL_INPUT)
Added Component: Designator=J2(CTRL_INPUT)
Added Component: Designator=J3(CTRL_INPUT)
Added Component: Designator=J3(CTRL_INPUT)
Added Component: Designator=J3(CTRL_INPUT)
Added Component: Designator=J4(CTRL_INPUT)
Added Component: Designator=J4(CTRL_INPUT)
Added Component: Designator=J4(CTRL_INPUT)
Added Component: Designator=J5(CTRL_INPUT)
Added Component: Designator=J5(CTRL_INPUT)
Added Component: Designator=J5(CTRL_INPUT)
Added Component: Designator=J6(CTRL_INPUT)
Added Component: Designator=J6(CTRL_INPUT)
Added Component: Designator=J6(CTRL_INPUT)
Added Component: Designator=J7(CTRL_INPUT)
Added Component: Designator=J7(CTRL_INPUT)
Added Component: Designator=J7(CTRL_INPUT)
Added Component: Designator=J8(MODULE)
Added Component: Designator=J8(MODULE)
Added Component: Designator=J8(MODULE)
Added Component: Designator=J9(CTRL_INPUT)
Added Component: Designator=J9(CTRL_INPUT)
Added Component: Designator=J9(CTRL_INPUT)
Added Component: Designator=K1(HEADER-2X3)
Added Component: Designator=K2(JMPR2)
Added Component: Designator=R1(AXIAL-0.3)
Added Component: Designator=R1(AXIAL-0.3)
Added Component: Designator=R2(AXIAL-0.3)
Added Component: Designator=R2(AXIAL-0.3)
Added Component: Designator=R2(AXIAL-0.3)
Added Component: Designator=R2(AXIAL-0.3)
Added Component: Designator=R3(AXIAL-0.7)
Added Component: Designator=R3(AXIAL-0.3)
Added Component: Designator=R3(AXIAL-0.3)
Added Component: Designator=R3(AXIAL-0.3)
Added Component: Designator=R4(AXIAL-0.3)
Added Component: Designator=R4(AXIAL-0.3)
Added Component: Designator=R4(AXIAL-0.3)
Added Component: Designator=R4(AXIAL-0.3)
Added Component: Designator=R5(AXIAL-0.3)
Added Component: Designator=R5(AXIAL-0.3)
Added Component: Designator=R5(AXIAL-0.3)
Added Component: Designator=R5(AXIAL-0.3)
Added Component: Designator=R6(AXIAL-0.3)
Added Component: Designator=R6(AXIAL-0.3)
Added Component: Designator=R6(AXIAL-0.3)
Added Component: Designator=R6(AXIAL-0.3)
Added Component: Designator=R7(AXIAL-0.7)
Added Component: Designator=R7(3362 TrimPot)
Added Component: Designator=R7(3362 TrimPot)
Added Component: Designator=R7(3362 TrimPot)
Added Component: Designator=R8(AXIAL-0.3)
Added Component: Designator=R8(AXIAL-0.3)
Added Component: Designator=R8(AXIAL-0.3)
Added Component: Designator=R8(AXIAL-0.3)
Added Component: Designator=R9(AXIAL-0.3)
Added Component: Designator=R9(AXIAL-0.3)
Added Component: Designator=R9(AXIAL-0.3)
Added Component: Designator=R9(AXIAL-0.3)
Added Component: Designator=R10(AXIAL-0.3)
Added Component: Designator=R10(AXIAL-0.3)
Added Component: Designator=R10(AXIAL-0.3)
Added Component: Designator=R10(AXIAL-0.3)
Added Component: Designator=R11(AXIAL-0.3)
Added Component: Designator=R11(AXIAL-0.3)
Added Component: Designator=R11(AXIAL-0.3)
Added Component: Designator=R11(AXIAL-0.3)
Added Component: Designator=R12(AXIAL-0.3)
Added Component: Designator=R12(AXIAL-0.3)
Added Component: Designator=R12(AXIAL-0.3)
Added Component: Designator=R12(AXIAL-0.3)
Added Component: Designator=R13(AXIAL-0.3)
Added Component: Designator=R13(AXIAL-0.3)
Added Component: Designator=R13(AXIAL-0.3)
Added Component: Designator=R13(AXIAL-0.3)
Added Component: Designator=R14(AXIAL-0.3)
Added Component: Designator=R14(AXIAL-0.3)
Added Component: Designator=R14(AXIAL-0.3)
Added Component: Designator=R14(AXIAL-0.3)
Added Component: Designator=R15(AXIAL-0.3)
Added Component: Designator=R15(POT)
Added Component: Designator=R15(POT)
Added Component: Designator=R15(POT)
Added Component: Designator=R16(AXIAL-0.3)
Added Component: Designator=R16(AXIAL-0.3)
Added Component: Designator=R16(AXIAL-0.3)
Added Component: Designator=R17(AXIAL-0.3)
Added Component: Designator=R17(AXIAL-0.3)
Added Component: Designator=R17(AXIAL-0.3)
Added Component: Designator=R18(POT)
Added Component: Designator=R18(POT)
Added Component: Designator=R18(POT)
Added Component: Designator=R19(AXIAL-0.3)
Added Component: Designator=R19(AXIAL-0.3)
Added Component: Designator=R19(AXIAL-0.3)
Added Component: Designator=R20(AXIAL-0.3)
Added Component: Designator=R20(AXIAL-0.3)
Added Component: Designator=R20(AXIAL-0.3)
Added Component: Designator=R21(AXIAL-0.3)
Added Component: Designator=R21(AXIAL-0.3)
Added Component: Designator=R21(AXIAL-0.3)
Added Component: Designator=R22(POT)
Added Component: Designator=R22(POT)
Added Component: Designator=R22(POT)
Added Component: Designator=R23(AXIAL-0.3)
Added Component: Designator=R23(AXIAL-0.3)
Added Component: Designator=R23(AXIAL-0.3)
Added Component: Designator=R24(POT)
Added Component: Designator=R24(POT)
Added Component: Designator=R24(POT)
Added Component: Designator=R25(POT)
Added Component: Designator=R25(POT)
Added Component: Designator=R25(POT)
Added Component: Designator=R26(AXIAL-0.3)
Added Component: Designator=R26(AXIAL-0.3)
Added Component: Designator=R26(AXIAL-0.3)
Added Component: Designator=S1(SPST-2)
Added Component: Designator=S2(SPST-2)
Added Component: Designator=U1(221A-06)
Added Component: Designator=U1(PDIP300-P8)
Added Component: Designator=U2(TI-P8)
Added Component: Designator=U2(J14A)
Added Component: Designator=U2(J14A)
Added Component: Designator=U2(J14A)
Added Component: Designator=U3(28P3)
Added Component: Designator=U3(J14A)
Added Component: Designator=U3(J14A)
Added Component: Designator=U3(J14A)
Added Component: Designator=U4(PDIP300-P8)
Added Component: Designator=U4(J14A)
Added Component: Designator=U4(J14A)
Added Component: Designator=U4(J14A)
Added Component: Designator=U5(TI-P8)
Added Component: Designator=U5(J14A)
Added Component: Designator=U5(J14A)
Added Component: Designator=U5(J14A)
Added Component: Designator=U6(DIP8)
Added Component: Designator=U6(J14A)
Added Component: Designator=U6(J14A)
Added Component: Designator=U6(J14A)
Added Component: Designator=U7(N014)
Added Component: Designator=U7(J14A)
Added Component: Designator=U7(J14A)
Added Component: Designator=U7(J14A)
Added Pin To Net: NetName=NetC3_2 Pin=C3-2
Added Pin To Net: NetName=VCC Pin=C3-2
Added Pin To Net: NetName=+12V Pin=C4-2
Added Pin To Net: NetName=VCC Pin=C4-2
Added Pin To Net: NetName=GND_M0 Pin=C5-1
Added Pin To Net: NetName=GND_M1 Pin=C5-1
Added Pin To Net: NetName=GND_M2 Pin=C5-1
Added Pin To Net: NetName=+12V_M0 Pin=C5-2
Added Pin To Net: NetName=+12V_M1 Pin=C5-2
Added Pin To Net: NetName=+12V_M2 Pin=C5-2
Added Pin To Net: NetName=+12V Pin=C5-2
Added Pin To Net: NetName=GND_M0 Pin=C6-1
Added Pin To Net: NetName=GND_M1 Pin=C6-1
Added Pin To Net: NetName=GND_M2 Pin=C6-1
Added Pin To Net: NetName=+12V_M0 Pin=C6-2
Added Pin To Net: NetName=+12V_M1 Pin=C6-2
Added Pin To Net: NetName=+12V_M2 Pin=C6-2
Added Pin To Net: NetName=-12V Pin=C6-2
Added Pin To Net: NetName=GND_M0 Pin=C7-1
Added Pin To Net: NetName=GND_M1 Pin=C7-1
Added Pin To Net: NetName=GND_M2 Pin=C7-1
Added Pin To Net: NetName=+12V_M0 Pin=C7-2
Added Pin To Net: NetName=+12V_M1 Pin=C7-2
Added Pin To Net: NetName=+12V_M2 Pin=C7-2
Added Pin To Net: NetName=-12V Pin=C7-2
Added Pin To Net: NetName=GND_M0 Pin=C8-1
Added Pin To Net: NetName=GND_M1 Pin=C8-1
Added Pin To Net: NetName=GND_M2 Pin=C8-1
Added Pin To Net: NetName=+12V_M0 Pin=C8-2
Added Pin To Net: NetName=+12V_M1 Pin=C8-2
Added Pin To Net: NetName=+12V_M2 Pin=C8-2
Added Pin To Net: NetName=NetC9_1 Pin=C9-1
Added Pin To Net: NetName=NetC9_2 Pin=C9-2
Added Pin To Net: NetName=NetC10_1 Pin=C10-1
Added Pin To Net: NetName=NetC10_2 Pin=C10-2
Added Pin To Net: NetName=NetC11_1 Pin=C11-1
Added Pin To Net: NetName=NetC11_2 Pin=C11-2
Added Pin To Net: NetName=NetC12_1 Pin=C12-1
Added Pin To Net: NetName=NetC12_2 Pin=C12-2
Added Pin To Net: NetName=NetD1_A Pin=D1-A
Added Pin To Net: NetName=NetD2_1 Pin=D2-1
Added Pin To Net: NetName=GND_U11 Pin=D2-2
Added Pin To Net: NetName=GND_U12 Pin=D2-2
Added Pin To Net: NetName=GND_U13 Pin=D2-2
Added Pin To Net: NetName=NetD2_2 Pin=D2-2
Added Pin To Net: NetName=GND_U11 Pin=D3-1
Added Pin To Net: NetName=GND_U12 Pin=D3-1
Added Pin To Net: NetName=GND_U13 Pin=D3-1
Added Pin To Net: NetName=NetD2_1 Pin=D3-2
Added Pin To Net: NetName=CTRL_1A_M0 Pin=J1-0
Added Pin To Net: NetName=CTRL_1A_M1 Pin=J1-0
Added Pin To Net: NetName=CTRL_1A_M2 Pin=J1-0
Added Pin To Net: NetName=CTRL_1B_M0 Pin=J1-1
Added Pin To Net: NetName=CTRL_1B_M1 Pin=J1-1
Added Pin To Net: NetName=CTRL_1B_M2 Pin=J1-1
Added Pin To Net: NetName=CTRL_1C_M0 Pin=J1-2
Added Pin To Net: NetName=CTRL_1C_M1 Pin=J1-2
Added Pin To Net: NetName=CTRL_1C_M2 Pin=J1-2
Added Pin To Net: NetName=CTRL_2A_M0 Pin=J2-0
Added Pin To Net: NetName=CTRL_2A_M1 Pin=J2-0
Added Pin To Net: NetName=CTRL_2A_M2 Pin=J2-0
Added Pin To Net: NetName=CTRL_2B_M0 Pin=J2-1
Added Pin To Net: NetName=CTRL_2B_M1 Pin=J2-1
Added Pin To Net: NetName=CTRL_2B_M2 Pin=J2-1
Added Pin To Net: NetName=CTRL_2C_M0 Pin=J2-2
Added Pin To Net: NetName=CTRL_2C_M1 Pin=J2-2
Added Pin To Net: NetName=CTRL_2C_M2 Pin=J2-2
Added Pin To Net: NetName=CTRL_3A_M0 Pin=J3-0
Added Pin To Net: NetName=CTRL_3A_M1 Pin=J3-0
Added Pin To Net: NetName=CTRL_3A_M2 Pin=J3-0
Added Pin To Net: NetName=CTRL_3B_M0 Pin=J3-1
Added Pin To Net: NetName=CTRL_3B_M1 Pin=J3-1
Added Pin To Net: NetName=CTRL_3B_M2 Pin=J3-1
Added Pin To Net: NetName=CTRL_3C_M0 Pin=J3-2
Added Pin To Net: NetName=CTRL_3C_M1 Pin=J3-2
Added Pin To Net: NetName=CTRL_3C_M2 Pin=J3-2
Added Pin To Net: NetName=CTRL_4A_M0 Pin=J4-0
Added Pin To Net: NetName=CTRL_4A_M1 Pin=J4-0
Added Pin To Net: NetName=CTRL_4A_M2 Pin=J4-0
Added Pin To Net: NetName=CTRL_4B_M0 Pin=J4-1
Added Pin To Net: NetName=CTRL_4B_M1 Pin=J4-1
Added Pin To Net: NetName=CTRL_4B_M2 Pin=J4-1
Added Pin To Net: NetName=CTRL_4C_M0 Pin=J4-2
Added Pin To Net: NetName=CTRL_4C_M1 Pin=J4-2
Added Pin To Net: NetName=CTRL_4C_M2 Pin=J4-2
Added Pin To Net: NetName=CTRL_5A_M0 Pin=J5-0
Added Pin To Net: NetName=CTRL_5A_M1 Pin=J5-0
Added Pin To Net: NetName=CTRL_5A_M2 Pin=J5-0
Added Pin To Net: NetName=CTRL_5B_M0 Pin=J5-1
Added Pin To Net: NetName=CTRL_5B_M1 Pin=J5-1
Added Pin To Net: NetName=CTRL_5B_M2 Pin=J5-1
Added Pin To Net: NetName=CTRL_5C_M0 Pin=J5-2
Added Pin To Net: NetName=CTRL_5C_M1 Pin=J5-2
Added Pin To Net: NetName=CTRL_5C_M2 Pin=J5-2
Added Pin To Net: NetName=CTRL_6A_M0 Pin=J6-0
Added Pin To Net: NetName=CTRL_6A_M1 Pin=J6-0
Added Pin To Net: NetName=CTRL_6A_M2 Pin=J6-0
Added Pin To Net: NetName=CTRL_6B_M0 Pin=J6-1
Added Pin To Net: NetName=CTRL_6B_M1 Pin=J6-1
Added Pin To Net: NetName=CTRL_6B_M2 Pin=J6-1
Added Pin To Net: NetName=CTRL_6C_M0 Pin=J6-2
Added Pin To Net: NetName=CTRL_6C_M1 Pin=J6-2
Added Pin To Net: NetName=CTRL_6C_M2 Pin=J6-2
Added Pin To Net: NetName=CTRL_7A_M0 Pin=J7-0
Added Pin To Net: NetName=CTRL_7A_M1 Pin=J7-0
Added Pin To Net: NetName=CTRL_7A_M2 Pin=J7-0
Added Pin To Net: NetName=CTRL_7B_M0 Pin=J7-1
Added Pin To Net: NetName=CTRL_7B_M1 Pin=J7-1
Added Pin To Net: NetName=CTRL_7B_M2 Pin=J7-1
Added Pin To Net: NetName=CTRL_7C_M0 Pin=J7-2
Added Pin To Net: NetName=CTRL_7C_M1 Pin=J7-2
Added Pin To Net: NetName=CTRL_7C_M2 Pin=J7-2
Added Pin To Net: NetName=CTRL_1A_M0 Pin=J8-0
Added Pin To Net: NetName=CTRL_1A_M1 Pin=J8-0
Added Pin To Net: NetName=CTRL_1A_M2 Pin=J8-0
Added Pin To Net: NetName=CTRL_1B_M0 Pin=J8-1
Added Pin To Net: NetName=CTRL_1B_M1 Pin=J8-1
Added Pin To Net: NetName=CTRL_1B_M2 Pin=J8-1
Added Pin To Net: NetName=CTRL_1C_M0 Pin=J8-2
Added Pin To Net: NetName=CTRL_1C_M1 Pin=J8-2
Added Pin To Net: NetName=CTRL_1C_M2 Pin=J8-2
Added Pin To Net: NetName=CTRL_2A_M0 Pin=J8-3
Added Pin To Net: NetName=CTRL_2A_M1 Pin=J8-3
Added Pin To Net: NetName=CTRL_2A_M2 Pin=J8-3
Added Pin To Net: NetName=CTRL_2B_M0 Pin=J8-4
Added Pin To Net: NetName=CTRL_2B_M1 Pin=J8-4
Added Pin To Net: NetName=CTRL_2B_M2 Pin=J8-4
Added Pin To Net: NetName=CTRL_2C_M0 Pin=J8-5
Added Pin To Net: NetName=CTRL_2C_M1 Pin=J8-5
Added Pin To Net: NetName=CTRL_2C_M2 Pin=J8-5
Added Pin To Net: NetName=CTRL_3A_M0 Pin=J8-6
Added Pin To Net: NetName=CTRL_3A_M1 Pin=J8-6
Added Pin To Net: NetName=CTRL_3A_M2 Pin=J8-6
Added Pin To Net: NetName=CTRL_3B_M0 Pin=J8-7
Added Pin To Net: NetName=CTRL_3B_M1 Pin=J8-7
Added Pin To Net: NetName=CTRL_3B_M2 Pin=J8-7
Added Pin To Net: NetName=CTRL_3C_M0 Pin=J8-8
Added Pin To Net: NetName=CTRL_3C_M1 Pin=J8-8
Added Pin To Net: NetName=CTRL_3C_M2 Pin=J8-8
Added Pin To Net: NetName=CTRL_4A_M0 Pin=J8-9
Added Pin To Net: NetName=CTRL_4A_M1 Pin=J8-9
Added Pin To Net: NetName=CTRL_4A_M2 Pin=J8-9
Added Pin To Net: NetName=CTRL_4B_M0 Pin=J8-10
Added Pin To Net: NetName=CTRL_4B_M1 Pin=J8-10
Added Pin To Net: NetName=CTRL_4B_M2 Pin=J8-10
Added Pin To Net: NetName=CTRL_4C_M0 Pin=J8-11
Added Pin To Net: NetName=CTRL_4C_M1 Pin=J8-11
Added Pin To Net: NetName=CTRL_4C_M2 Pin=J8-11
Added Pin To Net: NetName=CTRL_5A_M0 Pin=J8-12
Added Pin To Net: NetName=CTRL_5A_M1 Pin=J8-12
Added Pin To Net: NetName=CTRL_5A_M2 Pin=J8-12
Added Pin To Net: NetName=CTRL_5B_M0 Pin=J8-13
Added Pin To Net: NetName=CTRL_5B_M1 Pin=J8-13
Added Pin To Net: NetName=CTRL_5B_M2 Pin=J8-13
Added Pin To Net: NetName=CTRL_5C_M0 Pin=J8-14
Added Pin To Net: NetName=CTRL_5C_M1 Pin=J8-14
Added Pin To Net: NetName=CTRL_5C_M2 Pin=J8-14
Added Pin To Net: NetName=CTRL_6A_M0 Pin=J8-15
Added Pin To Net: NetName=CTRL_6A_M1 Pin=J8-15
Added Pin To Net: NetName=CTRL_6A_M2 Pin=J8-15
Added Pin To Net: NetName=CTRL_6B_M0 Pin=J8-16
Added Pin To Net: NetName=CTRL_6B_M1 Pin=J8-16
Added Pin To Net: NetName=CTRL_6B_M2 Pin=J8-16
Added Pin To Net: NetName=CTRL_6C_M0 Pin=J8-17
Added Pin To Net: NetName=CTRL_6C_M1 Pin=J8-17
Added Pin To Net: NetName=CTRL_6C_M2 Pin=J8-17
Added Pin To Net: NetName=CTRL_7A_M0 Pin=J8-18
Added Pin To Net: NetName=CTRL_7A_M1 Pin=J8-18
Added Pin To Net: NetName=CTRL_7A_M2 Pin=J8-18
Added Pin To Net: NetName=CTRL_7B_M0 Pin=J8-19
Added Pin To Net: NetName=CTRL_7B_M1 Pin=J8-19
Added Pin To Net: NetName=CTRL_7B_M2 Pin=J8-19
Added Pin To Net: NetName=CTRL_7C_M0 Pin=J8-20
Added Pin To Net: NetName=CTRL_7C_M1 Pin=J8-20
Added Pin To Net: NetName=CTRL_7C_M2 Pin=J8-20
Added Pin To Net: NetName=CTRL_8A_M0 Pin=J8-21
Added Pin To Net: NetName=CTRL_8A_M1 Pin=J8-21
Added Pin To Net: NetName=CTRL_8A_M2 Pin=J8-21
Added Pin To Net: NetName=CTRL_8B_M0 Pin=J8-22
Added Pin To Net: NetName=CTRL_8B_M1 Pin=J8-22
Added Pin To Net: NetName=CTRL_8B_M2 Pin=J8-22
Added Pin To Net: NetName=CTRL_8C_M0 Pin=J8-23
Added Pin To Net: NetName=CTRL_8C_M1 Pin=J8-23
Added Pin To Net: NetName=CTRL_8C_M2 Pin=J8-23
Added Pin To Net: NetName=CV_0_BUF_U31 Pin=J8-24
Added Pin To Net: NetName=CV_0_BUF_U32 Pin=J8-24
Added Pin To Net: NetName=CV_0_BUF_U33 Pin=J8-24
Added Pin To Net: NetName=GND_M0 Pin=J8-25
Added Pin To Net: NetName=GND_M1 Pin=J8-25
Added Pin To Net: NetName=GND_M2 Pin=J8-25
Added Pin To Net: NetName=CV_2_M0 Pin=J8-26
Added Pin To Net: NetName=CV_2_M1 Pin=J8-26
Added Pin To Net: NetName=CV_2_M2 Pin=J8-26
Added Pin To Net: NetName=GND_M0 Pin=J8-27
Added Pin To Net: NetName=GND_M1 Pin=J8-27
Added Pin To Net: NetName=GND_M2 Pin=J8-27
Added Pin To Net: NetName=GATE_0_BUF_U31 Pin=J8-28
Added Pin To Net: NetName=GATE_0_BUF_U32 Pin=J8-28
Added Pin To Net: NetName=GATE_0_BUF_U33 Pin=J8-28
Added Pin To Net: NetName=GND_M0 Pin=J8-29
Added Pin To Net: NetName=GND_M1 Pin=J8-29
Added Pin To Net: NetName=GND_M2 Pin=J8-29
Added Pin To Net: NetName=GPIO_0_BUF_U31 Pin=J8-30
Added Pin To Net: NetName=GPIO_0_BUF_U32 Pin=J8-30
Added Pin To Net: NetName=GPIO_0_BUF_U33 Pin=J8-30
Added Pin To Net: NetName=GPIO_1_BUF_U31 Pin=J8-31
Added Pin To Net: NetName=GPIO_1_BUF_U32 Pin=J8-31
Added Pin To Net: NetName=GPIO_1_BUF_U33 Pin=J8-31
Added Pin To Net: NetName=GPIO_2_BUF_U31 Pin=J8-32
Added Pin To Net: NetName=GPIO_2_BUF_U32 Pin=J8-32
Added Pin To Net: NetName=GPIO_2_BUF_U33 Pin=J8-32
Added Pin To Net: NetName=GPIO_3_BUF_U31 Pin=J8-33
Added Pin To Net: NetName=GPIO_3_BUF_U32 Pin=J8-33
Added Pin To Net: NetName=GPIO_3_BUF_U33 Pin=J8-33
Added Pin To Net: NetName=MIDI_IN_BUF_U31 Pin=J8-34
Added Pin To Net: NetName=MIDI_IN_BUF_U32 Pin=J8-34
Added Pin To Net: NetName=MIDI_IN_BUF_U33 Pin=J8-34
Added Pin To Net: NetName=MIDI_OUT_BUF_U31 Pin=J8-35
Added Pin To Net: NetName=MIDI_OUT_BUF_U32 Pin=J8-35
Added Pin To Net: NetName=MIDI_OUT_BUF_U33 Pin=J8-35
Added Pin To Net: NetName=GND_M0 Pin=J8-36
Added Pin To Net: NetName=GND_M1 Pin=J8-36
Added Pin To Net: NetName=GND_M2 Pin=J8-36
Added Pin To Net: NetName=+12V_M0 Pin=J8-37
Added Pin To Net: NetName=+12V_M1 Pin=J8-37
Added Pin To Net: NetName=+12V_M2 Pin=J8-37
Added Pin To Net: NetName=PWR_AUX_M0 Pin=J8-38
Added Pin To Net: NetName=PWR_AUX_M1 Pin=J8-38
Added Pin To Net: NetName=PWR_AUX_M2 Pin=J8-38
Added Pin To Net: NetName=-12V_M0 Pin=J8-39
Added Pin To Net: NetName=-12V_M1 Pin=J8-39
Added Pin To Net: NetName=-12V_M2 Pin=J8-39
Added Pin To Net: NetName=+3.3V_M0 Pin=J8-40
Added Pin To Net: NetName=+3.3V_M1 Pin=J8-40
Added Pin To Net: NetName=+3.3V_M2 Pin=J8-40
Added Pin To Net: NetName=+5V_M0 Pin=J8-41
Added Pin To Net: NetName=+5V_M1 Pin=J8-41
Added Pin To Net: NetName=+5V_M2 Pin=J8-41
Added Pin To Net: NetName=AUDIO_1_L_BUF_U31 Pin=J8-42
Added Pin To Net: NetName=AUDIO_1_L_BUF_U32 Pin=J8-42
Added Pin To Net: NetName=AUDIO_1_L_BUF_U33 Pin=J8-42
Added Pin To Net: NetName=AUDIO_1_R_BUF_U31 Pin=J8-43
Added Pin To Net: NetName=AUDIO_1_R_BUF_U32 Pin=J8-43
Added Pin To Net: NetName=AUDIO_1_R_BUF_U33 Pin=J8-43
Added Pin To Net: NetName=AUDIO_2_L_BUF_U31 Pin=J8-44
Added Pin To Net: NetName=AUDIO_2_L_BUF_U32 Pin=J8-44
Added Pin To Net: NetName=AUDIO_2_L_BUF_U33 Pin=J8-44
Added Pin To Net: NetName=AUDIO_2_R_BUF_U31 Pin=J8-45
Added Pin To Net: NetName=AUDIO_2_R_BUF_U32 Pin=J8-45
Added Pin To Net: NetName=AUDIO_2_R_BUF_U33 Pin=J8-45
Added Pin To Net: NetName=GND_M0 Pin=J8-46
Added Pin To Net: NetName=GND_M1 Pin=J8-46
Added Pin To Net: NetName=GND_M2 Pin=J8-46
Added Pin To Net: NetName=GND_M0 Pin=J8-47
Added Pin To Net: NetName=GND_M1 Pin=J8-47
Added Pin To Net: NetName=GND_M2 Pin=J8-47
Added Pin To Net: NetName=CTRL_8A_M0 Pin=J9-0
Added Pin To Net: NetName=CTRL_8A_M1 Pin=J9-0
Added Pin To Net: NetName=CTRL_8A_M2 Pin=J9-0
Added Pin To Net: NetName=CTRL_8B_M0 Pin=J9-1
Added Pin To Net: NetName=CTRL_8B_M1 Pin=J9-1
Added Pin To Net: NetName=CTRL_8B_M2 Pin=J9-1
Added Pin To Net: NetName=CTRL_8C_M0 Pin=J9-2
Added Pin To Net: NetName=CTRL_8C_M1 Pin=J9-2
Added Pin To Net: NetName=CTRL_8C_M2 Pin=J9-2
Added Pin To Net: NetName=MISO Pin=K1-1
Added Pin To Net: NetName=SCK Pin=K1-3
Added Pin To Net: NetName=MOSI Pin=K1-4
Added Pin To Net: NetName=RST Pin=K1-5
Added Pin To Net: NetName=RST Pin=K2-1
Added Pin To Net: NetName=NetR1_1 Pin=R1-1
Added Pin To Net: NetName=VCC Pin=R1-2
Added Pin To Net: NetName=CV0_OUT Pin=R2-1
Added Pin To Net: NetName=NetR2_1 Pin=R2-1
Added Pin To Net: NetName=NetR1_1 Pin=R2-2
Added Pin To Net: NetName=NetR2_2 Pin=R2-2
Added Pin To Net: NetName=NetR3_1 Pin=R3-1
Added Pin To Net: NetName=NetR2_1 Pin=R3-2
Added Pin To Net: NetName=NetR3_2 Pin=R3-2
Added Pin To Net: NetName=NetC3_2 Pin=R4-1
Added Pin To Net: NetName=NetR4_1 Pin=R4-1
Added Pin To Net: NetName=NetD2_1 Pin=R4-2
Added Pin To Net: NetName=NetR3_2 Pin=R4-2
Added Pin To Net: NetName=NetR4_1 Pin=R5-1
Added Pin To Net: NetName=NetR5_1 Pin=R5-1
Added Pin To Net: NetName=GND_U11 Pin=R5-2
Added Pin To Net: NetName=GND_U12 Pin=R5-2
Added Pin To Net: NetName=GND_U13 Pin=R5-2
Added Pin To Net: NetName=CV1_OUT Pin=R6-1
Added Pin To Net: NetName=NetD2_1 Pin=R6-1
Added Pin To Net: NetName=GND_U11 Pin=R6-2
Added Pin To Net: NetName=GND_U12 Pin=R6-2
Added Pin To Net: NetName=GND_U13 Pin=R6-2
Added Pin To Net: NetName=NetR5_1 Pin=R6-2
Added Pin To Net: NetName=NetD2_1 Pin=R7-0
Added Pin To Net: NetName=NetD2_1 Pin=R7-1
Added Pin To Net: NetName=NetR7_1 Pin=R7-1
Added Pin To Net: NetName=NetC9_2 Pin=R7-2
Added Pin To Net: NetName=NetR7_2 Pin=R7-2
Added Pin To Net: NetName=NetR8_1 Pin=R8-1
Added Pin To Net: NetName=NetC9_2 Pin=R8-2
Added Pin To Net: NetName=NetR7_2 Pin=R8-2
Added Pin To Net: NetName=NetR8_1 Pin=R9-1
Added Pin To Net: NetName=GND_U11 Pin=R9-2
Added Pin To Net: NetName=GND_U12 Pin=R9-2
Added Pin To Net: NetName=GND_U13 Pin=R9-2
Added Pin To Net: NetName=RST Pin=R9-2
Added Pin To Net: NetName=NetD1_A Pin=R10-1
Added Pin To Net: NetName=NetR10_1 Pin=R10-1
Added Pin To Net: NetName=NetR10_2 Pin=R10-2
Added Pin To Net: NetName=NetC9_2 Pin=R11-1
Added Pin To Net: NetName=NetD2_2 Pin=R11-1
Added Pin To Net: NetName=NetJ1_4 Pin=R11-2
Added Pin To Net: NetName=NetR11_2 Pin=R11-2
Added Pin To Net: NetName=MIDI_IN Pin=R12-1
Added Pin To Net: NetName=NetR10_1 Pin=R12-1
Added Pin To Net: NetName=+5V Pin=R12-2
Added Pin To Net: NetName=GND_U11 Pin=R12-2
Added Pin To Net: NetName=GND_U12 Pin=R12-2
Added Pin To Net: NetName=GND_U13 Pin=R12-2
Added Pin To Net: NetName=GND Pin=R13-1
Added Pin To Net: NetName=NetR10_2 Pin=R13-1
Added Pin To Net: NetName=NetR11_2 Pin=R13-2
Added Pin To Net: NetName=NetR13_2 Pin=R13-2
Added Pin To Net: NetName=NetJ2_4 Pin=R14-1
Added Pin To Net: NetName=NetR14_1 Pin=R14-1
Added Pin To Net: NetName=NetC9_1 Pin=R14-2
Added Pin To Net: NetName=NetR10_2 Pin=R15-0
Added Pin To Net: NetName=NetR14_1 Pin=R15-1
Added Pin To Net: NetName=NetR15_1 Pin=R15-1
Added Pin To Net: NetName=NetJ2_5 Pin=R15-2
Added Pin To Net: NetName=NetR15_2 Pin=R15-2
Added Pin To Net: NetName=GND_U11 Pin=R16-1
Added Pin To Net: NetName=GND_U12 Pin=R16-1
Added Pin To Net: NetName=GND_U13 Pin=R16-1
Added Pin To Net: NetName=NetR15_2 Pin=R16-2
Added Pin To Net: NetName=NetR2_2 Pin=R17-1
Added Pin To Net: NetName=GND_U11 Pin=R17-2
Added Pin To Net: NetName=GND_U12 Pin=R17-2
Added Pin To Net: NetName=GND_U13 Pin=R17-2
Added Pin To Net: NetName=GND_U11 Pin=R18-0
Added Pin To Net: NetName=GND_U12 Pin=R18-0
Added Pin To Net: NetName=GND_U13 Pin=R18-0
Added Pin To Net: NetName=NetC10_1 Pin=R18-1
Added Pin To Net: NetName=NetR18_2 Pin=R18-2
Added Pin To Net: NetName=NetR19_1 Pin=R19-1
Added Pin To Net: NetName=NetC10_2 Pin=R19-2
Added Pin To Net: NetName=GND_U11 Pin=R20-1
Added Pin To Net: NetName=GND_U12 Pin=R20-1
Added Pin To Net: NetName=GND_U13 Pin=R20-1
Added Pin To Net: NetName=NetR20_2 Pin=R20-2
Added Pin To Net: NetName=NetR21_1 Pin=R21-1
Added Pin To Net: NetName=NetR20_2 Pin=R21-2
Added Pin To Net: NetName=GND_U11 Pin=R22-0
Added Pin To Net: NetName=GND_U12 Pin=R22-0
Added Pin To Net: NetName=GND_U13 Pin=R22-0
Added Pin To Net: NetName=NetC11_1 Pin=R22-1
Added Pin To Net: NetName=NetR22_2 Pin=R22-2
Added Pin To Net: NetName=NetR19_1 Pin=R23-1
Added Pin To Net: NetName=NetC11_2 Pin=R23-2
Added Pin To Net: NetName=GND_U11 Pin=R24-0
Added Pin To Net: NetName=GND_U12 Pin=R24-0
Added Pin To Net: NetName=GND_U13 Pin=R24-0
Added Pin To Net: NetName=NetR24_1 Pin=R24-1
Added Pin To Net: NetName=NetR19_1 Pin=R24-2
Added Pin To Net: NetName=GND_U11 Pin=R25-0
Added Pin To Net: NetName=GND_U12 Pin=R25-0
Added Pin To Net: NetName=GND_U13 Pin=R25-0
Added Pin To Net: NetName=NetC12_1 Pin=R25-1
Added Pin To Net: NetName=NetR25_2 Pin=R25-2
Added Pin To Net: NetName=NetR19_1 Pin=R26-1
Added Pin To Net: NetName=NetC12_2 Pin=R26-2
Added Pin To Net: NetName=NetC3_2 Pin=S1-2
Added Pin To Net: NetName=NetR7_1 Pin=S2-1
Added Pin To Net: NetName=CV_0_CS Pin=U1-2
Added Pin To Net: NetName=SCK Pin=U1-3
Added Pin To Net: NetName=VCC Pin=U1-3
Added Pin To Net: NetName=MOSI Pin=U1-4
Added Pin To Net: NetName=NetU1_8 Pin=U1-8
Added Pin To Net: NetName=AUDIO_1_L_BUF_U31 Pin=U2-1
Added Pin To Net: NetName=AUDIO_1_L_BUF_U32 Pin=U2-1
Added Pin To Net: NetName=AUDIO_1_L_BUF_U33 Pin=U2-1
Added Pin To Net: NetName=AUDIO_1_L_BUF_U31 Pin=U2-2
Added Pin To Net: NetName=AUDIO_1_L_BUF_U32 Pin=U2-2
Added Pin To Net: NetName=AUDIO_1_L_BUF_U33 Pin=U2-2
Added Pin To Net: NetName=AUDIO_1_L_U31 Pin=U2-3
Added Pin To Net: NetName=AUDIO_1_L_U32 Pin=U2-3
Added Pin To Net: NetName=AUDIO_1_L_U33 Pin=U2-3
Added Pin To Net: NetName=NetU1_8 Pin=U2-3
Added Pin To Net: NetName=+12V_M0 Pin=U2-4
Added Pin To Net: NetName=+12V_M1 Pin=U2-4
Added Pin To Net: NetName=+12V_M2 Pin=U2-4
Added Pin To Net: NetName=-12V Pin=U2-4
Added Pin To Net: NetName=AUDIO_1_R_U31 Pin=U2-5
Added Pin To Net: NetName=AUDIO_1_R_U32 Pin=U2-5
Added Pin To Net: NetName=AUDIO_1_R_U33 Pin=U2-5
Added Pin To Net: NetName=NetC3_2 Pin=U2-5
Added Pin To Net: NetName=AUDIO_1_R_BUF_U31 Pin=U2-6
Added Pin To Net: NetName=AUDIO_1_R_BUF_U32 Pin=U2-6
Added Pin To Net: NetName=AUDIO_1_R_BUF_U33 Pin=U2-6
Added Pin To Net: NetName=NetR1_1 Pin=U2-6
Added Pin To Net: NetName=AUDIO_1_R_BUF_U31 Pin=U2-7
Added Pin To Net: NetName=AUDIO_1_R_BUF_U32 Pin=U2-7
Added Pin To Net: NetName=AUDIO_1_R_BUF_U33 Pin=U2-7
Added Pin To Net: NetName=CV0_OUT Pin=U2-7
Added Pin To Net: NetName=+12V Pin=U2-8
Added Pin To Net: NetName=AUDIO_2_L_BUF_U31 Pin=U2-8
Added Pin To Net: NetName=AUDIO_2_L_BUF_U32 Pin=U2-8
Added Pin To Net: NetName=AUDIO_2_L_BUF_U33 Pin=U2-8
Added Pin To Net: NetName=AUDIO_2_L_BUF_U31 Pin=U2-9
Added Pin To Net: NetName=AUDIO_2_L_BUF_U32 Pin=U2-9
Added Pin To Net: NetName=AUDIO_2_L_BUF_U33 Pin=U2-9
Added Pin To Net: NetName=AUDIO_2_L_U31 Pin=U2-10
Added Pin To Net: NetName=AUDIO_2_L_U32 Pin=U2-10
Added Pin To Net: NetName=AUDIO_2_L_U33 Pin=U2-10
Added Pin To Net: NetName=-12V_M0 Pin=U2-11
Added Pin To Net: NetName=-12V_M1 Pin=U2-11
Added Pin To Net: NetName=-12V_M2 Pin=U2-11
Added Pin To Net: NetName=AUDIO_2_R_U31 Pin=U2-12
Added Pin To Net: NetName=AUDIO_2_R_U32 Pin=U2-12
Added Pin To Net: NetName=AUDIO_2_R_U33 Pin=U2-12
Added Pin To Net: NetName=AUDIO_2_R_BUF_U31 Pin=U2-13
Added Pin To Net: NetName=AUDIO_2_R_BUF_U32 Pin=U2-13
Added Pin To Net: NetName=AUDIO_2_R_BUF_U33 Pin=U2-13
Added Pin To Net: NetName=AUDIO_2_R_BUF_U31 Pin=U2-14
Added Pin To Net: NetName=AUDIO_2_R_BUF_U32 Pin=U2-14
Added Pin To Net: NetName=AUDIO_2_R_BUF_U33 Pin=U2-14
Added Pin To Net: NetName=CV_0_BUF_U31 Pin=U3-1
Added Pin To Net: NetName=CV_0_BUF_U32 Pin=U3-1
Added Pin To Net: NetName=CV_0_BUF_U33 Pin=U3-1
Added Pin To Net: NetName=RST Pin=U3-1
Added Pin To Net: NetName=CV_0_BUF_U31 Pin=U3-2
Added Pin To Net: NetName=CV_0_BUF_U32 Pin=U3-2
Added Pin To Net: NetName=CV_0_BUF_U33 Pin=U3-2
Added Pin To Net: NetName=MIDI Pin=U3-2
Added Pin To Net: NetName=CV_0_U31 Pin=U3-3
Added Pin To Net: NetName=CV_0_U32 Pin=U3-3
Added Pin To Net: NetName=CV_0_U33 Pin=U3-3
Added Pin To Net: NetName=+12V_M0 Pin=U3-4
Added Pin To Net: NetName=+12V_M1 Pin=U3-4
Added Pin To Net: NetName=+12V_M2 Pin=U3-4
Added Pin To Net: NetName=PWM_0_U31 Pin=U3-5
Added Pin To Net: NetName=PWM_0_U32 Pin=U3-5
Added Pin To Net: NetName=PWM_0_U33 Pin=U3-5
Added Pin To Net: NetName=PWM_0_BUF_U31 Pin=U3-6
Added Pin To Net: NetName=PWM_0_BUF_U32 Pin=U3-6
Added Pin To Net: NetName=PWM_0_BUF_U33 Pin=U3-6
Added Pin To Net: NetName=PWM_0_BUF_U31 Pin=U3-7
Added Pin To Net: NetName=PWM_0_BUF_U32 Pin=U3-7
Added Pin To Net: NetName=PWM_0_BUF_U33 Pin=U3-7
Added Pin To Net: NetName=GPIO_0_BUF_U31 Pin=U3-8
Added Pin To Net: NetName=GPIO_0_BUF_U32 Pin=U3-8
Added Pin To Net: NetName=GPIO_0_BUF_U33 Pin=U3-8
Added Pin To Net: NetName=GPIO_0_BUF_U31 Pin=U3-9
Added Pin To Net: NetName=GPIO_0_BUF_U32 Pin=U3-9
Added Pin To Net: NetName=GPIO_0_BUF_U33 Pin=U3-9
Added Pin To Net: NetName=GPIO_0_U31 Pin=U3-10
Added Pin To Net: NetName=GPIO_0_U32 Pin=U3-10
Added Pin To Net: NetName=GPIO_0_U33 Pin=U3-10
Added Pin To Net: NetName=GND_M0 Pin=U3-11
Added Pin To Net: NetName=GND_M1 Pin=U3-11
Added Pin To Net: NetName=GND_M2 Pin=U3-11
Added Pin To Net: NetName=PWM_1 Pin=U3-11
Added Pin To Net: NetName=CV_1_U31 Pin=U3-12
Added Pin To Net: NetName=CV_1_U32 Pin=U3-12
Added Pin To Net: NetName=CV_1_U33 Pin=U3-12
Added Pin To Net: NetName=PWM_0 Pin=U3-12
Added Pin To Net: NetName=CV_0_M0 Pin=U3-13
Added Pin To Net: NetName=CV_0_M1 Pin=U3-13
Added Pin To Net: NetName=CV_0_M2 Pin=U3-13
Added Pin To Net: NetName=CV_1_CS Pin=U3-13
Added Pin To Net: NetName=CV_0_M0 Pin=U3-14
Added Pin To Net: NetName=CV_0_M1 Pin=U3-14
Added Pin To Net: NetName=CV_0_M2 Pin=U3-14
Added Pin To Net: NetName=PWM_0_M0 Pin=U4-1
Added Pin To Net: NetName=PWM_0_M1 Pin=U4-1
Added Pin To Net: NetName=PWM_0_M2 Pin=U4-1
Added Pin To Net: NetName=CV_1_CS Pin=U4-2
Added Pin To Net: NetName=PWM_0_M0 Pin=U4-2
Added Pin To Net: NetName=PWM_0_M1 Pin=U4-2
Added Pin To Net: NetName=PWM_0_M2 Pin=U4-2
Added Pin To Net: NetName=PWM_1_U31 Pin=U4-3
Added Pin To Net: NetName=PWM_1_U32 Pin=U4-3
Added Pin To Net: NetName=PWM_1_U33 Pin=U4-3
Added Pin To Net: NetName=SCK Pin=U4-3
Added Pin To Net: NetName=+12V_M0 Pin=U4-4
Added Pin To Net: NetName=+12V_M1 Pin=U4-4
Added Pin To Net: NetName=+12V_M2 Pin=U4-4
Added Pin To Net: NetName=MOSI Pin=U4-4
Added Pin To Net: NetName=GPIO_1_U31 Pin=U4-5
Added Pin To Net: NetName=GPIO_1_U32 Pin=U4-5
Added Pin To Net: NetName=GPIO_1_U33 Pin=U4-5
Added Pin To Net: NetName=GPIO_1_BUF_U31 Pin=U4-6
Added Pin To Net: NetName=GPIO_1_BUF_U32 Pin=U4-6
Added Pin To Net: NetName=GPIO_1_BUF_U33 Pin=U4-6
Added Pin To Net: NetName=GPIO_1_BUF_U31 Pin=U4-7
Added Pin To Net: NetName=GPIO_1_BUF_U32 Pin=U4-7
Added Pin To Net: NetName=GPIO_1_BUF_U33 Pin=U4-7
Added Pin To Net: NetName=GATE_0_BUF_U31 Pin=U4-8
Added Pin To Net: NetName=GATE_0_BUF_U32 Pin=U4-8
Added Pin To Net: NetName=GATE_0_BUF_U33 Pin=U4-8
Added Pin To Net: NetName=NetU4_8 Pin=U4-8
Added Pin To Net: NetName=GATE_0_BUF_U31 Pin=U4-9
Added Pin To Net: NetName=GATE_0_BUF_U32 Pin=U4-9
Added Pin To Net: NetName=GATE_0_BUF_U33 Pin=U4-9
Added Pin To Net: NetName=GATE_0_U31 Pin=U4-10
Added Pin To Net: NetName=GATE_0_U32 Pin=U4-10
Added Pin To Net: NetName=GATE_0_U33 Pin=U4-10
Added Pin To Net: NetName=GND_M0 Pin=U4-11
Added Pin To Net: NetName=GND_M1 Pin=U4-11
Added Pin To Net: NetName=GND_M2 Pin=U4-11
Added Pin To Net: NetName=MIDI_IN_U31 Pin=U4-12
Added Pin To Net: NetName=MIDI_IN_U32 Pin=U4-12
Added Pin To Net: NetName=MIDI_IN_U33 Pin=U4-12
Added Pin To Net: NetName=MIDI_IN_BUF_U31 Pin=U4-13
Added Pin To Net: NetName=MIDI_IN_BUF_U32 Pin=U4-13
Added Pin To Net: NetName=MIDI_IN_BUF_U33 Pin=U4-13
Added Pin To Net: NetName=MIDI_IN_BUF_U31 Pin=U4-14
Added Pin To Net: NetName=MIDI_IN_BUF_U32 Pin=U4-14
Added Pin To Net: NetName=MIDI_IN_BUF_U33 Pin=U4-14
Added Pin To Net: NetName=GPIO_2_BUF_U31 Pin=U5-1
Added Pin To Net: NetName=GPIO_2_BUF_U32 Pin=U5-1
Added Pin To Net: NetName=GPIO_2_BUF_U33 Pin=U5-1
Added Pin To Net: NetName=NetR7_1 Pin=U5-1
Added Pin To Net: NetName=GPIO_2_BUF_U31 Pin=U5-2
Added Pin To Net: NetName=GPIO_2_BUF_U32 Pin=U5-2
Added Pin To Net: NetName=GPIO_2_BUF_U33 Pin=U5-2
Added Pin To Net: NetName=NetR7_1 Pin=U5-2
Added Pin To Net: NetName=GPIO_2_U31 Pin=U5-3
Added Pin To Net: NetName=GPIO_2_U32 Pin=U5-3
Added Pin To Net: NetName=GPIO_2_U33 Pin=U5-3
Added Pin To Net: NetName=NetU4_8 Pin=U5-3
Added Pin To Net: NetName=+12V_M0 Pin=U5-4
Added Pin To Net: NetName=+12V_M1 Pin=U5-4
Added Pin To Net: NetName=+12V_M2 Pin=U5-4
Added Pin To Net: NetName=-12V Pin=U5-4
Added Pin To Net: NetName=GATE_1_U31 Pin=U5-5
Added Pin To Net: NetName=GATE_1_U32 Pin=U5-5
Added Pin To Net: NetName=GATE_1_U33 Pin=U5-5
Added Pin To Net: NetName=GATE_0_M0 Pin=U5-6
Added Pin To Net: NetName=GATE_0_M1 Pin=U5-6
Added Pin To Net: NetName=GATE_0_M2 Pin=U5-6
Added Pin To Net: NetName=NetR5_1 Pin=U5-6
Added Pin To Net: NetName=CV1_OUT Pin=U5-7
Added Pin To Net: NetName=GATE_0_M0 Pin=U5-7
Added Pin To Net: NetName=GATE_0_M1 Pin=U5-7
Added Pin To Net: NetName=GATE_0_M2 Pin=U5-7
Added Pin To Net: NetName=+12V Pin=U5-8
Added Pin To Net: NetName=MIDI_OUT_BUF_U31 Pin=U5-8
Added Pin To Net: NetName=MIDI_OUT_BUF_U32 Pin=U5-8
Added Pin To Net: NetName=MIDI_OUT_BUF_U33 Pin=U5-8
Added Pin To Net: NetName=MIDI_OUT_BUF_U31 Pin=U5-9
Added Pin To Net: NetName=MIDI_OUT_BUF_U32 Pin=U5-9
Added Pin To Net: NetName=MIDI_OUT_BUF_U33 Pin=U5-9
Added Pin To Net: NetName=MIDI_OUT_U31 Pin=U5-10
Added Pin To Net: NetName=MIDI_OUT_U32 Pin=U5-10
Added Pin To Net: NetName=MIDI_OUT_U33 Pin=U5-10
Added Pin To Net: NetName=GND_M0 Pin=U5-11
Added Pin To Net: NetName=GND_M1 Pin=U5-11
Added Pin To Net: NetName=GND_M2 Pin=U5-11
Added Pin To Net: NetName=GPIO_3_U31 Pin=U5-12
Added Pin To Net: NetName=GPIO_3_U32 Pin=U5-12
Added Pin To Net: NetName=GPIO_3_U33 Pin=U5-12
Added Pin To Net: NetName=GPIO_3_BUF_U31 Pin=U5-13
Added Pin To Net: NetName=GPIO_3_BUF_U32 Pin=U5-13
Added Pin To Net: NetName=GPIO_3_BUF_U33 Pin=U5-13
Added Pin To Net: NetName=GPIO_3_BUF_U31 Pin=U5-14
Added Pin To Net: NetName=GPIO_3_BUF_U32 Pin=U5-14
Added Pin To Net: NetName=GPIO_3_BUF_U33 Pin=U5-14
Added Pin To Net: NetName=NetR2_1 Pin=U6-1
Added Pin To Net: NetName=NetD2_2 Pin=U6-2
Added Pin To Net: NetName=NetR2_2 Pin=U6-2
Added Pin To Net: NetName=NetR4_1 Pin=U6-3
Added Pin To Net: NetName=+12V_U11 Pin=U6-4
Added Pin To Net: NetName=+12V_U12 Pin=U6-4
Added Pin To Net: NetName=+12V_U13 Pin=U6-4
Added Pin To Net: NetName=GND Pin=U6-5
Added Pin To Net: NetName=NetR11_2 Pin=U6-5
Added Pin To Net: NetName=MIDI_IN Pin=U6-6
Added Pin To Net: NetName=NetR10_2 Pin=U6-7
Added Pin To Net: NetName=NetR13_2 Pin=U6-7
Added Pin To Net: NetName=+5V Pin=U6-8
Added Pin To Net: NetName=NetC9_2 Pin=U6-8
Added Pin To Net: NetName=NetC9_1 Pin=U6-9
Added Pin To Net: NetName=GND_U11 Pin=U6-10
Added Pin To Net: NetName=GND_U12 Pin=U6-10
Added Pin To Net: NetName=GND_U13 Pin=U6-10
Added Pin To Net: NetName=-12V_U11 Pin=U6-11
Added Pin To Net: NetName=-12V_U12 Pin=U6-11
Added Pin To Net: NetName=-12V_U13 Pin=U6-11
Added Pin To Net: NetName=NetR3_1 Pin=U6-12
Added Pin To Net: NetName=NetR18_2 Pin=U6-13
Added Pin To Net: NetName=NetR18_2 Pin=U6-14
Added Pin To Net: NetName=NetR21_1 Pin=U7-1
Added Pin To Net: NetName=NetU7_1 Pin=U7-1
Added Pin To Net: NetName=NetR15_1 Pin=U7-2
Added Pin To Net: NetName=NetR20_2 Pin=U7-2
Added Pin To Net: NetName=NetR24_1 Pin=U7-3
Added Pin To Net: NetName=+12V_U11 Pin=U7-4
Added Pin To Net: NetName=+12V_U12 Pin=U7-4
Added Pin To Net: NetName=+12V_U13 Pin=U7-4
Added Pin To Net: NetName=NetU7_1 Pin=U7-4
Added Pin To Net: NetName=NetR8_1 Pin=U7-5
Added Pin To Net: NetName=NetR22_2 Pin=U7-6
Added Pin To Net: NetName=NetR22_2 Pin=U7-7
Added Pin To Net: NetName=NetR25_2 Pin=U7-8
Added Pin To Net: NetName=NetR25_2 Pin=U7-9
Added Pin To Net: NetName=NetR10_1 Pin=U7-10
Added Pin To Net: NetName=-12V_U11 Pin=U7-11
Added Pin To Net: NetName=-12V_U12 Pin=U7-11
Added Pin To Net: NetName=-12V_U13 Pin=U7-11
Added Pin To Net: NetName=VCC Pin=U7-14
Added Member To Class: ClassName=Designator Member=Component C1 Cap
Added Member To Class: ClassName=U_MIDI_CV_Converter Member=Component C1 Cap
Added Member To Class: ClassName=Designator Member=Component C2 Cap
Added Member To Class: ClassName=U_MIDI_CV_Converter Member=Component C2 Cap
Added Member To Class: ClassName=Designator Member=Component C3 Cap
Added Member To Class: ClassName=U_MIDI_CV_Converter Member=Component C3 Cap
Added Member To Class: ClassName=Designator Member=Component C4 Cap
Added Member To Class: ClassName=U_MIDI_CV_Converter Member=Component C4 Cap
Added Member To Class: ClassName=U31 Member=Component C5 Cap
Added Member To Class: ClassName=U32 Member=Component C5 Cap
Added Member To Class: ClassName=U33 Member=Component C5 Cap
Added Member To Class: ClassName=U_MIDI_CV_Converter Member=Component C5 Cap
Added Member To Class: ClassName=U31 Member=Component C6 Cap
Added Member To Class: ClassName=U32 Member=Component C6 Cap
Added Member To Class: ClassName=U33 Member=Component C6 Cap
Added Member To Class: ClassName=U_MIDI_CV_Converter Member=Component C6 Cap
Added Member To Class: ClassName=U31 Member=Component C7 Cap
Added Member To Class: ClassName=U32 Member=Component C7 Cap
Added Member To Class: ClassName=U33 Member=Component C7 Cap
Added Member To Class: ClassName=U_MIDI_CV_Converter Member=Component C7 Cap
Added Member To Class: ClassName=U31 Member=Component C8 Cap
Added Member To Class: ClassName=U32 Member=Component C8 Cap
Added Member To Class: ClassName=U33 Member=Component C8 Cap
Added Member To Class: ClassName=U_MIDI_CV_Converter Member=Component C8 Cap
Added Member To Class: ClassName=U11 Member=Component C9 Cap2
Added Member To Class: ClassName=U12 Member=Component C9 Cap2
Added Member To Class: ClassName=U13 Member=Component C9 Cap2
Added Member To Class: ClassName=U_MIDI_CV_Converter Member=Component C9 Cap
Added Member To Class: ClassName=U21 Member=Component C10 Cap2
Added Member To Class: ClassName=U22 Member=Component C10 Cap2
Added Member To Class: ClassName=U23 Member=Component C10 Cap2
Added Member To Class: ClassName=U_MIDI_CV_Converter Member=Component C10 Cap
Added Member To Class: ClassName=U21 Member=Component C11 Cap2
Added Member To Class: ClassName=U22 Member=Component C11 Cap2
Added Member To Class: ClassName=U23 Member=Component C11 Cap2
Added Member To Class: ClassName=U_MIDI_CV_Converter Member=Component C11 Cap
Added Member To Class: ClassName=U21 Member=Component C12 Cap2
Added Member To Class: ClassName=U22 Member=Component C12 Cap2
Added Member To Class: ClassName=U23 Member=Component C12 Cap2
Added Member To Class: ClassName=U_MIDI_CV_Converter Member=Component C12 Cap
Added Member To Class: ClassName=U_MIDI_CV_Converter Member=Component C13 Cap
Added Member To Class: ClassName=U_MIDI_CV_Converter Member=Component C14 Cap
Added Member To Class: ClassName=U_MIDI_CV_Converter Member=Component C15 Cap
Added Member To Class: ClassName=U_MIDI_CV_Converter Member=Component C16 Cap
Added Member To Class: ClassName=Designator Member=Component D1 RED
Added Member To Class: ClassName=U_MIDI_CV_Converter Member=Component D1 GREEN
Added Member To Class: ClassName=U11 Member=Component D2 1N914
Added Member To Class: ClassName=U12 Member=Component D2 1N914
Added Member To Class: ClassName=U13 Member=Component D2 1N914
Added Member To Class: ClassName=U_MIDI_INPUT Member=Component D2 1N914
Added Member To Class: ClassName=U11 Member=Component D3 1N914
Added Member To Class: ClassName=U12 Member=Component D3 1N914
Added Member To Class: ClassName=U13 Member=Component D3 1N914
Added Member To Class: ClassName=M0 Member=Component J1 CTRL_INPUT_Generic
Added Member To Class: ClassName=M1 Member=Component J1 CTRL_INPUT_Generic
Added Member To Class: ClassName=M2 Member=Component J1 CTRL_INPUT_Generic
Added Member To Class: ClassName=U_MIDI_INPUT Member=Component J1 MIDI INPUT
Added Member To Class: ClassName=M0 Member=Component J2 CTRL_INPUT_Generic
Added Member To Class: ClassName=M1 Member=Component J2 CTRL_INPUT_Generic
Added Member To Class: ClassName=M2 Member=Component J2 CTRL_INPUT_Generic
Added Member To Class: ClassName=U_MIDI_OUTPUT Member=Component J2 MIDI OUTPUT
Added Member To Class: ClassName=M0 Member=Component J3 CTRL_INPUT_Generic
Added Member To Class: ClassName=M1 Member=Component J3 CTRL_INPUT_Generic
Added Member To Class: ClassName=M2 Member=Component J3 CTRL_INPUT_Generic
Added Member To Class: ClassName=M0 Member=Component J4 CTRL_INPUT_Generic
Added Member To Class: ClassName=M1 Member=Component J4 CTRL_INPUT_Generic
Added Member To Class: ClassName=M2 Member=Component J4 CTRL_INPUT_Generic
Added Member To Class: ClassName=M0 Member=Component J5 CTRL_INPUT_Generic
Added Member To Class: ClassName=M1 Member=Component J5 CTRL_INPUT_Generic
Added Member To Class: ClassName=M2 Member=Component J5 CTRL_INPUT_Generic
Added Member To Class: ClassName=M0 Member=Component J6 CTRL_INPUT_Generic
Added Member To Class: ClassName=M1 Member=Component J6 CTRL_INPUT_Generic
Added Member To Class: ClassName=M2 Member=Component J6 CTRL_INPUT_Generic
Added Member To Class: ClassName=M0 Member=Component J7 CTRL_INPUT_Generic
Added Member To Class: ClassName=M1 Member=Component J7 CTRL_INPUT_Generic
Added Member To Class: ClassName=M2 Member=Component J7 CTRL_INPUT_Generic
Added Member To Class: ClassName=M0 Member=Component J8 MODULE
Added Member To Class: ClassName=M1 Member=Component J8 MODULE
Added Member To Class: ClassName=M2 Member=Component J8 MODULE
Added Member To Class: ClassName=M0 Member=Component J9 CTRL_INPUT_Generic
Added Member To Class: ClassName=M1 Member=Component J9 CTRL_INPUT_Generic
Added Member To Class: ClassName=M2 Member=Component J9 CTRL_INPUT_Generic
Added Member To Class: ClassName=U_MIDI_CV_Converter Member=Component K1 MCU PROG
Added Member To Class: ClassName=U_MIDI_CV_Converter Member=Component K2 RESET
Added Member To Class: ClassName=Designator Member=Component R1 
Added Member To Class: ClassName=U_MIDI_CV_Converter Member=Component R1 
Added Member To Class: ClassName=U11 Member=Component R2 Res1
Added Member To Class: ClassName=U12 Member=Component R2 Res1
Added Member To Class: ClassName=U13 Member=Component R2 Res1
Added Member To Class: ClassName=U_MIDI_CV_Converter Member=Component R2 
Added Member To Class: ClassName=U11 Member=Component R3 Res1
Added Member To Class: ClassName=U12 Member=Component R3 Res1
Added Member To Class: ClassName=U13 Member=Component R3 Res1
Added Member To Class: ClassName=U_MIDI_CV_Converter Member=Component R3 Res Adj1
Added Member To Class: ClassName=U11 Member=Component R4 Res1
Added Member To Class: ClassName=U12 Member=Component R4 Res1
Added Member To Class: ClassName=U13 Member=Component R4 Res1
Added Member To Class: ClassName=U_MIDI_CV_Converter Member=Component R4 
Added Member To Class: ClassName=U11 Member=Component R5 Res1
Added Member To Class: ClassName=U12 Member=Component R5 Res1
Added Member To Class: ClassName=U13 Member=Component R5 Res1
Added Member To Class: ClassName=U_MIDI_CV_Converter Member=Component R5 
Added Member To Class: ClassName=U11 Member=Component R6 Res1
Added Member To Class: ClassName=U12 Member=Component R6 Res1
Added Member To Class: ClassName=U13 Member=Component R6 Res1
Added Member To Class: ClassName=U_MIDI_CV_Converter Member=Component R6 
Added Member To Class: ClassName=U11 Member=Component R7 Trim
Added Member To Class: ClassName=U12 Member=Component R7 Trim
Added Member To Class: ClassName=U13 Member=Component R7 Trim
Added Member To Class: ClassName=U_MIDI_CV_Converter Member=Component R7 Res Adj1
Added Member To Class: ClassName=U11 Member=Component R8 Res1
Added Member To Class: ClassName=U12 Member=Component R8 Res1
Added Member To Class: ClassName=U13 Member=Component R8 Res1
Added Member To Class: ClassName=U_MIDI_CV_Converter Member=Component R8 
Added Member To Class: ClassName=U11 Member=Component R9 Res1
Added Member To Class: ClassName=U12 Member=Component R9 Res1
Added Member To Class: ClassName=U13 Member=Component R9 Res1
Added Member To Class: ClassName=U_MIDI_CV_Converter Member=Component R9 
Added Member To Class: ClassName=U11 Member=Component R10 Res1
Added Member To Class: ClassName=U12 Member=Component R10 Res1
Added Member To Class: ClassName=U13 Member=Component R10 Res1
Added Member To Class: ClassName=U_MIDI_CV_Converter Member=Component R10 
Added Member To Class: ClassName=U11 Member=Component R11 Res1
Added Member To Class: ClassName=U12 Member=Component R11 Res1
Added Member To Class: ClassName=U13 Member=Component R11 Res1
Added Member To Class: ClassName=U_MIDI_INPUT Member=Component R11 
Added Member To Class: ClassName=U11 Member=Component R12 Res1
Added Member To Class: ClassName=U12 Member=Component R12 Res1
Added Member To Class: ClassName=U13 Member=Component R12 Res1
Added Member To Class: ClassName=U_MIDI_INPUT Member=Component R12 
Added Member To Class: ClassName=U11 Member=Component R13 Res1
Added Member To Class: ClassName=U12 Member=Component R13 Res1
Added Member To Class: ClassName=U13 Member=Component R13 Res1
Added Member To Class: ClassName=U_MIDI_INPUT Member=Component R13 
Added Member To Class: ClassName=U11 Member=Component R14 Res1
Added Member To Class: ClassName=U12 Member=Component R14 Res1
Added Member To Class: ClassName=U13 Member=Component R14 Res1
Added Member To Class: ClassName=U_MIDI_OUTPUT Member=Component R14 
Added Member To Class: ClassName=U11 Member=Component R15 FREQ
Added Member To Class: ClassName=U12 Member=Component R15 FREQ
Added Member To Class: ClassName=U13 Member=Component R15 FREQ
Added Member To Class: ClassName=U_MIDI_OUTPUT Member=Component R15 
Added Member To Class: ClassName=U11 Member=Component R16 Res1
Added Member To Class: ClassName=U12 Member=Component R16 Res1
Added Member To Class: ClassName=U13 Member=Component R16 Res1
Added Member To Class: ClassName=U11 Member=Component R17 Res1
Added Member To Class: ClassName=U12 Member=Component R17 Res1
Added Member To Class: ClassName=U13 Member=Component R17 Res1
Added Member To Class: ClassName=U21 Member=Component R18 SIN_AMT
Added Member To Class: ClassName=U22 Member=Component R18 SIN_AMT
Added Member To Class: ClassName=U23 Member=Component R18 SIN_AMT
Added Member To Class: ClassName=U21 Member=Component R19 Res1
Added Member To Class: ClassName=U22 Member=Component R19 Res1
Added Member To Class: ClassName=U23 Member=Component R19 Res1
Added Member To Class: ClassName=U21 Member=Component R20 Res1
Added Member To Class: ClassName=U22 Member=Component R20 Res1
Added Member To Class: ClassName=U23 Member=Component R20 Res1
Added Member To Class: ClassName=U21 Member=Component R21 Res1
Added Member To Class: ClassName=U22 Member=Component R21 Res1
Added Member To Class: ClassName=U23 Member=Component R21 Res1
Added Member To Class: ClassName=U21 Member=Component R22 TRI_AMT
Added Member To Class: ClassName=U22 Member=Component R22 TRI_AMT
Added Member To Class: ClassName=U23 Member=Component R22 TRI_AMT
Added Member To Class: ClassName=U21 Member=Component R23 Res1
Added Member To Class: ClassName=U22 Member=Component R23 Res1
Added Member To Class: ClassName=U23 Member=Component R23 Res1
Added Member To Class: ClassName=U21 Member=Component R24 LEVEL
Added Member To Class: ClassName=U22 Member=Component R24 LEVEL
Added Member To Class: ClassName=U23 Member=Component R24 LEVEL
Added Member To Class: ClassName=U21 Member=Component R25 SQR_AMT
Added Member To Class: ClassName=U22 Member=Component R25 SQR_AMT
Added Member To Class: ClassName=U23 Member=Component R25 SQR_AMT
Added Member To Class: ClassName=U21 Member=Component R26 Res1
Added Member To Class: ClassName=U22 Member=Component R26 Res1
Added Member To Class: ClassName=U23 Member=Component R26 Res1
Added Member To Class: ClassName=U_MIDI_CV_Converter Member=Component S1 GLIDE
Added Member To Class: ClassName=U_MIDI_CV_Converter Member=Component S2 GLIDE
Added Member To Class: ClassName=Designator Member=Component U1 MC7805CT
Added Member To Class: ClassName=U_MIDI_CV_Converter Member=Component U1 MCP4921-E/P
Added Member To Class: ClassName=U31 Member=Component U2 LM148J
Added Member To Class: ClassName=U32 Member=Component U2 LM148J
Added Member To Class: ClassName=U33 Member=Component U2 LM148J
Added Member To Class: ClassName=U_MIDI_CV_Converter Member=Component U2 TL072ACP
Added Member To Class: ClassName=U31 Member=Component U3 LM148J
Added Member To Class: ClassName=U32 Member=Component U3 LM148J
Added Member To Class: ClassName=U33 Member=Component U3 LM148J
Added Member To Class: ClassName=U_MIDI_CV_Converter Member=Component U3 ATmega328-PU
Added Member To Class: ClassName=U31 Member=Component U4 LM148J
Added Member To Class: ClassName=U32 Member=Component U4 LM148J
Added Member To Class: ClassName=U33 Member=Component U4 LM148J
Added Member To Class: ClassName=U_MIDI_CV_Converter Member=Component U4 MCP4921-E/P
Added Member To Class: ClassName=U31 Member=Component U5 LM148J
Added Member To Class: ClassName=U32 Member=Component U5 LM148J
Added Member To Class: ClassName=U33 Member=Component U5 LM148J
Added Member To Class: ClassName=U_MIDI_CV_Converter Member=Component U5 TL072ACP
Added Member To Class: ClassName=U11 Member=Component U6 LM148J
Added Member To Class: ClassName=U12 Member=Component U6 LM148J
Added Member To Class: ClassName=U13 Member=Component U6 LM148J
Added Member To Class: ClassName=U_MIDI_INPUT Member=Component U6 6N138
Added Member To Class: ClassName=U21 Member=Component U7 LM148J
Added Member To Class: ClassName=U22 Member=Component U7 LM148J
Added Member To Class: ClassName=U23 Member=Component U7 LM148J
Added Member To Class: ClassName=U_MIDI_OUTPUT Member=Component U7 SN74LS14N
Added Room: Name=Designator
Added Room: Name=M0
Added Room: Name=M1
Added Room: Name=M2
Added Room: Name=U11
Added Room: Name=U12
Added Room: Name=U13
Added Room: Name=U21
Added Room: Name=U22
Added Room: Name=U23
Added Room: Name=U31
Added Room: Name=U32
Added Room: Name=U33
Added Room: Name=U_MIDI_CV_Converter
Added Room: Name=U_MIDI_INPUT
Added Room: Name=U_MIDI_OUTPUT
