Removed Pin From Net: NetName=NetC?_2 Pin=C?-2
Removed Pin From Net: NetName=NetJ?_5 Pin=J?-5
Removed Pin From Net: NetName=CTRL_8A_ModuleSlot 0 Pin=J?_ModuleSlot 0-0
Removed Pin From Net: NetName=CTRL_8B_ModuleSlot 0 Pin=J?_ModuleSlot 0-1
Removed Pin From Net: NetName=CTRL_8C_ModuleSlot 0 Pin=J?_ModuleSlot 0-2
Removed Pin From Net: NetName=CTRL_8A_ModuleSlot 1 Pin=J?_ModuleSlot 1-0
Removed Pin From Net: NetName=CTRL_8B_ModuleSlot 1 Pin=J?_ModuleSlot 1-1
Removed Pin From Net: NetName=CTRL_8C_ModuleSlot 1 Pin=J?_ModuleSlot 1-2
Removed Pin From Net: NetName=CTRL_8A_ModuleSlot 2 Pin=J?_ModuleSlot 2-0
Removed Pin From Net: NetName=CTRL_8B_ModuleSlot 2 Pin=J?_ModuleSlot 2-1
Removed Pin From Net: NetName=CTRL_8C_ModuleSlot 2 Pin=J?_ModuleSlot 2-2
Removed Pin From Net: NetName=NetR?_1 Pin=R?-1
Removed Pin From Net: NetName=NetR?_2 Pin=R?-2
Removed Pin From Net: NetName=NetU?_1 Pin=U?-1
Removed Pin From Net: NetName=SCK Pin=U?-3
Removed Pin From Net: NetName=NetU?_1 Pin=U?-4
Removed Pin From Net: NetName=NetC?_2 Pin=U?-5
Removed Pin From Net: NetName=MIDI_IN Pin=U?-6
Removed Pin From Net: NetName=CV1_OUT Pin=U?-7
Removed Pin From Net: NetName=NetU?_3 Pin=U?-8
Added Pin To Net: NetName=GND Pin=C?-1
Added Pin To Net: NetName=GND Pin=C?-1
Added Pin To Net: NetName=GND Pin=C?-1
Added Pin To Net: NetName=GND Pin=C?-1
Added Pin To Net: NetName=GND Pin=C?-1
Added Pin To Net: NetName=GND Pin=C?-1
Added Pin To Net: NetName=GND Pin=C?-1
Added Pin To Net: NetName=GND Pin=C?-1
Added Pin To Net: NetName=GND Pin=C?-1
Added Pin To Net: NetName=GND Pin=C?-1
Added Pin To Net: NetName=+5V Pin=C?-2
Added Pin To Net: NetName=+5V Pin=C?-2
Added Pin To Net: NetName=+5V Pin=C?-2
Added Pin To Net: NetName=+5V Pin=C?-2
Added Pin To Net: NetName=+5V Pin=C?-2
Added Pin To Net: NetName=+5V Pin=C?-2
Added Pin To Net: NetName=+12V Pin=C?-2
Added Pin To Net: NetName=+12V Pin=C?-2
Added Pin To Net: NetName=-12V Pin=C?-2
Added Pin To Net: NetName=-12V Pin=C?-2
Added Pin To Net: NetName=NetC?_2 Pin=C?-2
Added Pin To Net: NetName=NetD?_1 Pin=J?-5
Added Pin To Net: NetName=NetJ?_5 Pin=J?-5
Added Pin To Net: NetName=CTRL_1A_ModuleSlot 0 Pin=J?_ModuleSlot 0-0
Added Pin To Net: NetName=CTRL_1A_ModuleSlot 0 Pin=J?_ModuleSlot 0-0
Added Pin To Net: NetName=CTRL_2A_ModuleSlot 0 Pin=J?_ModuleSlot 0-0
Added Pin To Net: NetName=CTRL_3A_ModuleSlot 0 Pin=J?_ModuleSlot 0-0
Added Pin To Net: NetName=CTRL_4A_ModuleSlot 0 Pin=J?_ModuleSlot 0-0
Added Pin To Net: NetName=CTRL_5A_ModuleSlot 0 Pin=J?_ModuleSlot 0-0
Added Pin To Net: NetName=CTRL_6A_ModuleSlot 0 Pin=J?_ModuleSlot 0-0
Added Pin To Net: NetName=CTRL_7A_ModuleSlot 0 Pin=J?_ModuleSlot 0-0
Added Pin To Net: NetName=CTRL_8A_ModuleSlot 0 Pin=J?_ModuleSlot 0-0
Added Pin To Net: NetName=CTRL_1B_ModuleSlot 0 Pin=J?_ModuleSlot 0-1
Added Pin To Net: NetName=CTRL_1B_ModuleSlot 0 Pin=J?_ModuleSlot 0-1
Added Pin To Net: NetName=CTRL_2B_ModuleSlot 0 Pin=J?_ModuleSlot 0-1
Added Pin To Net: NetName=CTRL_3B_ModuleSlot 0 Pin=J?_ModuleSlot 0-1
Added Pin To Net: NetName=CTRL_4B_ModuleSlot 0 Pin=J?_ModuleSlot 0-1
Added Pin To Net: NetName=CTRL_5B_ModuleSlot 0 Pin=J?_ModuleSlot 0-1
Added Pin To Net: NetName=CTRL_6B_ModuleSlot 0 Pin=J?_ModuleSlot 0-1
Added Pin To Net: NetName=CTRL_7B_ModuleSlot 0 Pin=J?_ModuleSlot 0-1
Added Pin To Net: NetName=CTRL_8B_ModuleSlot 0 Pin=J?_ModuleSlot 0-1
Added Pin To Net: NetName=CTRL_1C_ModuleSlot 0 Pin=J?_ModuleSlot 0-2
Added Pin To Net: NetName=CTRL_1C_ModuleSlot 0 Pin=J?_ModuleSlot 0-2
Added Pin To Net: NetName=CTRL_2C_ModuleSlot 0 Pin=J?_ModuleSlot 0-2
Added Pin To Net: NetName=CTRL_3C_ModuleSlot 0 Pin=J?_ModuleSlot 0-2
Added Pin To Net: NetName=CTRL_4C_ModuleSlot 0 Pin=J?_ModuleSlot 0-2
Added Pin To Net: NetName=CTRL_5C_ModuleSlot 0 Pin=J?_ModuleSlot 0-2
Added Pin To Net: NetName=CTRL_6C_ModuleSlot 0 Pin=J?_ModuleSlot 0-2
Added Pin To Net: NetName=CTRL_7C_ModuleSlot 0 Pin=J?_ModuleSlot 0-2
Added Pin To Net: NetName=CTRL_8C_ModuleSlot 0 Pin=J?_ModuleSlot 0-2
Added Pin To Net: NetName=CTRL_1A_ModuleSlot 1 Pin=J?_ModuleSlot 1-0
Added Pin To Net: NetName=CTRL_1A_ModuleSlot 1 Pin=J?_ModuleSlot 1-0
Added Pin To Net: NetName=CTRL_2A_ModuleSlot 1 Pin=J?_ModuleSlot 1-0
Added Pin To Net: NetName=CTRL_3A_ModuleSlot 1 Pin=J?_ModuleSlot 1-0
Added Pin To Net: NetName=CTRL_4A_ModuleSlot 1 Pin=J?_ModuleSlot 1-0
Added Pin To Net: NetName=CTRL_5A_ModuleSlot 1 Pin=J?_ModuleSlot 1-0
Added Pin To Net: NetName=CTRL_6A_ModuleSlot 1 Pin=J?_ModuleSlot 1-0
Added Pin To Net: NetName=CTRL_7A_ModuleSlot 1 Pin=J?_ModuleSlot 1-0
Added Pin To Net: NetName=CTRL_8A_ModuleSlot 1 Pin=J?_ModuleSlot 1-0
Added Pin To Net: NetName=CTRL_1B_ModuleSlot 1 Pin=J?_ModuleSlot 1-1
Added Pin To Net: NetName=CTRL_1B_ModuleSlot 1 Pin=J?_ModuleSlot 1-1
Added Pin To Net: NetName=CTRL_2B_ModuleSlot 1 Pin=J?_ModuleSlot 1-1
Added Pin To Net: NetName=CTRL_3B_ModuleSlot 1 Pin=J?_ModuleSlot 1-1
Added Pin To Net: NetName=CTRL_4B_ModuleSlot 1 Pin=J?_ModuleSlot 1-1
Added Pin To Net: NetName=CTRL_5B_ModuleSlot 1 Pin=J?_ModuleSlot 1-1
Added Pin To Net: NetName=CTRL_6B_ModuleSlot 1 Pin=J?_ModuleSlot 1-1
Added Pin To Net: NetName=CTRL_7B_ModuleSlot 1 Pin=J?_ModuleSlot 1-1
Added Pin To Net: NetName=CTRL_8B_ModuleSlot 1 Pin=J?_ModuleSlot 1-1
Added Pin To Net: NetName=CTRL_1C_ModuleSlot 1 Pin=J?_ModuleSlot 1-2
Added Pin To Net: NetName=CTRL_1C_ModuleSlot 1 Pin=J?_ModuleSlot 1-2
Added Pin To Net: NetName=CTRL_2C_ModuleSlot 1 Pin=J?_ModuleSlot 1-2
Added Pin To Net: NetName=CTRL_3C_ModuleSlot 1 Pin=J?_ModuleSlot 1-2
Added Pin To Net: NetName=CTRL_4C_ModuleSlot 1 Pin=J?_ModuleSlot 1-2
Added Pin To Net: NetName=CTRL_5C_ModuleSlot 1 Pin=J?_ModuleSlot 1-2
Added Pin To Net: NetName=CTRL_6C_ModuleSlot 1 Pin=J?_ModuleSlot 1-2
Added Pin To Net: NetName=CTRL_7C_ModuleSlot 1 Pin=J?_ModuleSlot 1-2
Added Pin To Net: NetName=CTRL_8C_ModuleSlot 1 Pin=J?_ModuleSlot 1-2
Added Pin To Net: NetName=CTRL_1A_ModuleSlot 2 Pin=J?_ModuleSlot 2-0
Added Pin To Net: NetName=CTRL_1A_ModuleSlot 2 Pin=J?_ModuleSlot 2-0
Added Pin To Net: NetName=CTRL_2A_ModuleSlot 2 Pin=J?_ModuleSlot 2-0
Added Pin To Net: NetName=CTRL_3A_ModuleSlot 2 Pin=J?_ModuleSlot 2-0
Added Pin To Net: NetName=CTRL_4A_ModuleSlot 2 Pin=J?_ModuleSlot 2-0
Added Pin To Net: NetName=CTRL_5A_ModuleSlot 2 Pin=J?_ModuleSlot 2-0
Added Pin To Net: NetName=CTRL_6A_ModuleSlot 2 Pin=J?_ModuleSlot 2-0
Added Pin To Net: NetName=CTRL_7A_ModuleSlot 2 Pin=J?_ModuleSlot 2-0
Added Pin To Net: NetName=CTRL_8A_ModuleSlot 2 Pin=J?_ModuleSlot 2-0
Added Pin To Net: NetName=CTRL_1B_ModuleSlot 2 Pin=J?_ModuleSlot 2-1
Added Pin To Net: NetName=CTRL_1B_ModuleSlot 2 Pin=J?_ModuleSlot 2-1
Added Pin To Net: NetName=CTRL_2B_ModuleSlot 2 Pin=J?_ModuleSlot 2-1
Added Pin To Net: NetName=CTRL_3B_ModuleSlot 2 Pin=J?_ModuleSlot 2-1
Added Pin To Net: NetName=CTRL_4B_ModuleSlot 2 Pin=J?_ModuleSlot 2-1
Added Pin To Net: NetName=CTRL_5B_ModuleSlot 2 Pin=J?_ModuleSlot 2-1
Added Pin To Net: NetName=CTRL_6B_ModuleSlot 2 Pin=J?_ModuleSlot 2-1
Added Pin To Net: NetName=CTRL_7B_ModuleSlot 2 Pin=J?_ModuleSlot 2-1
Added Pin To Net: NetName=CTRL_8B_ModuleSlot 2 Pin=J?_ModuleSlot 2-1
Added Pin To Net: NetName=CTRL_1C_ModuleSlot 2 Pin=J?_ModuleSlot 2-2
Added Pin To Net: NetName=CTRL_1C_ModuleSlot 2 Pin=J?_ModuleSlot 2-2
Added Pin To Net: NetName=CTRL_2C_ModuleSlot 2 Pin=J?_ModuleSlot 2-2
Added Pin To Net: NetName=CTRL_3C_ModuleSlot 2 Pin=J?_ModuleSlot 2-2
Added Pin To Net: NetName=CTRL_4C_ModuleSlot 2 Pin=J?_ModuleSlot 2-2
Added Pin To Net: NetName=CTRL_5C_ModuleSlot 2 Pin=J?_ModuleSlot 2-2
Added Pin To Net: NetName=CTRL_6C_ModuleSlot 2 Pin=J?_ModuleSlot 2-2
Added Pin To Net: NetName=CTRL_7C_ModuleSlot 2 Pin=J?_ModuleSlot 2-2
Added Pin To Net: NetName=CTRL_8C_ModuleSlot 2 Pin=J?_ModuleSlot 2-2
Added Pin To Net: NetName=CV1_OUT Pin=R?-1
Added Pin To Net: NetName=MIDI_IN Pin=R?-1
Added Pin To Net: NetName=NetC?_2 Pin=R?-1
Added Pin To Net: NetName=NetD?_2 Pin=R?-1
Added Pin To Net: NetName=NetR?_1 Pin=R?-1
Added Pin To Net: NetName=GND Pin=R?-2
Added Pin To Net: NetName=NetJ?_4 Pin=R?-2
Added Pin To Net: NetName=NetJ?_5 Pin=R?-2
Added Pin To Net: NetName=NetR?_2 Pin=R?-2
Added Pin To Net: NetName=NetR?_2 Pin=R?-2
Added Pin To Net: NetName=+5V Pin=U?-1
Added Pin To Net: NetName=NetR?_1 Pin=U?-1
Added Pin To Net: NetName=NetU?_1 Pin=U?-1
Added Pin To Net: NetName=CV_1_CS Pin=U?-2
Added Pin To Net: NetName=NetD?_2 Pin=U?-2
Added Pin To Net: NetName=NetD?_1 Pin=U?-3
Added Pin To Net: NetName=NetU?_3 Pin=U?-3
Added Pin To Net: NetName=SCK Pin=U?-3
Added Pin To Net: NetName=-12V Pin=U?-4
Added Pin To Net: NetName=-12V Pin=U?-4
Added Pin To Net: NetName=MOSI Pin=U?-4
Added Pin To Net: NetName=NetU?_1 Pin=U?-4
Added Pin To Net: NetName=GND Pin=U?-5
Added Pin To Net: NetName=NetC?_2 Pin=U?-5
Added Pin To Net: NetName=+5V Pin=U?-6
Added Pin To Net: NetName=MIDI_IN Pin=U?-6
Added Pin To Net: NetName=+5V Pin=U?-7
Added Pin To Net: NetName=CV1_OUT Pin=U?-7
Added Pin To Net: NetName=+12V Pin=U?-8
Added Pin To Net: NetName=+12V Pin=U?-8
Added Pin To Net: NetName=NetU?_3 Pin=U?-8
