Removed Pin From Net: NetName=NetC1_1 Pin=C1-1
Removed Pin From Net: NetName=NetC1_2 Pin=C1-2
Removed Pin From Net: NetName=NetC2_1 Pin=C2-1
Removed Pin From Net: NetName=NetC2_2 Pin=C2-2
Removed Pin From Net: NetName=NetC3_1 Pin=C3-1
Removed Pin From Net: NetName=NetC3_2 Pin=C3-2
Removed Pin From Net: NetName=VCC Pin=C4-2
Removed Pin From Net: NetName=NetD2_1 Pin=D2-1
Removed Pin From Net: NetName=NetD2_2 Pin=D2-2
Removed Pin From Net: NetName=CTRL_8A_M2 Pin=J?-0
Removed Pin From Net: NetName=CTRL_8B_M2 Pin=J?-1
Removed Pin From Net: NetName=CTRL_8C_M2 Pin=J?-2
Removed Pin From Net: NetName=NetR1_1 Pin=R1-1
Removed Pin From Net: NetName=NetR1_2 Pin=R1-2
Removed Pin From Net: NetName=NetR2_1 Pin=R2-1
Removed Pin From Net: NetName=NetR1_1 Pin=R2-2
Removed Pin From Net: NetName=NetR3_1 Pin=R3-1
Removed Pin From Net: NetName=NetR3_2 Pin=R3-2
Removed Pin From Net: NetName=NetR4_1 Pin=R4-1
Removed Pin From Net: NetName=NetR3_2 Pin=R4-2
Removed Pin From Net: NetName=NetR5_1 Pin=R5-1
Removed Pin From Net: NetName=NetR5_2 Pin=R5-2
Removed Pin From Net: NetName=NetR2_1 Pin=R6-1
Removed Pin From Net: NetName=NetR5_1 Pin=R6-2
Removed Pin From Net: NetName=NetR7_2 Pin=R7-2
Removed Pin From Net: NetName=NetR8_1 Pin=R8-1
Removed Pin From Net: NetName=NetR8_2 Pin=R8-2
Removed Pin From Net: NetName=NetR8_1 Pin=R9-1
Removed Pin From Net: NetName=NetR10_1 Pin=R10-1
Removed Pin From Net: NetName=NetD2_2 Pin=R11-1
Removed Pin From Net: NetName=NetR11_2 Pin=R11-2
Removed Pin From Net: NetName=NetR10_1 Pin=R12-1
Removed Pin From Net: NetName=NetR13_2 Pin=R13-2
Removed Pin From Net: NetName=NetR14_1 Pin=R14-1
Removed Pin From Net: NetName=NetR15_1 Pin=R15-1
Removed Pin From Net: NetName=NetC3_2 Pin=S1-2
Removed Pin From Net: NetName=NetR1_2 Pin=U1-1
Removed Pin From Net: NetName=NetR1_2 Pin=U1-2
Removed Pin From Net: NetName=VCC Pin=U1-3
Removed Pin From Net: NetName=NetR4_1 Pin=U1-7
Removed Pin From Net: NetName=NetU1_8 Pin=U1-8
Removed Pin From Net: NetName=NetR5_2 Pin=U1-9
Removed Pin From Net: NetName=NetR8_1 Pin=U1-10
Removed Pin From Net: NetName=NetR10_1 Pin=U1-12
Removed Pin From Net: NetName=NetR8_2 Pin=U1-13
Removed Pin From Net: NetName=NetR8_2 Pin=U1-14
Removed Pin From Net: NetName=NetC3_2 Pin=U2-5
Removed Pin From Net: NetName=NetR1_1 Pin=U2-6
Removed Pin From Net: NetName=PWM_0_BUF_U?3 Pin=U?-1
Removed Pin From Net: NetName=PWM_0_BUF_U?3 Pin=U?-2
Removed Pin From Net: NetName=PWM_0_U?3 Pin=U?-3
Removed Pin From Net: NetName=+12V_M2 Pin=U?-4
Removed Pin From Net: NetName=PWM_1_U?3 Pin=U?-5
Removed Pin From Net: NetName=PWM_0_M2 Pin=U?-6
Removed Pin From Net: NetName=PWM_0_M2 Pin=U?-7
Removed Pin From Net: NetName=MIDI_IN_BUF_U?3 Pin=U?-8
Removed Pin From Net: NetName=MIDI_IN_BUF_U?3 Pin=U?-9
Removed Pin From Net: NetName=MIDI_IN_U?3 Pin=U?-10
Removed Pin From Net: NetName=GND_M2 Pin=U?-11
Removed Pin From Net: NetName=MIDI_OUT_U?3 Pin=U?-12
Removed Pin From Net: NetName=MIDI_OUT_BUF_U?3 Pin=U?-13
Removed Pin From Net: NetName=MIDI_OUT_BUF_U?3 Pin=U?-14
Added Component: Designator=U1(J14A)
Added Component: Designator=U1(J14A)
Added Component: Designator=U1(J14A)
Added Component: Designator=U1(J14A)
Added Component: Designator=U1(J14A)
Added Pin To Net: NetName=NetC1_1 Pin=C1-1
Added Pin To Net: NetName=NetC1_2 Pin=C1-2
Added Pin To Net: NetName=NetC2_1 Pin=C2-1
Added Pin To Net: NetName=NetC2_2 Pin=C2-2
Added Pin To Net: NetName=NetC3_1 Pin=C3-1
Added Pin To Net: NetName=NetC3_2 Pin=C3-2
Added Pin To Net: NetName=VCC Pin=C3-2
Added Pin To Net: NetName=+12V Pin=C4-2
Added Pin To Net: NetName=VCC Pin=C4-2
Added Pin To Net: NetName=GND_M0 Pin=C?-1
Added Pin To Net: NetName=GND_M0 Pin=C?-1
Added Pin To Net: NetName=GND_M0 Pin=C?-1
Added Pin To Net: NetName=GND_M0 Pin=C?-1
Added Pin To Net: NetName=GND_M1 Pin=C?-1
Added Pin To Net: NetName=GND_M1 Pin=C?-1
Added Pin To Net: NetName=GND_M1 Pin=C?-1
Added Pin To Net: NetName=GND_M1 Pin=C?-1
Added Pin To Net: NetName=GND_M2 Pin=C?-1
Added Pin To Net: NetName=GND_M2 Pin=C?-1
Added Pin To Net: NetName=GND_M2 Pin=C?-1
Added Pin To Net: NetName=+12V_M0 Pin=C?-2
Added Pin To Net: NetName=+12V_M0 Pin=C?-2
Added Pin To Net: NetName=+12V_M0 Pin=C?-2
Added Pin To Net: NetName=+12V_M0 Pin=C?-2
Added Pin To Net: NetName=+12V_M1 Pin=C?-2
Added Pin To Net: NetName=+12V_M1 Pin=C?-2
Added Pin To Net: NetName=+12V_M1 Pin=C?-2
Added Pin To Net: NetName=+12V_M1 Pin=C?-2
Added Pin To Net: NetName=+12V_M2 Pin=C?-2
Added Pin To Net: NetName=+12V_M2 Pin=C?-2
Added Pin To Net: NetName=+12V_M2 Pin=C?-2
Added Pin To Net: NetName=GND_U?1 Pin=D1-1
Added Pin To Net: NetName=GND_U?2 Pin=D1-1
Added Pin To Net: NetName=NetD1_2 Pin=D2-1
Added Pin To Net: NetName=NetD2_1 Pin=D2-1
Added Pin To Net: NetName=GND_U?1 Pin=D2-2
Added Pin To Net: NetName=GND_U?2 Pin=D2-2
Added Pin To Net: NetName=GND_U?3 Pin=D2-2
Added Pin To Net: NetName=NetD2_2 Pin=D2-2
Added Pin To Net: NetName=CTRL_1A_M0 Pin=J?-0
Added Pin To Net: NetName=CTRL_1A_M0 Pin=J?-0
Added Pin To Net: NetName=CTRL_1A_M1 Pin=J?-0
Added Pin To Net: NetName=CTRL_1A_M1 Pin=J?-0
Added Pin To Net: NetName=CTRL_1A_M2 Pin=J?-0
Added Pin To Net: NetName=CTRL_1A_M2 Pin=J?-0
Added Pin To Net: NetName=CTRL_2A_M0 Pin=J?-0
Added Pin To Net: NetName=CTRL_2A_M1 Pin=J?-0
Added Pin To Net: NetName=CTRL_2A_M2 Pin=J?-0
Added Pin To Net: NetName=CTRL_3A_M0 Pin=J?-0
Added Pin To Net: NetName=CTRL_3A_M1 Pin=J?-0
Added Pin To Net: NetName=CTRL_3A_M2 Pin=J?-0
Added Pin To Net: NetName=CTRL_4A_M0 Pin=J?-0
Added Pin To Net: NetName=CTRL_4A_M1 Pin=J?-0
Added Pin To Net: NetName=CTRL_4A_M2 Pin=J?-0
Added Pin To Net: NetName=CTRL_5A_M0 Pin=J?-0
Added Pin To Net: NetName=CTRL_5A_M1 Pin=J?-0
Added Pin To Net: NetName=CTRL_5A_M2 Pin=J?-0
Added Pin To Net: NetName=CTRL_6A_M0 Pin=J?-0
Added Pin To Net: NetName=CTRL_6A_M1 Pin=J?-0
Added Pin To Net: NetName=CTRL_6A_M2 Pin=J?-0
Added Pin To Net: NetName=CTRL_7A_M0 Pin=J?-0
Added Pin To Net: NetName=CTRL_7A_M1 Pin=J?-0
Added Pin To Net: NetName=CTRL_7A_M2 Pin=J?-0
Added Pin To Net: NetName=CTRL_8A_M0 Pin=J?-0
Added Pin To Net: NetName=CTRL_8A_M1 Pin=J?-0
Added Pin To Net: NetName=CTRL_8A_M2 Pin=J?-0
Added Pin To Net: NetName=CTRL_1B_M0 Pin=J?-1
Added Pin To Net: NetName=CTRL_1B_M0 Pin=J?-1
Added Pin To Net: NetName=CTRL_1B_M1 Pin=J?-1
Added Pin To Net: NetName=CTRL_1B_M1 Pin=J?-1
Added Pin To Net: NetName=CTRL_1B_M2 Pin=J?-1
Added Pin To Net: NetName=CTRL_1B_M2 Pin=J?-1
Added Pin To Net: NetName=CTRL_2B_M0 Pin=J?-1
Added Pin To Net: NetName=CTRL_2B_M1 Pin=J?-1
Added Pin To Net: NetName=CTRL_2B_M2 Pin=J?-1
Added Pin To Net: NetName=CTRL_3B_M0 Pin=J?-1
Added Pin To Net: NetName=CTRL_3B_M1 Pin=J?-1
Added Pin To Net: NetName=CTRL_3B_M2 Pin=J?-1
Added Pin To Net: NetName=CTRL_4B_M0 Pin=J?-1
Added Pin To Net: NetName=CTRL_4B_M1 Pin=J?-1
Added Pin To Net: NetName=CTRL_4B_M2 Pin=J?-1
Added Pin To Net: NetName=CTRL_5B_M0 Pin=J?-1
Added Pin To Net: NetName=CTRL_5B_M1 Pin=J?-1
Added Pin To Net: NetName=CTRL_5B_M2 Pin=J?-1
Added Pin To Net: NetName=CTRL_6B_M0 Pin=J?-1
Added Pin To Net: NetName=CTRL_6B_M1 Pin=J?-1
Added Pin To Net: NetName=CTRL_6B_M2 Pin=J?-1
Added Pin To Net: NetName=CTRL_7B_M0 Pin=J?-1
Added Pin To Net: NetName=CTRL_7B_M1 Pin=J?-1
Added Pin To Net: NetName=CTRL_7B_M2 Pin=J?-1
Added Pin To Net: NetName=CTRL_8B_M0 Pin=J?-1
Added Pin To Net: NetName=CTRL_8B_M1 Pin=J?-1
Added Pin To Net: NetName=CTRL_8B_M2 Pin=J?-1
Added Pin To Net: NetName=CTRL_1C_M0 Pin=J?-2
Added Pin To Net: NetName=CTRL_1C_M0 Pin=J?-2
Added Pin To Net: NetName=CTRL_1C_M1 Pin=J?-2
Added Pin To Net: NetName=CTRL_1C_M1 Pin=J?-2
Added Pin To Net: NetName=CTRL_1C_M2 Pin=J?-2
Added Pin To Net: NetName=CTRL_1C_M2 Pin=J?-2
Added Pin To Net: NetName=CTRL_2C_M0 Pin=J?-2
Added Pin To Net: NetName=CTRL_2C_M1 Pin=J?-2
Added Pin To Net: NetName=CTRL_2C_M2 Pin=J?-2
Added Pin To Net: NetName=CTRL_3C_M0 Pin=J?-2
Added Pin To Net: NetName=CTRL_3C_M1 Pin=J?-2
Added Pin To Net: NetName=CTRL_3C_M2 Pin=J?-2
Added Pin To Net: NetName=CTRL_4C_M0 Pin=J?-2
Added Pin To Net: NetName=CTRL_4C_M1 Pin=J?-2
Added Pin To Net: NetName=CTRL_4C_M2 Pin=J?-2
Added Pin To Net: NetName=CTRL_5C_M0 Pin=J?-2
Added Pin To Net: NetName=CTRL_5C_M1 Pin=J?-2
Added Pin To Net: NetName=CTRL_5C_M2 Pin=J?-2
Added Pin To Net: NetName=CTRL_6C_M0 Pin=J?-2
Added Pin To Net: NetName=CTRL_6C_M1 Pin=J?-2
Added Pin To Net: NetName=CTRL_6C_M2 Pin=J?-2
Added Pin To Net: NetName=CTRL_7C_M0 Pin=J?-2
Added Pin To Net: NetName=CTRL_7C_M1 Pin=J?-2
Added Pin To Net: NetName=CTRL_7C_M2 Pin=J?-2
Added Pin To Net: NetName=CTRL_8C_M0 Pin=J?-2
Added Pin To Net: NetName=CTRL_8C_M1 Pin=J?-2
Added Pin To Net: NetName=CTRL_8C_M2 Pin=J?-2
Added Pin To Net: NetName=CTRL_2A_M0 Pin=J?-3
Added Pin To Net: NetName=CTRL_2A_M1 Pin=J?-3
Added Pin To Net: NetName=CTRL_2B_M0 Pin=J?-4
Added Pin To Net: NetName=CTRL_2B_M1 Pin=J?-4
Added Pin To Net: NetName=CTRL_2C_M0 Pin=J?-5
Added Pin To Net: NetName=CTRL_2C_M1 Pin=J?-5
Added Pin To Net: NetName=CTRL_3A_M0 Pin=J?-6
Added Pin To Net: NetName=CTRL_3A_M1 Pin=J?-6
Added Pin To Net: NetName=CTRL_3B_M0 Pin=J?-7
Added Pin To Net: NetName=CTRL_3B_M1 Pin=J?-7
Added Pin To Net: NetName=CTRL_3C_M0 Pin=J?-8
Added Pin To Net: NetName=CTRL_3C_M1 Pin=J?-8
Added Pin To Net: NetName=CTRL_4A_M0 Pin=J?-9
Added Pin To Net: NetName=CTRL_4A_M1 Pin=J?-9
Added Pin To Net: NetName=CTRL_4B_M0 Pin=J?-10
Added Pin To Net: NetName=CTRL_4B_M1 Pin=J?-10
Added Pin To Net: NetName=CTRL_4C_M0 Pin=J?-11
Added Pin To Net: NetName=CTRL_4C_M1 Pin=J?-11
Added Pin To Net: NetName=CTRL_5A_M0 Pin=J?-12
Added Pin To Net: NetName=CTRL_5A_M1 Pin=J?-12
Added Pin To Net: NetName=CTRL_5B_M0 Pin=J?-13
Added Pin To Net: NetName=CTRL_5B_M1 Pin=J?-13
Added Pin To Net: NetName=CTRL_5C_M0 Pin=J?-14
Added Pin To Net: NetName=CTRL_5C_M1 Pin=J?-14
Added Pin To Net: NetName=CTRL_6A_M0 Pin=J?-15
Added Pin To Net: NetName=CTRL_6A_M1 Pin=J?-15
Added Pin To Net: NetName=CTRL_6B_M0 Pin=J?-16
Added Pin To Net: NetName=CTRL_6B_M1 Pin=J?-16
Added Pin To Net: NetName=CTRL_6C_M0 Pin=J?-17
Added Pin To Net: NetName=CTRL_6C_M1 Pin=J?-17
Added Pin To Net: NetName=CTRL_7A_M0 Pin=J?-18
Added Pin To Net: NetName=CTRL_7A_M1 Pin=J?-18
Added Pin To Net: NetName=CTRL_7B_M0 Pin=J?-19
Added Pin To Net: NetName=CTRL_7B_M1 Pin=J?-19
Added Pin To Net: NetName=CTRL_7C_M0 Pin=J?-20
Added Pin To Net: NetName=CTRL_7C_M1 Pin=J?-20
Added Pin To Net: NetName=CTRL_8A_M0 Pin=J?-21
Added Pin To Net: NetName=CTRL_8A_M1 Pin=J?-21
Added Pin To Net: NetName=CTRL_8B_M0 Pin=J?-22
Added Pin To Net: NetName=CTRL_8B_M1 Pin=J?-22
Added Pin To Net: NetName=CTRL_8C_M0 Pin=J?-23
Added Pin To Net: NetName=CTRL_8C_M1 Pin=J?-23
Added Pin To Net: NetName=CV_0_BUF_U?1 Pin=J?-24
Added Pin To Net: NetName=CV_0_BUF_U?2 Pin=J?-24
Added Pin To Net: NetName=GND_M0 Pin=J?-25
Added Pin To Net: NetName=GND_M1 Pin=J?-25
Added Pin To Net: NetName=CV_2_M0 Pin=J?-26
Added Pin To Net: NetName=CV_2_M1 Pin=J?-26
Added Pin To Net: NetName=GND_M0 Pin=J?-27
Added Pin To Net: NetName=GND_M1 Pin=J?-27
Added Pin To Net: NetName=GATE_0_BUF_U?1 Pin=J?-28
Added Pin To Net: NetName=GATE_0_BUF_U?2 Pin=J?-28
Added Pin To Net: NetName=GND_M0 Pin=J?-29
Added Pin To Net: NetName=GND_M1 Pin=J?-29
Added Pin To Net: NetName=GPIO_0_BUF_U?1 Pin=J?-30
Added Pin To Net: NetName=GPIO_0_BUF_U?2 Pin=J?-30
Added Pin To Net: NetName=GPIO_1_BUF_U?1 Pin=J?-31
Added Pin To Net: NetName=GPIO_1_BUF_U?2 Pin=J?-31
Added Pin To Net: NetName=GPIO_2_BUF_U?1 Pin=J?-32
Added Pin To Net: NetName=GPIO_2_BUF_U?2 Pin=J?-32
Added Pin To Net: NetName=GPIO_3_BUF_U?1 Pin=J?-33
Added Pin To Net: NetName=GPIO_3_BUF_U?2 Pin=J?-33
Added Pin To Net: NetName=MIDI_IN_BUF_U?1 Pin=J?-34
Added Pin To Net: NetName=MIDI_IN_BUF_U?2 Pin=J?-34
Added Pin To Net: NetName=MIDI_OUT_BUF_U?1 Pin=J?-35
Added Pin To Net: NetName=MIDI_OUT_BUF_U?2 Pin=J?-35
Added Pin To Net: NetName=GND_M0 Pin=J?-36
Added Pin To Net: NetName=GND_M1 Pin=J?-36
Added Pin To Net: NetName=+12V_M0 Pin=J?-37
Added Pin To Net: NetName=+12V_M1 Pin=J?-37
Added Pin To Net: NetName=PWR_AUX_M0 Pin=J?-38
Added Pin To Net: NetName=PWR_AUX_M1 Pin=J?-38
Added Pin To Net: NetName=-12V_M0 Pin=J?-39
Added Pin To Net: NetName=-12V_M1 Pin=J?-39
Added Pin To Net: NetName=+3.3V_M0 Pin=J?-40
Added Pin To Net: NetName=+3.3V_M1 Pin=J?-40
Added Pin To Net: NetName=+5V_M0 Pin=J?-41
Added Pin To Net: NetName=+5V_M1 Pin=J?-41
Added Pin To Net: NetName=AUDIO_1_L_BUF_U?1 Pin=J?-42
Added Pin To Net: NetName=AUDIO_1_L_BUF_U?2 Pin=J?-42
Added Pin To Net: NetName=AUDIO_1_R_BUF_U?1 Pin=J?-43
Added Pin To Net: NetName=AUDIO_1_R_BUF_U?2 Pin=J?-43
Added Pin To Net: NetName=AUDIO_2_L_BUF_U?1 Pin=J?-44
Added Pin To Net: NetName=AUDIO_2_L_BUF_U?2 Pin=J?-44
Added Pin To Net: NetName=AUDIO_2_R_BUF_U?1 Pin=J?-45
Added Pin To Net: NetName=AUDIO_2_R_BUF_U?2 Pin=J?-45
Added Pin To Net: NetName=GND_M0 Pin=J?-46
Added Pin To Net: NetName=GND_M1 Pin=J?-46
Added Pin To Net: NetName=GND_M0 Pin=J?-47
Added Pin To Net: NetName=GND_M1 Pin=J?-47
Added Pin To Net: NetName=NetR1_1 Pin=R1-1
Added Pin To Net: NetName=GND_U?1 Pin=R1-2
Added Pin To Net: NetName=GND_U?2 Pin=R1-2
Added Pin To Net: NetName=GND_U?3 Pin=R1-2
Added Pin To Net: NetName=NetR1_2 Pin=R1-2
Added Pin To Net: NetName=VCC Pin=R1-2
Added Pin To Net: NetName=CV0_OUT Pin=R2-1
Added Pin To Net: NetName=NetR2_1 Pin=R2-1
Added Pin To Net: NetName=NetR1_1 Pin=R2-2
Added Pin To Net: NetName=GND_U?1 Pin=R3-1
Added Pin To Net: NetName=GND_U?2 Pin=R3-1
Added Pin To Net: NetName=GND_U?3 Pin=R3-1
Added Pin To Net: NetName=NetR3_1 Pin=R3-1
Added Pin To Net: NetName=NetR2_1 Pin=R3-2
Added Pin To Net: NetName=NetR3_2 Pin=R3-2
Added Pin To Net: NetName=NetR4_1 Pin=R4-1
Added Pin To Net: NetName=NetD1_2 Pin=R4-2
Added Pin To Net: NetName=NetR3_2 Pin=R4-2
Added Pin To Net: NetName=NetC2_1 Pin=R5-1
Added Pin To Net: NetName=NetR5_1 Pin=R5-1
Added Pin To Net: NetName=GND_U?1 Pin=R5-2
Added Pin To Net: NetName=GND_U?2 Pin=R5-2
Added Pin To Net: NetName=GND_U?3 Pin=R5-2
Added Pin To Net: NetName=NetR5_2 Pin=R5-2
Added Pin To Net: NetName=CV1_OUT Pin=R6-1
Added Pin To Net: NetName=NetD1_2 Pin=R6-1
Added Pin To Net: NetName=GND_U?1 Pin=R6-2
Added Pin To Net: NetName=GND_U?2 Pin=R6-2
Added Pin To Net: NetName=GND_U?3 Pin=R6-2
Added Pin To Net: NetName=NetC2_2 Pin=R6-2
Added Pin To Net: NetName=NetR5_1 Pin=R6-2
Added Pin To Net: NetName=GND_U?1 Pin=R7-0
Added Pin To Net: NetName=GND_U?2 Pin=R7-0
Added Pin To Net: NetName=GND_U?3 Pin=R7-0
Added Pin To Net: NetName=NetR7_1 Pin=R7-1
Added Pin To Net: NetName=NetC1_2 Pin=R7-2
Added Pin To Net: NetName=NetR7_2 Pin=R7-2
Added Pin To Net: NetName=NetC3_1 Pin=R8-1
Added Pin To Net: NetName=NetC12_2 Pin=R8-1
Added Pin To Net: NetName=NetR8_1 Pin=R8-1
Added Pin To Net: NetName=NetC1_2 Pin=R8-2
Added Pin To Net: NetName=NetR7_2 Pin=R8-2
Added Pin To Net: NetName=NetR8_2 Pin=R8-2
Added Pin To Net: NetName=NetR8_1 Pin=R9-1
Added Pin To Net: NetName=GND_U?1 Pin=R9-2
Added Pin To Net: NetName=GND_U?2 Pin=R9-2
Added Pin To Net: NetName=NetC3_2 Pin=R9-2
Added Pin To Net: NetName=RST Pin=R9-2
Added Pin To Net: NetName=NetD1_A Pin=R10-1
Added Pin To Net: NetName=NetR10_1 Pin=R10-1
Added Pin To Net: NetName=NetC1_2 Pin=R11-1
Added Pin To Net: NetName=NetD2_2 Pin=R11-1
Added Pin To Net: NetName=NetJ1_4 Pin=R11-2
Added Pin To Net: NetName=NetR11_2 Pin=R11-2
Added Pin To Net: NetName=MIDI_IN Pin=R12-1
Added Pin To Net: NetName=NetR10_1 Pin=R12-1
Added Pin To Net: NetName=+5V Pin=R12-2
Added Pin To Net: NetName=GND_U?1 Pin=R12-2
Added Pin To Net: NetName=GND_U?2 Pin=R12-2
Added Pin To Net: NetName=GND Pin=R13-1
Added Pin To Net: NetName=NetR11_2 Pin=R13-2
Added Pin To Net: NetName=NetR13_2 Pin=R13-2
Added Pin To Net: NetName=NetJ2_4 Pin=R14-1
Added Pin To Net: NetName=NetR14_1 Pin=R14-1
Added Pin To Net: NetName=NetC1_1 Pin=R14-2
Added Pin To Net: NetName=NetR14_1 Pin=R15-1
Added Pin To Net: NetName=NetR15_1 Pin=R15-1
Added Pin To Net: NetName=NetJ2_5 Pin=R15-2
Added Pin To Net: NetName=GND_U?1 Pin=R16-1
Added Pin To Net: NetName=GND_U?2 Pin=R16-1
Added Pin To Net: NetName=NetR2_1 Pin=U1-1
Added Pin To Net: NetName=NetR4_1 Pin=U1-1
Added Pin To Net: NetName=CV_0_CS Pin=U1-2
Added Pin To Net: NetName=NetR1_1 Pin=U1-2
Added Pin To Net: NetName=NetR3_2 Pin=U1-2
Added Pin To Net: NetName=NetR7_1 Pin=U1-3
Added Pin To Net: NetName=SCK Pin=U1-3
Added Pin To Net: NetName=VCC Pin=U1-3
Added Pin To Net: NetName=+12V_U?1 Pin=U1-4
Added Pin To Net: NetName=+12V_U?1 Pin=U1-4
Added Pin To Net: NetName=+12V_U?1 Pin=U1-4
Added Pin To Net: NetName=+12V_U?2 Pin=U1-4
Added Pin To Net: NetName=+12V_U?2 Pin=U1-4
Added Pin To Net: NetName=+12V_U?3 Pin=U1-4
Added Pin To Net: NetName=+12V_U?3 Pin=U1-4
Added Pin To Net: NetName=MOSI Pin=U1-4
Added Pin To Net: NetName=NetR8_1 Pin=U1-5
Added Pin To Net: NetName=NetR5_2 Pin=U1-6
Added Pin To Net: NetName=NetR5_2 Pin=U1-7
Added Pin To Net: NetName=NetR10_2 Pin=U1-7
Added Pin To Net: NetName=NetC1_2 Pin=U1-8
Added Pin To Net: NetName=NetR8_2 Pin=U1-8
Added Pin To Net: NetName=NetU1_8 Pin=U1-8
Added Pin To Net: NetName=NetC1_1 Pin=U1-9
Added Pin To Net: NetName=NetR8_2 Pin=U1-9
Added Pin To Net: NetName=GND_U?1 Pin=U1-10
Added Pin To Net: NetName=GND_U?2 Pin=U1-10
Added Pin To Net: NetName=GND_U?3 Pin=U1-10
Added Pin To Net: NetName=NetR10_1 Pin=U1-10
Added Pin To Net: NetName=-12V_U?1 Pin=U1-11
Added Pin To Net: NetName=-12V_U?1 Pin=U1-11
Added Pin To Net: NetName=-12V_U?1 Pin=U1-11
Added Pin To Net: NetName=-12V_U?2 Pin=U1-11
Added Pin To Net: NetName=-12V_U?2 Pin=U1-11
Added Pin To Net: NetName=-12V_U?3 Pin=U1-11
Added Pin To Net: NetName=-12V_U?3 Pin=U1-11
Added Pin To Net: NetName=NetR1_2 Pin=U1-13
Added Pin To Net: NetName=NetR1_2 Pin=U1-14
Added Pin To Net: NetName=AUDIO_1_L_BUF_U?1 Pin=U?-1
Added Pin To Net: NetName=AUDIO_1_L_BUF_U?2 Pin=U?-1
Added Pin To Net: NetName=AUDIO_1_L_BUF_U?3 Pin=U?-1
Added Pin To Net: NetName=CV_0_BUF_U?1 Pin=U?-1
Added Pin To Net: NetName=CV_0_BUF_U?2 Pin=U?-1
Added Pin To Net: NetName=CV_0_BUF_U?3 Pin=U?-1
Added Pin To Net: NetName=GPIO_2_BUF_U?1 Pin=U?-1
Added Pin To Net: NetName=GPIO_2_BUF_U?2 Pin=U?-1
Added Pin To Net: NetName=GPIO_2_BUF_U?3 Pin=U?-1
Added Pin To Net: NetName=PWM_0_M0 Pin=U?-1
Added Pin To Net: NetName=PWM_0_M1 Pin=U?-1
Added Pin To Net: NetName=PWM_0_M2 Pin=U?-1
Added Pin To Net: NetName=AUDIO_1_L_BUF_U?1 Pin=U?-2
Added Pin To Net: NetName=AUDIO_1_L_BUF_U?2 Pin=U?-2
Added Pin To Net: NetName=AUDIO_1_L_BUF_U?3 Pin=U?-2
Added Pin To Net: NetName=CV_0_BUF_U?1 Pin=U?-2
Added Pin To Net: NetName=CV_0_BUF_U?2 Pin=U?-2
Added Pin To Net: NetName=CV_0_BUF_U?3 Pin=U?-2
Added Pin To Net: NetName=GPIO_2_BUF_U?1 Pin=U?-2
Added Pin To Net: NetName=GPIO_2_BUF_U?2 Pin=U?-2
Added Pin To Net: NetName=GPIO_2_BUF_U?3 Pin=U?-2
Added Pin To Net: NetName=PWM_0_M0 Pin=U?-2
Added Pin To Net: NetName=PWM_0_M1 Pin=U?-2
Added Pin To Net: NetName=PWM_0_M2 Pin=U?-2
Added Pin To Net: NetName=AUDIO_1_L_U?1 Pin=U?-3
Added Pin To Net: NetName=AUDIO_1_L_U?2 Pin=U?-3
Added Pin To Net: NetName=AUDIO_1_L_U?3 Pin=U?-3
Added Pin To Net: NetName=CV_0_U?1 Pin=U?-3
Added Pin To Net: NetName=CV_0_U?2 Pin=U?-3
Added Pin To Net: NetName=CV_0_U?3 Pin=U?-3
Added Pin To Net: NetName=GPIO_2_U?1 Pin=U?-3
Added Pin To Net: NetName=GPIO_2_U?2 Pin=U?-3
Added Pin To Net: NetName=GPIO_2_U?3 Pin=U?-3
Added Pin To Net: NetName=PWM_1_U?1 Pin=U?-3
Added Pin To Net: NetName=PWM_1_U?2 Pin=U?-3
Added Pin To Net: NetName=PWM_1_U?3 Pin=U?-3
Added Pin To Net: NetName=+12V_M0 Pin=U?-4
Added Pin To Net: NetName=+12V_M0 Pin=U?-4
Added Pin To Net: NetName=+12V_M0 Pin=U?-4
Added Pin To Net: NetName=+12V_M0 Pin=U?-4
Added Pin To Net: NetName=+12V_M1 Pin=U?-4
Added Pin To Net: NetName=+12V_M1 Pin=U?-4
Added Pin To Net: NetName=+12V_M1 Pin=U?-4
Added Pin To Net: NetName=+12V_M1 Pin=U?-4
Added Pin To Net: NetName=+12V_M2 Pin=U?-4
Added Pin To Net: NetName=+12V_M2 Pin=U?-4
Added Pin To Net: NetName=+12V_M2 Pin=U?-4
Added Pin To Net: NetName=+12V_M2 Pin=U?-4
Added Pin To Net: NetName=AUDIO_1_R_U?1 Pin=U?-5
Added Pin To Net: NetName=AUDIO_1_R_U?2 Pin=U?-5
Added Pin To Net: NetName=AUDIO_1_R_U?3 Pin=U?-5
Added Pin To Net: NetName=GATE_1_U?1 Pin=U?-5
Added Pin To Net: NetName=GATE_1_U?2 Pin=U?-5
Added Pin To Net: NetName=GATE_1_U?3 Pin=U?-5
Added Pin To Net: NetName=GPIO_1_U?1 Pin=U?-5
Added Pin To Net: NetName=GPIO_1_U?2 Pin=U?-5
Added Pin To Net: NetName=GPIO_1_U?3 Pin=U?-5
Added Pin To Net: NetName=PWM_0_U?1 Pin=U?-5
Added Pin To Net: NetName=PWM_0_U?2 Pin=U?-5
Added Pin To Net: NetName=PWM_0_U?3 Pin=U?-5
Added Pin To Net: NetName=AUDIO_1_R_BUF_U?1 Pin=U?-6
Added Pin To Net: NetName=AUDIO_1_R_BUF_U?2 Pin=U?-6
Added Pin To Net: NetName=AUDIO_1_R_BUF_U?3 Pin=U?-6
Added Pin To Net: NetName=GATE_0_M0 Pin=U?-6
Added Pin To Net: NetName=GATE_0_M1 Pin=U?-6
Added Pin To Net: NetName=GATE_0_M2 Pin=U?-6
Added Pin To Net: NetName=GPIO_1_BUF_U?1 Pin=U?-6
Added Pin To Net: NetName=GPIO_1_BUF_U?2 Pin=U?-6
Added Pin To Net: NetName=GPIO_1_BUF_U?3 Pin=U?-6
Added Pin To Net: NetName=PWM_0_BUF_U?1 Pin=U?-6
Added Pin To Net: NetName=PWM_0_BUF_U?2 Pin=U?-6
Added Pin To Net: NetName=PWM_0_BUF_U?3 Pin=U?-6
Added Pin To Net: NetName=AUDIO_1_R_BUF_U?1 Pin=U?-7
Added Pin To Net: NetName=AUDIO_1_R_BUF_U?2 Pin=U?-7
Added Pin To Net: NetName=AUDIO_1_R_BUF_U?3 Pin=U?-7
Added Pin To Net: NetName=GATE_0_M0 Pin=U?-7
Added Pin To Net: NetName=GATE_0_M1 Pin=U?-7
Added Pin To Net: NetName=GATE_0_M2 Pin=U?-7
Added Pin To Net: NetName=GPIO_1_BUF_U?1 Pin=U?-7
Added Pin To Net: NetName=GPIO_1_BUF_U?2 Pin=U?-7
Added Pin To Net: NetName=GPIO_1_BUF_U?3 Pin=U?-7
Added Pin To Net: NetName=PWM_0_BUF_U?1 Pin=U?-7
Added Pin To Net: NetName=PWM_0_BUF_U?2 Pin=U?-7
Added Pin To Net: NetName=PWM_0_BUF_U?3 Pin=U?-7
Added Pin To Net: NetName=AUDIO_2_L_BUF_U?1 Pin=U?-8
Added Pin To Net: NetName=AUDIO_2_L_BUF_U?2 Pin=U?-8
Added Pin To Net: NetName=AUDIO_2_L_BUF_U?3 Pin=U?-8
Added Pin To Net: NetName=GATE_0_BUF_U?1 Pin=U?-8
Added Pin To Net: NetName=GATE_0_BUF_U?2 Pin=U?-8
Added Pin To Net: NetName=GATE_0_BUF_U?3 Pin=U?-8
Added Pin To Net: NetName=GPIO_0_BUF_U?1 Pin=U?-8
Added Pin To Net: NetName=GPIO_0_BUF_U?2 Pin=U?-8
Added Pin To Net: NetName=GPIO_0_BUF_U?3 Pin=U?-8
Added Pin To Net: NetName=MIDI_OUT_BUF_U?1 Pin=U?-8
Added Pin To Net: NetName=MIDI_OUT_BUF_U?2 Pin=U?-8
Added Pin To Net: NetName=MIDI_OUT_BUF_U?3 Pin=U?-8
Added Pin To Net: NetName=AUDIO_2_L_BUF_U?1 Pin=U?-9
Added Pin To Net: NetName=AUDIO_2_L_BUF_U?2 Pin=U?-9
Added Pin To Net: NetName=AUDIO_2_L_BUF_U?3 Pin=U?-9
Added Pin To Net: NetName=GATE_0_BUF_U?1 Pin=U?-9
Added Pin To Net: NetName=GATE_0_BUF_U?2 Pin=U?-9
Added Pin To Net: NetName=GATE_0_BUF_U?3 Pin=U?-9
Added Pin To Net: NetName=GPIO_0_BUF_U?1 Pin=U?-9
Added Pin To Net: NetName=GPIO_0_BUF_U?2 Pin=U?-9
Added Pin To Net: NetName=GPIO_0_BUF_U?3 Pin=U?-9
Added Pin To Net: NetName=MIDI_OUT_BUF_U?1 Pin=U?-9
Added Pin To Net: NetName=MIDI_OUT_BUF_U?2 Pin=U?-9
Added Pin To Net: NetName=MIDI_OUT_BUF_U?3 Pin=U?-9
Added Pin To Net: NetName=AUDIO_2_L_U?1 Pin=U?-10
Added Pin To Net: NetName=AUDIO_2_L_U?2 Pin=U?-10
Added Pin To Net: NetName=AUDIO_2_L_U?3 Pin=U?-10
Added Pin To Net: NetName=GATE_0_U?1 Pin=U?-10
Added Pin To Net: NetName=GATE_0_U?2 Pin=U?-10
Added Pin To Net: NetName=GATE_0_U?3 Pin=U?-10
Added Pin To Net: NetName=GPIO_0_U?1 Pin=U?-10
Added Pin To Net: NetName=GPIO_0_U?2 Pin=U?-10
Added Pin To Net: NetName=GPIO_0_U?3 Pin=U?-10
Added Pin To Net: NetName=MIDI_OUT_U?1 Pin=U?-10
Added Pin To Net: NetName=MIDI_OUT_U?2 Pin=U?-10
Added Pin To Net: NetName=MIDI_OUT_U?3 Pin=U?-10
Added Pin To Net: NetName=-12V_M0 Pin=U?-11
Added Pin To Net: NetName=-12V_M1 Pin=U?-11
Added Pin To Net: NetName=-12V_M2 Pin=U?-11
Added Pin To Net: NetName=GND_M0 Pin=U?-11
Added Pin To Net: NetName=GND_M0 Pin=U?-11
Added Pin To Net: NetName=GND_M0 Pin=U?-11
Added Pin To Net: NetName=GND_M1 Pin=U?-11
Added Pin To Net: NetName=GND_M1 Pin=U?-11
Added Pin To Net: NetName=GND_M1 Pin=U?-11
Added Pin To Net: NetName=GND_M2 Pin=U?-11
Added Pin To Net: NetName=GND_M2 Pin=U?-11
Added Pin To Net: NetName=GND_M2 Pin=U?-11
Added Pin To Net: NetName=AUDIO_2_R_U?1 Pin=U?-12
Added Pin To Net: NetName=AUDIO_2_R_U?2 Pin=U?-12
Added Pin To Net: NetName=AUDIO_2_R_U?3 Pin=U?-12
Added Pin To Net: NetName=CV_1_U?1 Pin=U?-12
Added Pin To Net: NetName=CV_1_U?2 Pin=U?-12
Added Pin To Net: NetName=CV_1_U?3 Pin=U?-12
Added Pin To Net: NetName=GPIO_3_U?1 Pin=U?-12
Added Pin To Net: NetName=GPIO_3_U?2 Pin=U?-12
Added Pin To Net: NetName=GPIO_3_U?3 Pin=U?-12
Added Pin To Net: NetName=MIDI_IN_U?1 Pin=U?-12
Added Pin To Net: NetName=MIDI_IN_U?2 Pin=U?-12
Added Pin To Net: NetName=MIDI_IN_U?3 Pin=U?-12
Added Pin To Net: NetName=AUDIO_2_R_BUF_U?1 Pin=U?-13
Added Pin To Net: NetName=AUDIO_2_R_BUF_U?2 Pin=U?-13
Added Pin To Net: NetName=AUDIO_2_R_BUF_U?3 Pin=U?-13
Added Pin To Net: NetName=CV_0_M0 Pin=U?-13
Added Pin To Net: NetName=CV_0_M1 Pin=U?-13
Added Pin To Net: NetName=CV_0_M2 Pin=U?-13
Added Pin To Net: NetName=GPIO_3_BUF_U?1 Pin=U?-13
Added Pin To Net: NetName=GPIO_3_BUF_U?2 Pin=U?-13
Added Pin To Net: NetName=GPIO_3_BUF_U?3 Pin=U?-13
Added Pin To Net: NetName=MIDI_IN_BUF_U?1 Pin=U?-13
Added Pin To Net: NetName=MIDI_IN_BUF_U?2 Pin=U?-13
Added Pin To Net: NetName=MIDI_IN_BUF_U?3 Pin=U?-13
Added Pin To Net: NetName=AUDIO_2_R_BUF_U?1 Pin=U?-14
Added Pin To Net: NetName=AUDIO_2_R_BUF_U?2 Pin=U?-14
Added Pin To Net: NetName=AUDIO_2_R_BUF_U?3 Pin=U?-14
Added Pin To Net: NetName=CV_0_M0 Pin=U?-14
Added Pin To Net: NetName=CV_0_M1 Pin=U?-14
Added Pin To Net: NetName=CV_0_M2 Pin=U?-14
Added Pin To Net: NetName=GPIO_3_BUF_U?1 Pin=U?-14
Added Pin To Net: NetName=GPIO_3_BUF_U?2 Pin=U?-14
Added Pin To Net: NetName=GPIO_3_BUF_U?3 Pin=U?-14
Added Pin To Net: NetName=MIDI_IN_BUF_U?1 Pin=U?-14
Added Pin To Net: NetName=MIDI_IN_BUF_U?2 Pin=U?-14
Added Pin To Net: NetName=MIDI_IN_BUF_U?3 Pin=U?-14
Change Room Name: Old Name=U?1_1 New Name=U?1
Change Room Name: Old Name=U?2_1 New Name=U?2
Change Room Name: Old Name=U?3_1 New Name=U?3
