Change Component Physical Designator: Old Designator=C1_U?1 New Designator=C1
Change Component Physical Designator: Old Designator=C1_U?2 New Designator=C1
Change Component Physical Designator: Old Designator=C1_U?3 New Designator=C1
Change Component Physical Designator: Old Designator=C1_U?4 New Designator=C1
Change Component Physical Designator: Old Designator=C1_U?5 New Designator=C1
Change Component Physical Designator: Old Designator=C1_U?6 New Designator=C1
Change Component Physical Designator: Old Designator=C2_U?4 New Designator=C2
Change Component Physical Designator: Old Designator=C2_U?5 New Designator=C2
Change Component Physical Designator: Old Designator=C2_U?6 New Designator=C2
Change Component Physical Designator: Old Designator=C3_U?4 New Designator=C3
Change Component Physical Designator: Old Designator=C3_U?5 New Designator=C3
Change Component Physical Designator: Old Designator=C3_U?6 New Designator=C3
Change Component Physical Designator: Old Designator=C6 New Designator=C3
Change Component Physical Designator: Old Designator=C7 New Designator=C8
Change Component Physical Designator: Old Designator=C8 New Designator=C9
Change Component Physical Designator: Old Designator=C9 New Designator=C10
Change Component Physical Designator: Old Designator=C10 New Designator=C11
Change Component Physical Designator: Old Designator=C? New Designator=C1
Change Component Physical Designator: Old Designator=C? New Designator=C2
Change Component Physical Designator: Old Designator=C? New Designator=C4
Change Component Physical Designator: Old Designator=C? New Designator=C5
Change Component Physical Designator: Old Designator=C? New Designator=C6
Change Component Physical Designator: Old Designator=C? New Designator=C7
Change Component Physical Designator: Old Designator=C? New Designator=C12
Change Component Physical Designator: Old Designator=C? New Designator=C13
Change Component Physical Designator: Old Designator=C? New Designator=C14
Change Component Physical Designator: Old Designator=C? New Designator=C15
Change Component Physical Designator: Old Designator=C? New Designator=C16
Change Component Physical Designator: Old Designator=C?_U?1 New Designator=C?
Change Component Physical Designator: Old Designator=C?_U?1 New Designator=C?
Change Component Physical Designator: Old Designator=C?_U?1 New Designator=C?
Change Component Physical Designator: Old Designator=C?_U?1 New Designator=C?
Change Component Physical Designator: Old Designator=C?_U?2 New Designator=C?
Change Component Physical Designator: Old Designator=C?_U?2 New Designator=C?
Change Component Physical Designator: Old Designator=C?_U?2 New Designator=C?
Change Component Physical Designator: Old Designator=C?_U?2 New Designator=C?
Change Component Physical Designator: Old Designator=C?_U?3 New Designator=C?
Change Component Physical Designator: Old Designator=C?_U?3 New Designator=C?
Change Component Physical Designator: Old Designator=C?_U?3 New Designator=C?
Change Component Physical Designator: Old Designator=C?_U?3 New Designator=C?
Change Component Physical Designator: Old Designator=D1_U?1 New Designator=D1
Change Component Physical Designator: Old Designator=D1_U?2 New Designator=D1
Change Component Physical Designator: Old Designator=D1_U?3 New Designator=D1
Change Component Physical Designator: Old Designator=D2_U?1 New Designator=D2
Change Component Physical Designator: Old Designator=D2_U?2 New Designator=D2
Change Component Physical Designator: Old Designator=D2_U?3 New Designator=D2
Change Component Physical Designator: Old Designator=D3 New Designator=D1
Change Component Physical Designator: Old Designator=D? New Designator=D2
Change Component Physical Designator: Old Designator=J? New Designator=J1
Change Component Physical Designator: Old Designator=J? New Designator=J2
Change Component Physical Designator: Old Designator=J?_ModuleSlot 0 New Designator=J?
Change Component Physical Designator: Old Designator=J?_ModuleSlot 0 New Designator=J?
Change Component Physical Designator: Old Designator=J?_ModuleSlot 0 New Designator=J?
Change Component Physical Designator: Old Designator=J?_ModuleSlot 0 New Designator=J?
Change Component Physical Designator: Old Designator=J?_ModuleSlot 0 New Designator=J?
Change Component Physical Designator: Old Designator=J?_ModuleSlot 0 New Designator=J?
Change Component Physical Designator: Old Designator=J?_ModuleSlot 0 New Designator=J?
Change Component Physical Designator: Old Designator=J?_ModuleSlot 0 New Designator=J?
Change Component Physical Designator: Old Designator=J?_ModuleSlot 0 New Designator=J?
Change Component Physical Designator: Old Designator=J?_ModuleSlot 1 New Designator=J?
Change Component Physical Designator: Old Designator=J?_ModuleSlot 1 New Designator=J?
Change Component Physical Designator: Old Designator=J?_ModuleSlot 1 New Designator=J?
Change Component Physical Designator: Old Designator=J?_ModuleSlot 1 New Designator=J?
Change Component Physical Designator: Old Designator=J?_ModuleSlot 1 New Designator=J?
Change Component Physical Designator: Old Designator=J?_ModuleSlot 1 New Designator=J?
Change Component Physical Designator: Old Designator=J?_ModuleSlot 1 New Designator=J?
Change Component Physical Designator: Old Designator=J?_ModuleSlot 1 New Designator=J?
Change Component Physical Designator: Old Designator=J?_ModuleSlot 1 New Designator=J?
Change Component Physical Designator: Old Designator=J?_ModuleSlot 2 New Designator=J?
Change Component Physical Designator: Old Designator=J?_ModuleSlot 2 New Designator=J?
Change Component Physical Designator: Old Designator=J?_ModuleSlot 2 New Designator=J?
Change Component Physical Designator: Old Designator=J?_ModuleSlot 2 New Designator=J?
Change Component Physical Designator: Old Designator=J?_ModuleSlot 2 New Designator=J?
Change Component Physical Designator: Old Designator=J?_ModuleSlot 2 New Designator=J?
Change Component Physical Designator: Old Designator=J?_ModuleSlot 2 New Designator=J?
Change Component Physical Designator: Old Designator=J?_ModuleSlot 2 New Designator=J?
Change Component Physical Designator: Old Designator=J?_ModuleSlot 2 New Designator=J?
Change Component Physical Designator: Old Designator=R1_U?1 New Designator=R1
Change Component Physical Designator: Old Designator=R1_U?2 New Designator=R1
Change Component Physical Designator: Old Designator=R1_U?3 New Designator=R1
Change Component Physical Designator: Old Designator=R1_U?4 New Designator=R1
Change Component Physical Designator: Old Designator=R1_U?5 New Designator=R1
Change Component Physical Designator: Old Designator=R1_U?6 New Designator=R1
Change Component Physical Designator: Old Designator=R2_U?1 New Designator=R2
Change Component Physical Designator: Old Designator=R2_U?2 New Designator=R2
Change Component Physical Designator: Old Designator=R2_U?3 New Designator=R2
Change Component Physical Designator: Old Designator=R2_U?4 New Designator=R2
Change Component Physical Designator: Old Designator=R2_U?5 New Designator=R2
Change Component Physical Designator: Old Designator=R2_U?6 New Designator=R2
Change Component Physical Designator: Old Designator=R3_U?1 New Designator=R3
Change Component Physical Designator: Old Designator=R3_U?2 New Designator=R3
Change Component Physical Designator: Old Designator=R3_U?3 New Designator=R3
Change Component Physical Designator: Old Designator=R3_U?4 New Designator=R3
Change Component Physical Designator: Old Designator=R3_U?5 New Designator=R3
Change Component Physical Designator: Old Designator=R3_U?6 New Designator=R3
Change Component Physical Designator: Old Designator=R4_U?1 New Designator=R4
Change Component Physical Designator: Old Designator=R4_U?2 New Designator=R4
Change Component Physical Designator: Old Designator=R4_U?3 New Designator=R4
Change Component Physical Designator: Old Designator=R4_U?4 New Designator=R4
Change Component Physical Designator: Old Designator=R4_U?5 New Designator=R4
Change Component Physical Designator: Old Designator=R4_U?6 New Designator=R4
Change Component Physical Designator: Old Designator=R5_U?1 New Designator=R5
Change Component Physical Designator: Old Designator=R5_U?2 New Designator=R5
Change Component Physical Designator: Old Designator=R5_U?3 New Designator=R5
Change Component Physical Designator: Old Designator=R5_U?4 New Designator=R5
Change Component Physical Designator: Old Designator=R5_U?5 New Designator=R5
Change Component Physical Designator: Old Designator=R5_U?6 New Designator=R5
Change Component Physical Designator: Old Designator=R6_U?1 New Designator=R6
Change Component Physical Designator: Old Designator=R6_U?2 New Designator=R6
Change Component Physical Designator: Old Designator=R6_U?3 New Designator=R6
Change Component Physical Designator: Old Designator=R6_U?4 New Designator=R6
Change Component Physical Designator: Old Designator=R6_U?5 New Designator=R6
Change Component Physical Designator: Old Designator=R6_U?6 New Designator=R6
Change Component Physical Designator: Old Designator=R7 New Designator=R1
Change Component Physical Designator: Old Designator=R7_U?1 New Designator=R7
Change Component Physical Designator: Old Designator=R7_U?2 New Designator=R7
Change Component Physical Designator: Old Designator=R7_U?3 New Designator=R7
Change Component Physical Designator: Old Designator=R7_U?4 New Designator=R7
Change Component Physical Designator: Old Designator=R7_U?5 New Designator=R7
Change Component Physical Designator: Old Designator=R7_U?6 New Designator=R7
Change Component Physical Designator: Old Designator=R8 New Designator=R2
Change Component Physical Designator: Old Designator=R8_U?1 New Designator=R8
Change Component Physical Designator: Old Designator=R8_U?2 New Designator=R8
Change Component Physical Designator: Old Designator=R8_U?3 New Designator=R8
Change Component Physical Designator: Old Designator=R8_U?4 New Designator=R8
Change Component Physical Designator: Old Designator=R8_U?5 New Designator=R8
Change Component Physical Designator: Old Designator=R8_U?6 New Designator=R8
Change Component Physical Designator: Old Designator=R9_U?1 New Designator=R9
Change Component Physical Designator: Old Designator=R9_U?2 New Designator=R9
Change Component Physical Designator: Old Designator=R9_U?3 New Designator=R9
Change Component Physical Designator: Old Designator=R9_U?4 New Designator=R9
Change Component Physical Designator: Old Designator=R9_U?5 New Designator=R9
Change Component Physical Designator: Old Designator=R9_U?6 New Designator=R9
Change Component Physical Designator: Old Designator=R10 New Designator=R3
Change Component Physical Designator: Old Designator=R10_U?1 New Designator=R10
Change Component Physical Designator: Old Designator=R10_U?2 New Designator=R10
Change Component Physical Designator: Old Designator=R10_U?3 New Designator=R10
Change Component Physical Designator: Old Designator=R11 New Designator=R4
Change Component Physical Designator: Old Designator=R11_U?1 New Designator=R11
Change Component Physical Designator: Old Designator=R11_U?2 New Designator=R11
Change Component Physical Designator: Old Designator=R11_U?3 New Designator=R11
Change Component Physical Designator: Old Designator=R12 New Designator=R10
Change Component Physical Designator: Old Designator=R12_U?1 New Designator=R12
Change Component Physical Designator: Old Designator=R12_U?2 New Designator=R12
Change Component Physical Designator: Old Designator=R12_U?3 New Designator=R12
Change Component Physical Designator: Old Designator=R13_U?1 New Designator=R13
Change Component Physical Designator: Old Designator=R13_U?2 New Designator=R13
Change Component Physical Designator: Old Designator=R13_U?3 New Designator=R13
Change Component Physical Designator: Old Designator=R14_U?1 New Designator=R14
Change Component Physical Designator: Old Designator=R14_U?2 New Designator=R14
Change Component Physical Designator: Old Designator=R14_U?3 New Designator=R14
Change Component Physical Designator: Old Designator=R15_U?1 New Designator=R15
Change Component Physical Designator: Old Designator=R15_U?2 New Designator=R15
Change Component Physical Designator: Old Designator=R15_U?3 New Designator=R15
Change Component Physical Designator: Old Designator=R16_U?1 New Designator=R16
Change Component Physical Designator: Old Designator=R16_U?2 New Designator=R16
Change Component Physical Designator: Old Designator=R16_U?3 New Designator=R16
Change Component Physical Designator: Old Designator=R? New Designator=R5
Change Component Physical Designator: Old Designator=R? New Designator=R6
Change Component Physical Designator: Old Designator=R? New Designator=R7
Change Component Physical Designator: Old Designator=R? New Designator=R8
Change Component Physical Designator: Old Designator=R? New Designator=R11
Change Component Physical Designator: Old Designator=R? New Designator=R12
Change Component Physical Designator: Old Designator=R? New Designator=R13
Change Component Physical Designator: Old Designator=R? New Designator=R14
Change Component Physical Designator: Old Designator=R? New Designator=R15
Change Component Physical Designator: Old Designator=S? New Designator=S2
Change Component Physical Designator: Old Designator=U1_U?1 New Designator=U1
Change Component Physical Designator: Old Designator=U1_U?1 New Designator=U1
Change Component Physical Designator: Old Designator=U1_U?1 New Designator=U1
Change Component Physical Designator: Old Designator=U1_U?2 New Designator=U1
Change Component Physical Designator: Old Designator=U1_U?2 New Designator=U1
Change Component Physical Designator: Old Designator=U1_U?2 New Designator=U1
Change Component Physical Designator: Old Designator=U1_U?3 New Designator=U1
Change Component Physical Designator: Old Designator=U1_U?3 New Designator=U1
Change Component Physical Designator: Old Designator=U1_U?3 New Designator=U1
Change Component Physical Designator: Old Designator=U1_U?4 New Designator=U1
Change Component Physical Designator: Old Designator=U1_U?4 New Designator=U1
Change Component Physical Designator: Old Designator=U1_U?4 New Designator=U1
Change Component Physical Designator: Old Designator=U1_U?4 New Designator=U1
Change Component Physical Designator: Old Designator=U1_U?5 New Designator=U1
Change Component Physical Designator: Old Designator=U1_U?5 New Designator=U1
Change Component Physical Designator: Old Designator=U1_U?5 New Designator=U1
Change Component Physical Designator: Old Designator=U1_U?5 New Designator=U1
Change Component Physical Designator: Old Designator=U1_U?6 New Designator=U1
Change Component Physical Designator: Old Designator=U1_U?6 New Designator=U1
Change Component Physical Designator: Old Designator=U1_U?6 New Designator=U1
Change Component Physical Designator: Old Designator=U1_U?6 New Designator=U1
Change Component Physical Designator: Old Designator=U4 New Designator=U3
Change Component Physical Designator: Old Designator=U5 New Designator=U1
Change Component Physical Designator: Old Designator=U6 New Designator=U2
Change Component Physical Designator: Old Designator=U6 New Designator=U2
Change Component Physical Designator: Old Designator=U? New Designator=U5
Change Component Physical Designator: Old Designator=U? New Designator=U7
Change Component Physical Designator: Old Designator=U? New Designator=U5
Change Component Physical Designator: Old Designator=U? New Designator=U7
Change Component Physical Designator: Old Designator=U? New Designator=U4
Change Component Physical Designator: Old Designator=U? New Designator=U6
Change Component Physical Designator: Old Designator=U?_U?1 New Designator=U?
Change Component Physical Designator: Old Designator=U?_U?1 New Designator=U?
Change Component Physical Designator: Old Designator=U?_U?1 New Designator=U?
Change Component Physical Designator: Old Designator=U?_U?1 New Designator=U?
Change Component Physical Designator: Old Designator=U?_U?1 New Designator=U?
Change Component Physical Designator: Old Designator=U?_U?1 New Designator=U?
Change Component Physical Designator: Old Designator=U?_U?1 New Designator=U?
Change Component Physical Designator: Old Designator=U?_U?1 New Designator=U?
Change Component Physical Designator: Old Designator=U?_U?1 New Designator=U?
Change Component Physical Designator: Old Designator=U?_U?1 New Designator=U?
Change Component Physical Designator: Old Designator=U?_U?1 New Designator=U?
Change Component Physical Designator: Old Designator=U?_U?1 New Designator=U?
Change Component Physical Designator: Old Designator=U?_U?1 New Designator=U?
Change Component Physical Designator: Old Designator=U?_U?1 New Designator=U?
Change Component Physical Designator: Old Designator=U?_U?1 New Designator=U?
Change Component Physical Designator: Old Designator=U?_U?1 New Designator=U?
Change Component Physical Designator: Old Designator=U?_U?2 New Designator=U?
Change Component Physical Designator: Old Designator=U?_U?2 New Designator=U?
Change Component Physical Designator: Old Designator=U?_U?2 New Designator=U?
Change Component Physical Designator: Old Designator=U?_U?2 New Designator=U?
Change Component Physical Designator: Old Designator=U?_U?2 New Designator=U?
Change Component Physical Designator: Old Designator=U?_U?2 New Designator=U?
Change Component Physical Designator: Old Designator=U?_U?2 New Designator=U?
Change Component Physical Designator: Old Designator=U?_U?2 New Designator=U?
Change Component Physical Designator: Old Designator=U?_U?2 New Designator=U?
Change Component Physical Designator: Old Designator=U?_U?2 New Designator=U?
Change Component Physical Designator: Old Designator=U?_U?2 New Designator=U?
Change Component Physical Designator: Old Designator=U?_U?2 New Designator=U?
Change Component Physical Designator: Old Designator=U?_U?2 New Designator=U?
Change Component Physical Designator: Old Designator=U?_U?2 New Designator=U?
Change Component Physical Designator: Old Designator=U?_U?2 New Designator=U?
Change Component Physical Designator: Old Designator=U?_U?2 New Designator=U?
Change Component Physical Designator: Old Designator=U?_U?3 New Designator=U?
Change Component Physical Designator: Old Designator=U?_U?3 New Designator=U?
Change Component Physical Designator: Old Designator=U?_U?3 New Designator=U?
Change Component Physical Designator: Old Designator=U?_U?3 New Designator=U?
Change Component Physical Designator: Old Designator=U?_U?3 New Designator=U?
Change Component Physical Designator: Old Designator=U?_U?3 New Designator=U?
Change Component Physical Designator: Old Designator=U?_U?3 New Designator=U?
Change Component Physical Designator: Old Designator=U?_U?3 New Designator=U?
Change Component Physical Designator: Old Designator=U?_U?3 New Designator=U?
Change Component Physical Designator: Old Designator=U?_U?3 New Designator=U?
Change Component Physical Designator: Old Designator=U?_U?3 New Designator=U?
Change Component Physical Designator: Old Designator=U?_U?3 New Designator=U?
Change Component Physical Designator: Old Designator=U?_U?3 New Designator=U?
Change Component Physical Designator: Old Designator=U?_U?3 New Designator=U?
Change Component Physical Designator: Old Designator=U?_U?3 New Designator=U?
Change Component Physical Designator: Old Designator=U?_U?3 New Designator=U?
