Change Component Physical Designator: Old Designator=C1 New Designator=C9
Change Component Physical Designator: Old Designator=C1 New Designator=C9
Change Component Physical Designator: Old Designator=C1 New Designator=C9
Change Component Physical Designator: Old Designator=C1 New Designator=C10
Change Component Physical Designator: Old Designator=C1 New Designator=C10
Change Component Physical Designator: Old Designator=C1 New Designator=C10
Change Component Physical Designator: Old Designator=C2 New Designator=C11
Change Component Physical Designator: Old Designator=C2 New Designator=C11
Change Component Physical Designator: Old Designator=C2 New Designator=C11
Change Component Physical Designator: Old Designator=C3 New Designator=C12
Change Component Physical Designator: Old Designator=C3 New Designator=C12
Change Component Physical Designator: Old Designator=C3 New Designator=C12
Change Component Physical Designator: Old Designator=C? New Designator=C5
Change Component Physical Designator: Old Designator=C? New Designator=C5
Change Component Physical Designator: Old Designator=C? New Designator=C5
Change Component Physical Designator: Old Designator=C? New Designator=C6
Change Component Physical Designator: Old Designator=C? New Designator=C6
Change Component Physical Designator: Old Designator=C? New Designator=C6
Change Component Physical Designator: Old Designator=C? New Designator=C7
Change Component Physical Designator: Old Designator=C? New Designator=C7
Change Component Physical Designator: Old Designator=C? New Designator=C7
Change Component Physical Designator: Old Designator=C? New Designator=C8
Change Component Physical Designator: Old Designator=C? New Designator=C8
Change Component Physical Designator: Old Designator=C? New Designator=C8
Change Component Physical Designator: Old Designator=D1 New Designator=D3
Change Component Physical Designator: Old Designator=D1 New Designator=D3
Change Component Physical Designator: Old Designator=D1 New Designator=D3
Change Component Physical Designator: Old Designator=J? New Designator=J1
Change Component Physical Designator: Old Designator=J? New Designator=J1
Change Component Physical Designator: Old Designator=J? New Designator=J1
Change Component Physical Designator: Old Designator=J? New Designator=J2
Change Component Physical Designator: Old Designator=J? New Designator=J2
Change Component Physical Designator: Old Designator=J? New Designator=J2
Change Component Physical Designator: Old Designator=J? New Designator=J3
Change Component Physical Designator: Old Designator=J? New Designator=J3
Change Component Physical Designator: Old Designator=J? New Designator=J3
Change Component Physical Designator: Old Designator=J? New Designator=J4
Change Component Physical Designator: Old Designator=J? New Designator=J4
Change Component Physical Designator: Old Designator=J? New Designator=J4
Change Component Physical Designator: Old Designator=J? New Designator=J5
Change Component Physical Designator: Old Designator=J? New Designator=J5
Change Component Physical Designator: Old Designator=J? New Designator=J5
Change Component Physical Designator: Old Designator=J? New Designator=J6
Change Component Physical Designator: Old Designator=J? New Designator=J6
Change Component Physical Designator: Old Designator=J? New Designator=J6
Change Component Physical Designator: Old Designator=J? New Designator=J7
Change Component Physical Designator: Old Designator=J? New Designator=J7
Change Component Physical Designator: Old Designator=J? New Designator=J7
Change Component Physical Designator: Old Designator=J? New Designator=J8
Change Component Physical Designator: Old Designator=J? New Designator=J8
Change Component Physical Designator: Old Designator=J? New Designator=J8
Change Component Physical Designator: Old Designator=J? New Designator=J9
Change Component Physical Designator: Old Designator=J? New Designator=J9
Change Component Physical Designator: Old Designator=J? New Designator=J9
Change Component Physical Designator: Old Designator=R1 New Designator=R17
Change Component Physical Designator: Old Designator=R1 New Designator=R17
Change Component Physical Designator: Old Designator=R1 New Designator=R17
Change Component Physical Designator: Old Designator=R1 New Designator=R18
Change Component Physical Designator: Old Designator=R1 New Designator=R18
Change Component Physical Designator: Old Designator=R1 New Designator=R18
Change Component Physical Designator: Old Designator=R2 New Designator=R19
Change Component Physical Designator: Old Designator=R2 New Designator=R19
Change Component Physical Designator: Old Designator=R2 New Designator=R19
Change Component Physical Designator: Old Designator=R3 New Designator=R20
Change Component Physical Designator: Old Designator=R3 New Designator=R20
Change Component Physical Designator: Old Designator=R3 New Designator=R20
Change Component Physical Designator: Old Designator=R4 New Designator=R21
Change Component Physical Designator: Old Designator=R4 New Designator=R21
Change Component Physical Designator: Old Designator=R4 New Designator=R21
Change Component Physical Designator: Old Designator=R5 New Designator=R22
Change Component Physical Designator: Old Designator=R5 New Designator=R22
Change Component Physical Designator: Old Designator=R5 New Designator=R22
Change Component Physical Designator: Old Designator=R6 New Designator=R23
Change Component Physical Designator: Old Designator=R6 New Designator=R23
Change Component Physical Designator: Old Designator=R6 New Designator=R23
Change Component Physical Designator: Old Designator=R7 New Designator=R24
Change Component Physical Designator: Old Designator=R7 New Designator=R24
Change Component Physical Designator: Old Designator=R7 New Designator=R24
Change Component Physical Designator: Old Designator=R8 New Designator=R25
Change Component Physical Designator: Old Designator=R8 New Designator=R25
Change Component Physical Designator: Old Designator=R8 New Designator=R25
Change Component Physical Designator: Old Designator=R9 New Designator=R26
Change Component Physical Designator: Old Designator=R9 New Designator=R26
Change Component Physical Designator: Old Designator=R9 New Designator=R26
Change Component Physical Designator: Old Designator=U1 New Designator=U6
Change Component Physical Designator: Old Designator=U1 New Designator=U6
Change Component Physical Designator: Old Designator=U1 New Designator=U6
Change Component Physical Designator: Old Designator=U1 New Designator=U7
Change Component Physical Designator: Old Designator=U1 New Designator=U7
Change Component Physical Designator: Old Designator=U1 New Designator=U7
Change Component Physical Designator: Old Designator=U1 New Designator=U6
Change Component Physical Designator: Old Designator=U1 New Designator=U6
Change Component Physical Designator: Old Designator=U1 New Designator=U6
Change Component Physical Designator: Old Designator=U1 New Designator=U7
Change Component Physical Designator: Old Designator=U1 New Designator=U7
Change Component Physical Designator: Old Designator=U1 New Designator=U7
Change Component Physical Designator: Old Designator=U1 New Designator=U6
Change Component Physical Designator: Old Designator=U1 New Designator=U6
Change Component Physical Designator: Old Designator=U1 New Designator=U6
Change Component Physical Designator: Old Designator=U1 New Designator=U7
Change Component Physical Designator: Old Designator=U1 New Designator=U7
Change Component Physical Designator: Old Designator=U1 New Designator=U7
Change Component Physical Designator: Old Designator=U1 New Designator=U6
Change Component Physical Designator: Old Designator=U1 New Designator=U6
Change Component Physical Designator: Old Designator=U1 New Designator=U6
Change Component Physical Designator: Old Designator=U? New Designator=U2
Change Component Physical Designator: Old Designator=U? New Designator=U2
Change Component Physical Designator: Old Designator=U? New Designator=U2
Change Component Physical Designator: Old Designator=U? New Designator=U3
Change Component Physical Designator: Old Designator=U? New Designator=U3
Change Component Physical Designator: Old Designator=U? New Designator=U3
Change Component Physical Designator: Old Designator=U? New Designator=U4
Change Component Physical Designator: Old Designator=U? New Designator=U4
Change Component Physical Designator: Old Designator=U? New Designator=U4
Change Component Physical Designator: Old Designator=U? New Designator=U5
Change Component Physical Designator: Old Designator=U? New Designator=U5
Change Component Physical Designator: Old Designator=U? New Designator=U5
Change Component Physical Designator: Old Designator=U? New Designator=U2
Change Component Physical Designator: Old Designator=U? New Designator=U2
Change Component Physical Designator: Old Designator=U? New Designator=U2
Change Component Physical Designator: Old Designator=U? New Designator=U3
Change Component Physical Designator: Old Designator=U? New Designator=U3
Change Component Physical Designator: Old Designator=U? New Designator=U3
Change Component Physical Designator: Old Designator=U? New Designator=U4
Change Component Physical Designator: Old Designator=U? New Designator=U4
Change Component Physical Designator: Old Designator=U? New Designator=U4
Change Component Physical Designator: Old Designator=U? New Designator=U5
Change Component Physical Designator: Old Designator=U? New Designator=U5
Change Component Physical Designator: Old Designator=U? New Designator=U5
Change Component Physical Designator: Old Designator=U? New Designator=U2
Change Component Physical Designator: Old Designator=U? New Designator=U2
Change Component Physical Designator: Old Designator=U? New Designator=U2
Change Component Physical Designator: Old Designator=U? New Designator=U3
Change Component Physical Designator: Old Designator=U? New Designator=U3
Change Component Physical Designator: Old Designator=U? New Designator=U3
Change Component Physical Designator: Old Designator=U? New Designator=U4
Change Component Physical Designator: Old Designator=U? New Designator=U4
Change Component Physical Designator: Old Designator=U? New Designator=U4
Change Component Physical Designator: Old Designator=U? New Designator=U5
Change Component Physical Designator: Old Designator=U? New Designator=U5
Change Component Physical Designator: Old Designator=U? New Designator=U5
Change Component Physical Designator: Old Designator=U? New Designator=U2
Change Component Physical Designator: Old Designator=U? New Designator=U2
Change Component Physical Designator: Old Designator=U? New Designator=U2
Change Component Physical Designator: Old Designator=U? New Designator=U3
Change Component Physical Designator: Old Designator=U? New Designator=U3
Change Component Physical Designator: Old Designator=U? New Designator=U3
Change Component Physical Designator: Old Designator=U? New Designator=U4
Change Component Physical Designator: Old Designator=U? New Designator=U4
Change Component Physical Designator: Old Designator=U? New Designator=U4
Change Component Physical Designator: Old Designator=U? New Designator=U5
Change Component Physical Designator: Old Designator=U? New Designator=U5
Change Component Physical Designator: Old Designator=U? New Designator=U5
