Change Component Designator: OldDesignator=P? NewDesignator=P1
Added Component: Designator=P2(HDR1X16)
Added Pin To Net: NetName=GND Pin=P1-2
Added Pin To Net: NetName=GND Pin=P1-4
Added Pin To Net: NetName=GND Pin=P1-6
Added Pin To Net: NetName=GND Pin=P1-8
Added Pin To Net: NetName=GND Pin=P1-10
Added Pin To Net: NetName=GND Pin=P1-12
Added Pin To Net: NetName=GND Pin=P1-14
Added Pin To Net: NetName=GND Pin=P1-16
Added Pin To Net: NetName=GND Pin=P2-2
Added Pin To Net: NetName=GND Pin=P2-4
Added Pin To Net: NetName=GND Pin=P2-6
Added Pin To Net: NetName=GND Pin=P2-8
Added Pin To Net: NetName=GND Pin=P2-10
Added Pin To Net: NetName=GND Pin=P2-12
Added Pin To Net: NetName=GND Pin=P2-14
Added Pin To Net: NetName=GND Pin=P2-16
Added Pin To Net: NetName=+3.3V Pin=P2-15
Added Net: Name=+3.3V
Added Pin To Net: NetName=+12V Pin=P2-11
Added Net: Name=+12V
Added Pin To Net: NetName=-12V Pin=P2-13
Added Net: Name=-12V
Added Pin To Net: NetName=CV_1 Pin=P1-1
Added Net: Name=CV_1
Added Pin To Net: NetName=CV_2 Pin=P1-3
Added Net: Name=CV_2
Added Pin To Net: NetName=GATE_1 Pin=P1-5
Added Net: Name=GATE_1
Added Pin To Net: NetName=GATE_2 Pin=P1-7
Added Net: Name=GATE_2
Added Pin To Net: NetName=GPIO_1 Pin=P2-1
Added Net: Name=GPIO_1
Added Pin To Net: NetName=GPIO_2 Pin=P2-3
Added Net: Name=GPIO_2
Added Pin To Net: NetName=GPIO_3 Pin=P2-5
Added Net: Name=GPIO_3
Added Pin To Net: NetName=GPIO_4 Pin=P2-7
Added Net: Name=GPIO_4
Added Pin To Net: NetName=GPIO_5 Pin=P2-9
Added Net: Name=GPIO_5
Added Pin To Net: NetName=MIDI_IN Pin=P1-13
Added Net: Name=MIDI_IN
Added Pin To Net: NetName=MIDI_OUT Pin=P1-15
Added Net: Name=MIDI_OUT
Added Pin To Net: NetName=PWM_1 Pin=P1-9
Added Net: Name=PWM_1
Added Pin To Net: NetName=PWM_2 Pin=P1-11
Added Net: Name=PWM_2
Added Class: Name=U1
Added Room: Name=U1
